AST_ALT_ratio
Free_androgen_index
GGT_ALT_ratio
Non_albumin_ratio
Alanine_aminotransferase
Albumin
Alkaline_phosphatase
Apolipoprotein_A
Apolipoprotein_B_adjstatins
Apolipoprotein_B
Aspartate_aminotransferase
Calcium
Cholesterol_adjstatins
Cholesterol
C_reactive_protein
Creatinine_in_urine
Creatinine
Cystatin_C
Direct_bilirubin
eGFR
Fasting_glucose
Gamma_glutamyltransferase
Glucose
Glycated_haemoglobin_HbA1c
HDL_cholesterol
IGF_1
LDL_direct_adjstatins
LDL_direct
Lipoprotein_A
Microalbumin_in_urine
Non_albumin_protein
Oestradiol
Phosphate
Potassium_in_urine
Rheumatoid_factor
SHBG
Sodium_in_urine
Testosterone
Total_bilirubin
Total_protein
Triglycerides
Urate
Urea
Vitamin_D
