[1] ‘2.0.20’
[1] "HC326"
Start snpnet: 2019-10-22 16:39:12 
Preprocessing start: 2019-10-22 16:39:12 
File /oak/stanford/groups/mrivas/users/ytanigaw/repos/rivas-lab/public-resources/uk_biobank/biomarkers/snpnet/disease_outcome_223k/out/HC326/results/meta/pnas.rda exists. Computation skipped.
File /oak/stanford/groups/mrivas/users/ytanigaw/repos/rivas-lab/public-resources/uk_biobank/biomarkers/snpnet/disease_outcome_223k/out/HC326/results/meta/means.rda exists. Computation skipped.
Preprocessing end: 2019-10-22 16:39:22 

Recover iteration 28. Now time: 2019-10-22 16:39:22
Time elapsed on loading back features: 1.9216 mins 

Iteration 29. Now time: 2019-10-22 16:41:18
  Start updating feature matrix ...
  End updating feature matrix. Time elapsed: 51.0868 secs 
  -- Number of ever-active variables: 1982.
  -- Number of newly added variables: 1000.
  -- Total number of variables in the strong set: 2982.
  Start fitting Glmnet ...
  End fitting Glmnet. Elapsed time: 4.0722 mins 
  Start checking KKT condition ...
[1] "Time of convertion to validation matrix"
Time difference of 0.01149845 secs
[1] "Time of prediction on validation matrix"
Time difference of 5.984022 secs
  End checking KKT condition. Elapsed time: 2.7713 hours 
Time spent on this iteration: 2.8542 hours. Elapsed time since start: 2.8892 hours.

Iteration 30. Now time: 2019-10-22 19:32:34
  Start updating feature matrix ...
  End updating feature matrix. Time elapsed: 1.03 mins 
  -- Number of ever-active variables: 1982.
  -- Number of newly added variables: 1000.
  -- Total number of variables in the strong set: 2982.
  Start fitting Glmnet ...
  End fitting Glmnet. Elapsed time: 4.1417 mins 
  Start checking KKT condition ...
[1] "Time of convertion to validation matrix"
Time difference of 0.0212779 secs
[1] "Time of prediction on validation matrix"
Time difference of 6.090159 secs
  End checking KKT condition. Elapsed time: 2.8316 hours 
Time spent on this iteration: 2.9188 hours. Elapsed time since start: 5.8083 hours.

Iteration 31. Now time: 2019-10-22 22:27:43
  Start updating feature matrix ...
  End updating feature matrix. Time elapsed: 1.0893 mins 
  -- Number of ever-active variables: 1982.
  -- Number of newly added variables: 1000.
  -- Total number of variables in the strong set: 2982.
  Start fitting Glmnet ...
  End fitting Glmnet. Elapsed time: 4.386 mins 
  Start checking KKT condition ...
[1] "Time of convertion to validation matrix"
Time difference of 0.01089597 secs
[1] "Time of prediction on validation matrix"
Time difference of 5.744016 secs
  End checking KKT condition. Elapsed time: 2.768 hours 
Time spent on this iteration: 2.8598 hours. Elapsed time since start: 8.6683 hours.

Iteration 32. Now time: 2019-10-23 01:19:19
  Start updating feature matrix ...
  End updating feature matrix. Time elapsed: 57.6845 secs 
  -- Number of ever-active variables: 1982.
  -- Number of newly added variables: 1000.
  -- Total number of variables in the strong set: 2982.
  Start fitting Glmnet ...
  End fitting Glmnet. Elapsed time: 4.0596 mins 
  Start checking KKT condition ...
[1] "Time of convertion to validation matrix"
Time difference of 0.008511782 secs
[1] "Time of prediction on validation matrix"
Time difference of 5.516402 secs
  End checking KKT condition. Elapsed time: 2.6549 hours 
Time spent on this iteration: 2.7394 hours. Elapsed time since start: 11.408 hours.

Iteration 33. Now time: 2019-10-23 04:03:42
  Start updating feature matrix ...
  End updating feature matrix. Time elapsed: 1.0166 mins 
  -- Number of ever-active variables: 1982.
  -- Number of newly added variables: 1000.
  -- Total number of variables in the strong set: 2982.
  Start fitting Glmnet ...
  End fitting Glmnet. Elapsed time: 4.013 mins 
  Start checking KKT condition ...
[1] "Time of convertion to validation matrix"
Time difference of 0.02151823 secs
[1] "Time of prediction on validation matrix"
Time difference of 5.753216 secs
  End checking KKT condition. Elapsed time: 2.6459 hours 
Time spent on this iteration: 2.7307 hours. Elapsed time since start: 14.1389 hours.

Iteration 34. Now time: 2019-10-23 06:47:33
  Start updating feature matrix ...
  End updating feature matrix. Time elapsed: 58.1043 secs 
  -- Number of ever-active variables: 1982.
  -- Number of newly added variables: 1000.
  -- Total number of variables in the strong set: 2982.
  Start fitting Glmnet ...
  End fitting Glmnet. Elapsed time: 4.1929 mins 
  Start checking KKT condition ...
[1] "Time of convertion to validation matrix"
Time difference of 0.001086712 secs
[1] "Time of prediction on validation matrix"
Time difference of 5.701677 secs
  End checking KKT condition. Elapsed time: 2.6579 hours 
Time spent on this iteration: 2.7449 hours. Elapsed time since start: 16.884 hours.

Iteration 35. Now time: 2019-10-23 09:32:15
  Start updating feature matrix ...
  End updating feature matrix. Time elapsed: 1.0339 mins 
  -- Number of ever-active variables: 1982.
  -- Number of newly added variables: 1000.
  -- Total number of variables in the strong set: 2982.
  Start fitting Glmnet ...
  End fitting Glmnet. Elapsed time: 4.0479 mins 
  Start checking KKT condition ...
[1] "Time of convertion to validation matrix"
Time difference of 0.03176928 secs
[1] "Time of prediction on validation matrix"
Time difference of 5.477975 secs
  End checking KKT condition. Elapsed time: 2.6278 hours 
Time spent on this iteration: 2.713 hours. Elapsed time since start: 19.5972 hours.

Iteration 36. Now time: 2019-10-23 12:15:03
  Start updating feature matrix ...
  End updating feature matrix. Time elapsed: 1.1072 mins 
  -- Number of ever-active variables: 1982.
  -- Number of newly added variables: 1000.
  -- Total number of variables in the strong set: 2982.
  Start fitting Glmnet ...
  End fitting Glmnet. Elapsed time: 4.026 mins 
  Start checking KKT condition ...
[1] "Time of convertion to validation matrix"
Time difference of 0.02093935 secs
[1] "Time of prediction on validation matrix"
Time difference of 6.233828 secs
  End checking KKT condition. Elapsed time: 2.7566 hours 
Time spent on this iteration: 2.8429 hours. Elapsed time since start: 22.4403 hours.

Iteration 37. Now time: 2019-10-23 15:05:38
  Start updating feature matrix ...
  End updating feature matrix. Time elapsed: 1.1212 mins 
  -- Number of ever-active variables: 1982.
  -- Number of newly added variables: 1000.
  -- Total number of variables in the strong set: 2982.
  Start fitting Glmnet ...
  End fitting Glmnet. Elapsed time: 4.2192 mins 
  Start checking KKT condition ...
[1] "Time of convertion to validation matrix"
Time difference of 0.004680157 secs
[1] "Time of prediction on validation matrix"
Time difference of 5.975796 secs
  End checking KKT condition. Elapsed time: 2.7507 hours 
Time spent on this iteration: 2.8404 hours. Elapsed time since start: 1.0534 days.

Iteration 38. Now time: 2019-10-23 17:56:04
  Start updating feature matrix ...
  End updating feature matrix. Time elapsed: 59.721 secs 
  -- Number of ever-active variables: 1982.
  -- Number of newly added variables: 1000.
  -- Total number of variables in the strong set: 2982.
  Start fitting Glmnet ...
  End fitting Glmnet. Elapsed time: 4.0514 mins 
  Start checking KKT condition ...
[1] "Time of convertion to validation matrix"
Time difference of 0.008447647 secs
[1] "Time of prediction on validation matrix"
Time difference of 5.778458 secs
  End checking KKT condition. Elapsed time: 2.6601 hours 
Time spent on this iteration: 2.7448 hours. Elapsed time since start: 1.1677 days.

Iteration 39. Now time: 2019-10-23 20:40:46
  Start updating feature matrix ...
  End updating feature matrix. Time elapsed: 56.4608 secs 
  -- Number of ever-active variables: 1982.
  -- Number of newly added variables: 1000.
  -- Total number of variables in the strong set: 2982.
  Start fitting Glmnet ...
  End fitting Glmnet. Elapsed time: 4.1777 mins 
  Start checking KKT condition ...
[1] "Time of convertion to validation matrix"
Time difference of 0.01135874 secs
[1] "Time of prediction on validation matrix"
Time difference of 5.586845 secs
  End checking KKT condition. Elapsed time: 2.6454 hours 
Time spent on this iteration: 2.7313 hours. Elapsed time since start: 1.2816 days.

Iteration 40. Now time: 2019-10-23 23:24:40
  Start updating feature matrix ...
  End updating feature matrix. Time elapsed: 54.9781 secs 
  -- Number of ever-active variables: 1982.
  -- Number of newly added variables: 1000.
  -- Total number of variables in the strong set: 2982.
  Start fitting Glmnet ...
  End fitting Glmnet. Elapsed time: 3.8746 mins 
  Start checking KKT condition ...
[1] "Time of convertion to validation matrix"
Time difference of 0.02209735 secs
[1] "Time of prediction on validation matrix"
Time difference of 5.792799 secs
  End checking KKT condition. Elapsed time: 2.6438 hours 
Time spent on this iteration: 2.7246 hours. Elapsed time since start: 1.3951 days.

Iteration 41. Now time: 2019-10-24 02:08:09
  Start updating feature matrix ...
  End updating feature matrix. Time elapsed: 55.5151 secs 
  -- Number of ever-active variables: 1982.
  -- Number of newly added variables: 1000.
  -- Total number of variables in the strong set: 2982.
  Start fitting Glmnet ...
  End fitting Glmnet. Elapsed time: 4.0636 mins 
  Start checking KKT condition ...
[1] "Time of convertion to validation matrix"
Time difference of 0.002999544 secs
[1] "Time of prediction on validation matrix"
Time difference of 6.075645 secs
  End checking KKT condition. Elapsed time: 2.6554 hours 
Time spent on this iteration: 2.7395 hours. Elapsed time since start: 1.5093 days.

Iteration 42. Now time: 2019-10-24 04:52:32
  Start updating feature matrix ...
  End updating feature matrix. Time elapsed: 56.4525 secs 
  -- Number of ever-active variables: 1982.
  -- Number of newly added variables: 1000.
  -- Total number of variables in the strong set: 2982.
  Start fitting Glmnet ...
  End fitting Glmnet. Elapsed time: 4.1581 mins 
  Start checking KKT condition ...
[1] "Time of convertion to validation matrix"
Time difference of 0.02140236 secs
[1] "Time of prediction on validation matrix"
Time difference of 5.544622 secs
  End checking KKT condition. Elapsed time: 2.6357 hours 
Time spent on this iteration: 2.7217 hours. Elapsed time since start: 1.6227 days.

Iteration 43. Now time: 2019-10-24 07:35:52
  Start updating feature matrix ...
  End updating feature matrix. Time elapsed: 51.1754 secs 
  -- Number of ever-active variables: 1982.
  -- Number of newly added variables: 1000.
  -- Total number of variables in the strong set: 2982.
  Start fitting Glmnet ...
  End fitting Glmnet. Elapsed time: 4.1219 mins 
  Start checking KKT condition ...
[1] "Time of convertion to validation matrix"
Time difference of 0.01616073 secs
[1] "Time of prediction on validation matrix"
Time difference of 5.432443 secs
  End checking KKT condition. Elapsed time: 2.5971 hours 
Time spent on this iteration: 2.6809 hours. Elapsed time since start: 1.7344 days.

Iteration 44. Now time: 2019-10-24 10:16:44
  Start updating feature matrix ...
  End updating feature matrix. Time elapsed: 1.0146 mins 
  -- Number of ever-active variables: 1982.
  -- Number of newly added variables: 1000.
  -- Total number of variables in the strong set: 2982.
  Start fitting Glmnet ...
  End fitting Glmnet. Elapsed time: 3.8786 mins 
  Start checking KKT condition ...
[1] "Time of convertion to validation matrix"
Time difference of 0.03451562 secs
[1] "Time of prediction on validation matrix"
Time difference of 5.425662 secs
  End checking KKT condition. Elapsed time: 2.5192 hours 
Time spent on this iteration: 2.6013 hours. Elapsed time since start: 1.8428 days.

Iteration 45. Now time: 2019-10-24 12:52:50
  Start updating feature matrix ...
  End updating feature matrix. Time elapsed: 1.3013 mins 
  -- Number of ever-active variables: 1982.
  -- Number of newly added variables: 1000.
  -- Total number of variables in the strong set: 2982.
  Start fitting Glmnet ...
  End fitting Glmnet. Elapsed time: 3.8717 mins 
  Start checking KKT condition ...
[1] "Time of convertion to validation matrix"
Time difference of 0.04831767 secs
[1] "Time of prediction on validation matrix"
Time difference of 5.409001 secs
  End checking KKT condition. Elapsed time: 2.5218 hours 
Time spent on this iteration: 2.6089 hours. Elapsed time since start: 1.9515 days.

Iteration 46. Now time: 2019-10-24 15:29:22
  Start updating feature matrix ...
  End updating feature matrix. Time elapsed: 53.7528 secs 
  -- Number of ever-active variables: 1982.
  -- Number of newly added variables: 1000.
  -- Total number of variables in the strong set: 2982.
  Start fitting Glmnet ...
  End fitting Glmnet. Elapsed time: 3.8943 mins 
  Start checking KKT condition ...
[1] "Time of convertion to validation matrix"
Time difference of 0.01726604 secs
[1] "Time of prediction on validation matrix"
Time difference of 5.3584 secs
  End checking KKT condition. Elapsed time: 2.5245 hours 
Time spent on this iteration: 2.6052 hours. Elapsed time since start: 2.0601 days.

Iteration 47. Now time: 2019-10-24 18:05:42
  Start updating feature matrix ...
  End updating feature matrix. Time elapsed: 1.0067 mins 
  -- Number of ever-active variables: 1982.
  -- Number of newly added variables: 1000.
  -- Total number of variables in the strong set: 2982.
  Start fitting Glmnet ...
  End fitting Glmnet. Elapsed time: 3.8953 mins 
  Start checking KKT condition ...
[1] "Time of convertion to validation matrix"
Time difference of 0.03034163 secs
[1] "Time of prediction on validation matrix"
Time difference of 5.370222 secs
  End checking KKT condition. Elapsed time: 2.5367 hours 
Time spent on this iteration: 2.6193 hours. Elapsed time since start: 2.1692 days.

Iteration 48. Now time: 2019-10-24 20:42:52
  Start updating feature matrix ...
  End updating feature matrix. Time elapsed: 52.3082 secs 
  -- Number of ever-active variables: 1982.
  -- Number of newly added variables: 1000.
  -- Total number of variables in the strong set: 2982.
  Start fitting Glmnet ...
  End fitting Glmnet. Elapsed time: 3.8779 mins 
  Start checking KKT condition ...
[1] "Time of convertion to validation matrix"
Time difference of 0.01007771 secs
[1] "Time of prediction on validation matrix"
Time difference of 5.364163 secs
  End checking KKT condition. Elapsed time: 2.526 hours 
Time spent on this iteration: 2.6058 hours. Elapsed time since start: 2.2778 days.

Iteration 49. Now time: 2019-10-24 23:19:14
  Start updating feature matrix ...
  End updating feature matrix. Time elapsed: 51.9265 secs 
  -- Number of ever-active variables: 1982.
  -- Number of newly added variables: 1000.
  -- Total number of variables in the strong set: 2982.
  Start fitting Glmnet ...
  End fitting Glmnet. Elapsed time: 3.8671 mins 
  Start checking KKT condition ...
[1] "Time of convertion to validation matrix"
Time difference of 0.02276993 secs
[1] "Time of prediction on validation matrix"
Time difference of 5.371442 secs
  End checking KKT condition. Elapsed time: 2.5184 hours 
Time spent on this iteration: 2.5981 hours. Elapsed time since start: 2.3861 days.

Iteration 50. Now time: 2019-10-25 01:55:08
  Start updating feature matrix ...
  End updating feature matrix. Time elapsed: 52.3109 secs 
  -- Number of ever-active variables: 1982.
  -- Number of newly added variables: 1000.
  -- Total number of variables in the strong set: 2982.
  Start fitting Glmnet ...
  End fitting Glmnet. Elapsed time: 3.8597 mins 
  Start checking KKT condition ...
[1] "Time of convertion to validation matrix"
Time difference of 0.008083582 secs
[1] "Time of prediction on validation matrix"
Time difference of 5.369824 secs
  End checking KKT condition. Elapsed time: 2.5295 hours 
Time spent on this iteration: 2.6093 hours. Elapsed time since start: 2.4948 days.

Iteration 51. Now time: 2019-10-25 04:31:43
  Start updating feature matrix ...
  End updating feature matrix. Time elapsed: 50.8876 secs 
  -- Number of ever-active variables: 1982.
  -- Number of newly added variables: 1000.
  -- Total number of variables in the strong set: 2982.
  Start fitting Glmnet ...
  End fitting Glmnet. Elapsed time: 3.9088 mins 
  Start checking KKT condition ...
[1] "Time of convertion to validation matrix"
Time difference of 0.04404712 secs
[1] "Time of prediction on validation matrix"
Time difference of 5.344723 secs
  End checking KKT condition. Elapsed time: 2.53 hours 
Time spent on this iteration: 2.6103 hours. Elapsed time since start: 2.6036 days.

Iteration 52. Now time: 2019-10-25 07:08:21
  Start updating feature matrix ...
  End updating feature matrix. Time elapsed: 51.8651 secs 
  -- Number of ever-active variables: 1982.
  -- Number of newly added variables: 1000.
  -- Total number of variables in the strong set: 2982.
  Start fitting Glmnet ...
  End fitting Glmnet. Elapsed time: 3.8694 mins 
  Start checking KKT condition ...
[1] "Time of convertion to validation matrix"
Time difference of 0.05675268 secs
[1] "Time of prediction on validation matrix"
Time difference of 5.451614 secs
  End checking KKT condition. Elapsed time: 2.5274 hours 
Time spent on this iteration: 2.6072 hours. Elapsed time since start: 2.7122 days.

Iteration 53. Now time: 2019-10-25 09:44:47
  Start updating feature matrix ...
  End updating feature matrix. Time elapsed: 1.2602 mins 
  -- Number of ever-active variables: 1982.
  -- Number of newly added variables: 1000.
  -- Total number of variables in the strong set: 2982.
  Start fitting Glmnet ...
  End fitting Glmnet. Elapsed time: 3.8878 mins 
  Start checking KKT condition ...
