[1] ‘2.0.20’
[1] "cancer1024"
Start snpnet: 2019-10-18 09:36:49 
Preprocessing start: 2019-10-18 09:36:49 
  Start computing stats for pnas ...
  End computing stats for pnas. Time elapsed: 36.7475 mins
  Start computing stats for means ...
  End computing stats for means. Time elapsed: 52.6108 mins
Preprocessing end: 2019-10-18 11:06:19 

Iteration 0. Now time: 2019-10-18 11:06:19 
  Start computing inner product for initialization ...
  End computing inner product for initialization. Elapsed time: 5.721 mins 

Iteration 1. Now time: 2019-10-18 11:12:06
  Start updating feature matrix ...
  End updating feature matrix. Time elapsed: 58.1351 secs 
  -- Number of ever-active variables: 7.
  -- Number of newly added variables: 1000.
  -- Total number of variables in the strong set: 1007.
  Start fitting Glmnet ...
  End fitting Glmnet. Elapsed time: 35.9066 secs 
  Start checking KKT condition ...
[1] "Time of convertion to validation matrix"
Time difference of 0.0002071857 secs
[1] "Time of prediction on validation matrix"
Time difference of 1.248727 secs
  End checking KKT condition. Elapsed time: 22.6133 mins 
  -- Finished Lambda 1. Training Metric: 0.6678477. Validation Metric:  0.6766588 
  -- Finished Lambda 2. Training Metric: 0.669839. Validation Metric:  0.6779983 
  -- Finished Lambda 3. Training Metric: 0.6785432. Validation Metric:  0.677006 
  -- Finished Lambda 4. Training Metric: 0.7049663. Validation Metric:  0.6711938 
  -- Finished Lambda 5. Training Metric: 0.7474733. Validation Metric:  0.6609493 
  -- Finished Lambda 6. Training Metric: 0.8015589. Validation Metric:  0.6494511 
  -- Finished Lambda 7. Training Metric: 0.8621772. Validation Metric:  0.634728 
  -- Finished Lambda 8. Training Metric: 0.917964. Validation Metric:  0.6190402 
  -- Finished Lambda 9. Training Metric: 0.957464. Validation Metric:  0.6011302 
Time spent on this iteration: 24.2071 mins. Elapsed time since start: 1.9917 hours.

Early stopped at iteration 1 with validation metric: 0.6779983.
Previous ones: 0.619040152204176, 0.60113018142948.
End snpnet: 2019-10-18 11:36:19 
Total time elapsed: 1.991665 hours 
