[1] ‘2.0.20’
[1] "HC188"
Start snpnet: 2019-10-20 13:22:27 
Preprocessing start: 2019-10-20 13:22:27 
File /oak/stanford/groups/mrivas/users/ytanigaw/repos/rivas-lab/public-resources/uk_biobank/biomarkers/snpnet/disease_outcome_223k/out/HC188/results/meta/pnas.rda exists. Computation skipped.
File /oak/stanford/groups/mrivas/users/ytanigaw/repos/rivas-lab/public-resources/uk_biobank/biomarkers/snpnet/disease_outcome_223k/out/HC188/results/meta/means.rda exists. Computation skipped.
Preprocessing end: 2019-10-20 13:22:38 

Recover iteration 15. Now time: 2019-10-20 13:22:38
Time elapsed on loading back features: 1.7583 mins 

Iteration 16. Now time: 2019-10-20 13:24:25
  Start updating feature matrix ...
  End updating feature matrix. Time elapsed: 48.1194 secs 
  -- Number of ever-active variables: 2068.
  -- Number of newly added variables: 1000.
  -- Total number of variables in the strong set: 3068.
  Start fitting Glmnet ...
  End fitting Glmnet. Elapsed time: 6.484 mins 
  Start checking KKT condition ...
[1] "Time of convertion to validation matrix"
Time difference of 0.01521373 secs
[1] "Time of prediction on validation matrix"
Time difference of 7.191346 secs
  End checking KKT condition. Elapsed time: 5.1965 hours 
Time spent on this iteration: 5.3188 hours. Elapsed time since start: 5.3514 hours.

Iteration 17. Now time: 2019-10-20 18:43:33
  Start updating feature matrix ...
  End updating feature matrix. Time elapsed: 1.1967 mins 
  -- Number of ever-active variables: 2068.
  -- Number of newly added variables: 1000.
  -- Total number of variables in the strong set: 3068.
  Start fitting Glmnet ...
  End fitting Glmnet. Elapsed time: 7.5707 mins 
  Start checking KKT condition ...
[1] "Time of convertion to validation matrix"
Time difference of 0.01454759 secs
[1] "Time of prediction on validation matrix"
Time difference of 7.988393 secs
  End checking KKT condition. Elapsed time: 4.9355 hours 
Time spent on this iteration: 5.0822 hours. Elapsed time since start: 10.4338 hours.

Iteration 18. Now time: 2019-10-20 23:48:30
  Start updating feature matrix ...
  End updating feature matrix. Time elapsed: 2.0715 mins 
  -- Number of ever-active variables: 2068.
  -- Number of newly added variables: 1000.
  -- Total number of variables in the strong set: 3068.
  Start fitting Glmnet ...
  End fitting Glmnet. Elapsed time: 7.2215 mins 
  Start checking KKT condition ...
[1] "Time of convertion to validation matrix"
Time difference of 0.03139019 secs
[1] "Time of prediction on validation matrix"
Time difference of 6.884483 secs
  End checking KKT condition. Elapsed time: 5.017 hours 
Time spent on this iteration: 5.1724 hours. Elapsed time since start: 15.6064 hours.

Iteration 19. Now time: 2019-10-21 04:58:51
  Start updating feature matrix ...
  End updating feature matrix. Time elapsed: 1.0888 mins 
  -- Number of ever-active variables: 2068.
  -- Number of newly added variables: 1000.
  -- Total number of variables in the strong set: 3068.
  Start fitting Glmnet ...
  End fitting Glmnet. Elapsed time: 7.4071 mins 
  Start checking KKT condition ...
[1] "Time of convertion to validation matrix"
Time difference of 0.01270938 secs
[1] "Time of prediction on validation matrix"
Time difference of 6.560017 secs
  End checking KKT condition. Elapsed time: 5.1837 hours 
Time spent on this iteration: 5.3259 hours. Elapsed time since start: 20.9326 hours.

Iteration 20. Now time: 2019-10-21 10:18:26
  Start updating feature matrix ...
  End updating feature matrix. Time elapsed: 1.1645 mins 
  -- Number of ever-active variables: 2068.
  -- Number of newly added variables: 1000.
  -- Total number of variables in the strong set: 3068.
  Start fitting Glmnet ...
  End fitting Glmnet. Elapsed time: 6.3543 mins 
  Start checking KKT condition ...
[1] "Time of convertion to validation matrix"
Time difference of 0.01172423 secs
[1] "Time of prediction on validation matrix"
Time difference of 6.567991 secs
  End checking KKT condition. Elapsed time: 5.0998 hours 
Time spent on this iteration: 5.2257 hours. Elapsed time since start: 1.0899 days.

Iteration 21. Now time: 2019-10-21 15:32:00
  Start updating feature matrix ...
  End updating feature matrix. Time elapsed: 1.1039 mins 
  -- Number of ever-active variables: 2068.
  -- Number of newly added variables: 1000.
  -- Total number of variables in the strong set: 3068.
  Start fitting Glmnet ...
  End fitting Glmnet. Elapsed time: 6.6689 mins 
  Start checking KKT condition ...
[1] "Time of convertion to validation matrix"
Time difference of 0.01489234 secs
[1] "Time of prediction on validation matrix"
Time difference of 7.304706 secs
  End checking KKT condition. Elapsed time: 4.9476 hours 
Time spent on this iteration: 5.078 hours. Elapsed time since start: 1.3015 days.

Iteration 22. Now time: 2019-10-21 20:36:41
  Start updating feature matrix ...
  End updating feature matrix. Time elapsed: 1.1698 mins 
  -- Number of ever-active variables: 2068.
  -- Number of newly added variables: 1000.
  -- Total number of variables in the strong set: 3068.
  Start fitting Glmnet ...
  End fitting Glmnet. Elapsed time: 6.7519 mins 
  Start checking KKT condition ...
[1] "Time of convertion to validation matrix"
Time difference of 0.009536028 secs
[1] "Time of prediction on validation matrix"
Time difference of 8.144297 secs
  End checking KKT condition. Elapsed time: 5.2032 hours 
Time spent on this iteration: 5.3363 hours. Elapsed time since start: 1.5239 days.

Iteration 23. Now time: 2019-10-22 01:56:53
  Start updating feature matrix ...
  End updating feature matrix. Time elapsed: 1.2059 mins 
  -- Number of ever-active variables: 2068.
  -- Number of newly added variables: 1000.
  -- Total number of variables in the strong set: 3068.
  Start fitting Glmnet ...
  End fitting Glmnet. Elapsed time: 7.417 mins 
  Start checking KKT condition ...
[1] "Time of convertion to validation matrix"
Time difference of 0.0278554 secs
[1] "Time of prediction on validation matrix"
Time difference of 6.470828 secs
  End checking KKT condition. Elapsed time: 5.4271 hours 
Time spent on this iteration: 5.5717 hours. Elapsed time since start: 1.7561 days.

Iteration 24. Now time: 2019-10-22 07:31:12
  Start updating feature matrix ...
  End updating feature matrix. Time elapsed: 5.057 mins 
  -- Number of ever-active variables: 2068.
  -- Number of newly added variables: 1000.
  -- Total number of variables in the strong set: 3068.
  Start fitting Glmnet ...
  End fitting Glmnet. Elapsed time: 7.7751 mins 
  Start checking KKT condition ...
[1] "Time of convertion to validation matrix"
Time difference of 0.01832604 secs
[1] "Time of prediction on validation matrix"
Time difference of 7.579463 secs
  End checking KKT condition. Elapsed time: 5.1573 hours 
Time spent on this iteration: 5.3718 hours. Elapsed time since start: 1.9799 days.

Iteration 25. Now time: 2019-10-22 12:53:33
  Start updating feature matrix ...
  End updating feature matrix. Time elapsed: 1.1309 mins 
  -- Number of ever-active variables: 2068.
  -- Number of newly added variables: 1000.
  -- Total number of variables in the strong set: 3068.
  Start fitting Glmnet ...
  End fitting Glmnet. Elapsed time: 8.7323 mins 
  Start checking KKT condition ...
