[1] ‘2.0.20’
[1] "cancer1034"
Start snpnet: 2019-10-18 09:37:12 
Preprocessing start: 2019-10-18 09:37:12 
  Start computing stats for pnas ...
  End computing stats for pnas. Time elapsed: 34.66 mins
  Start computing stats for means ...
  End computing stats for means. Time elapsed: 50.0242 mins
Preprocessing end: 2019-10-18 11:02:01 

Iteration 0. Now time: 2019-10-18 11:02:01 
  Start computing inner product for initialization ...
  End computing inner product for initialization. Elapsed time: 7.7436 mins 

Iteration 1. Now time: 2019-10-18 11:09:49
  Start updating feature matrix ...
  End updating feature matrix. Time elapsed: 52.0054 secs 
  -- Number of ever-active variables: 7.
  -- Number of newly added variables: 1000.
  -- Total number of variables in the strong set: 1007.
  Start fitting Glmnet ...
  End fitting Glmnet. Elapsed time: 14.2694 secs 
  Start checking KKT condition ...
[1] "Time of convertion to validation matrix"
Time difference of 0.0001871586 secs
[1] "Time of prediction on validation matrix"
Time difference of 1.136374 secs
  End checking KKT condition. Elapsed time: 23.227 mins 
  -- Finished Lambda 1. Training Metric: 0.6853792. Validation Metric:  0.6643948 
  -- Finished Lambda 2. Training Metric: 0.6857321. Validation Metric:  0.6640873 
  -- Finished Lambda 3. Training Metric: 0.6868458. Validation Metric:  0.6641355 
  -- Finished Lambda 4. Training Metric: 0.6880671. Validation Metric:  0.6642234 
  -- Finished Lambda 5. Training Metric: 0.6898316. Validation Metric:  0.6642493 
  -- Finished Lambda 6. Training Metric: 0.6935612. Validation Metric:  0.6635385 
  -- Finished Lambda 7. Training Metric: 0.7012343. Validation Metric:  0.6612289 
  -- Finished Lambda 8. Training Metric: 0.7137257. Validation Metric:  0.6579114 
  -- Finished Lambda 9. Training Metric: 0.7318654. Validation Metric:  0.6528554 
  -- Finished Lambda 10. Training Metric: 0.756615. Validation Metric:  0.6485081 
Time spent on this iteration: 24.3827 mins. Elapsed time since start: 1.9501 hours.

Early stopped at iteration 1 with validation metric: 0.6643948.
Previous ones: 0.652855423208353, 0.648508058685627.
End snpnet: 2019-10-18 11:34:12 
Total time elapsed: 1.95007 hours 
