[1] ‘2.0.20’
[1] "HC294"
Start snpnet: 2019-10-18 11:05:16 
Preprocessing start: 2019-10-18 11:05:16 
  Start computing stats for pnas ...
  End computing stats for pnas. Time elapsed: 34.5437 mins
  Start computing stats for means ...
  End computing stats for means. Time elapsed: 48.7106 mins
Preprocessing end: 2019-10-18 12:28:41 

Iteration 0. Now time: 2019-10-18 12:28:41 
  Start computing inner product for initialization ...
  End computing inner product for initialization. Elapsed time: 11.0686 mins 

Iteration 1. Now time: 2019-10-18 12:39:49
  Start updating feature matrix ...
  End updating feature matrix. Time elapsed: 1.0681 mins 
  -- Number of ever-active variables: 7.
  -- Number of newly added variables: 1000.
  -- Total number of variables in the strong set: 1007.
  Start fitting Glmnet ...
  End fitting Glmnet. Elapsed time: 15.9528 secs 
  Start checking KKT condition ...
[1] "Time of convertion to validation matrix"
Time difference of 0.0002670288 secs
[1] "Time of prediction on validation matrix"
Time difference of 2.363154 secs
  End checking KKT condition. Elapsed time: 26.3504 mins 
  -- Finished Lambda 1. Training Metric: 0.7025557. Validation Metric:  0.7100551 
  -- Finished Lambda 2. Training Metric: 0.7026752. Validation Metric:  0.7101101 
  -- Finished Lambda 3. Training Metric: 0.7028877. Validation Metric:  0.7101674 
  -- Finished Lambda 4. Training Metric: 0.7031261. Validation Metric:  0.7102043 
  -- Finished Lambda 5. Training Metric: 0.703566. Validation Metric:  0.7101398 
  -- Finished Lambda 6. Training Metric: 0.7044823. Validation Metric:  0.7101237 
  -- Finished Lambda 7. Training Metric: 0.7059421. Validation Metric:  0.709946 
  -- Finished Lambda 8. Training Metric: 0.7084422. Validation Metric:  0.709535 
  -- Finished Lambda 9. Training Metric: 0.7118173. Validation Metric:  0.7094362 
  -- Finished Lambda 10. Training Metric: 0.7168921. Validation Metric:  0.7092797 
Time spent on this iteration: 27.7385 mins. Elapsed time since start: 2.0381 hours.

Early stopped at iteration 1 with validation metric: 0.7102043.
Previous ones: 0.709436220393093, 0.709279694144915.
End snpnet: 2019-10-18 13:07:33 
Total time elapsed: 2.038136 hours 
