[1] ‘2.0.20’
[1] "cancer1060"
Start snpnet: 2019-10-18 09:38:11 
Preprocessing start: 2019-10-18 09:38:11 
  Start computing stats for pnas ...
  End computing stats for pnas. Time elapsed: 36.1418 mins
  Start computing stats for means ...
  End computing stats for means. Time elapsed: 56.6197 mins
Preprocessing end: 2019-10-18 11:11:04 

Iteration 0. Now time: 2019-10-18 11:11:04 
  Start computing inner product for initialization ...
  End computing inner product for initialization. Elapsed time: 5.4734 mins 

Iteration 1. Now time: 2019-10-18 11:16:36
  Start updating feature matrix ...
  End updating feature matrix. Time elapsed: 54.0553 secs 
  -- Number of ever-active variables: 7.
  -- Number of newly added variables: 1000.
  -- Total number of variables in the strong set: 1007.
  Start fitting Glmnet ...
  End fitting Glmnet. Elapsed time: 12.6021 secs 
  Start checking KKT condition ...
[1] "Time of convertion to validation matrix"
Time difference of 0.0002391338 secs
[1] "Time of prediction on validation matrix"
Time difference of 1.347814 secs
  End checking KKT condition. Elapsed time: 27.6213 mins 
  -- Finished Lambda 1. Training Metric: 0.6685523. Validation Metric:  0.6684472 
  -- Finished Lambda 2. Training Metric: 0.6692875. Validation Metric:  0.6691733 
  -- Finished Lambda 3. Training Metric: 0.6699527. Validation Metric:  0.6698468 
  -- Finished Lambda 4. Training Metric: 0.6705471. Validation Metric:  0.6704406 
  -- Finished Lambda 5. Training Metric: 0.6710833. Validation Metric:  0.6709609 
  -- Finished Lambda 6. Training Metric: 0.6715656. Validation Metric:  0.6714346 
  -- Finished Lambda 7. Training Metric: 0.6719982. Validation Metric:  0.6718535 
  -- Finished Lambda 8. Training Metric: 0.6725392. Validation Metric:  0.6723023 
  -- Finished Lambda 9. Training Metric: 0.6732909. Validation Metric:  0.6728194 
  -- Finished Lambda 10. Training Metric: 0.6741222. Validation Metric:  0.6733587 
Time spent on this iteration: 28.7585 mins. Elapsed time since start: 2.1197 hours.

Iteration 2. Now time: 2019-10-18 11:45:23
  Start updating feature matrix ...
  End updating feature matrix. Time elapsed: 44.5168 secs 
  -- Number of ever-active variables: 10.
  -- Number of newly added variables: 1000.
  -- Total number of variables in the strong set: 1010.
  Start fitting Glmnet ...
  End fitting Glmnet. Elapsed time: 15.5138 secs 
  Start checking KKT condition ...
[1] "Time of convertion to validation matrix"
Time difference of 0.0005378723 secs
[1] "Time of prediction on validation matrix"
Time difference of 1.913479 secs
  End checking KKT condition. Elapsed time: 37.7963 mins 
  -- Finished Lambda 11. Training Metric: 0.6748749. Validation Metric:  0.6738297 
  -- Finished Lambda 12. Training Metric: 0.6756518. Validation Metric:  0.6743436 
  -- Finished Lambda 13. Training Metric: 0.67684. Validation Metric:  0.6751872 
  -- Finished Lambda 14. Training Metric: 0.6779816. Validation Metric:  0.676008 
  -- Finished Lambda 15. Training Metric: 0.6790111. Validation Metric:  0.6767513 
Time spent on this iteration: 38.825 mins. Elapsed time since start: 2.7669 hours.

Iteration 3. Now time: 2019-10-18 12:24:13
  Start updating feature matrix ...
  End updating feature matrix. Time elapsed: 54.7964 secs 
  -- Number of ever-active variables: 14.
  -- Number of newly added variables: 1000.
  -- Total number of variables in the strong set: 1014.
  Start fitting Glmnet ...
  End fitting Glmnet. Elapsed time: 21.1606 secs 
  Start checking KKT condition ...
[1] "Time of convertion to validation matrix"
Time difference of 0.0002844334 secs
[1] "Time of prediction on validation matrix"
Time difference of 2.38921 secs
  End checking KKT condition. Elapsed time: 49.4749 mins 
  -- Finished Lambda 16. Training Metric: 0.6799966. Validation Metric:  0.6774461 
  -- Finished Lambda 17. Training Metric: 0.6810988. Validation Metric:  0.6781591 
  -- Finished Lambda 18. Training Metric: 0.6824994. Validation Metric:  0.6792118 
  -- Finished Lambda 19. Training Metric: 0.6840257. Validation Metric:  0.6805072 
  -- Finished Lambda 20. Training Metric: 0.6854985. Validation Metric:  0.6817559 
Time spent on this iteration: 50.7711 mins. Elapsed time since start: 3.6134 hours.

Iteration 4. Now time: 2019-10-18 13:15:01
  Start updating feature matrix ...
  End updating feature matrix. Time elapsed: 50.5392 secs 
  -- Number of ever-active variables: 28.
  -- Number of newly added variables: 1000.
  -- Total number of variables in the strong set: 1028.
  Start fitting Glmnet ...
  End fitting Glmnet. Elapsed time: 24.5508 secs 
  Start checking KKT condition ...
[1] "Time of convertion to validation matrix"
Time difference of 0.005685568 secs
[1] "Time of prediction on validation matrix"
Time difference of 2.34587 secs
  End checking KKT condition. Elapsed time: 1.1106 hours 
  -- Finished Lambda 21. Training Metric: 0.6869127. Validation Metric:  0.6830048 
  -- Finished Lambda 22. Training Metric: 0.6883314. Validation Metric:  0.6841722 
  -- Finished Lambda 23. Training Metric: 0.6897846. Validation Metric:  0.6853557 
  -- Finished Lambda 24. Training Metric: 0.6913142. Validation Metric:  0.686566 
  -- Finished Lambda 25. Training Metric: 0.6930081. Validation Metric:  0.6879492 
Time spent on this iteration: 1.1322 hours. Elapsed time since start: 4.746 hours.

Iteration 5. Now time: 2019-10-18 14:22:57
  Start updating feature matrix ...
  End updating feature matrix. Time elapsed: 47.9657 secs 
  -- Number of ever-active variables: 49.
  -- Number of newly added variables: 1000.
  -- Total number of variables in the strong set: 1049.
  Start fitting Glmnet ...
  End fitting Glmnet. Elapsed time: 35.1076 secs 
  Start checking KKT condition ...
[1] "Time of convertion to validation matrix"
Time difference of 0.01302123 secs
[1] "Time of prediction on validation matrix"
Time difference of 3.233222 secs
  End checking KKT condition. Elapsed time: 1.4963 hours 
  -- Finished Lambda 26. Training Metric: 0.6948365. Validation Metric:  0.6893916 
  -- Finished Lambda 27. Training Metric: 0.6966057. Validation Metric:  0.6907661 
  -- Finished Lambda 28. Training Metric: 0.6982564. Validation Metric:  0.6919859 
  -- Finished Lambda 29. Training Metric: 0.6998198. Validation Metric:  0.6931155 
  -- Finished Lambda 30. Training Metric: 0.7014973. Validation Metric:  0.6942871 
Time spent on this iteration: 1.5199 hours. Elapsed time since start: 6.266 hours.

Iteration 6. Now time: 2019-10-18 15:54:10
  Start updating feature matrix ...
  End updating feature matrix. Time elapsed: 55.7357 secs 
  -- Number of ever-active variables: 78.
  -- Number of newly added variables: 1000.
  -- Total number of variables in the strong set: 1078.
  Start fitting Glmnet ...
  End fitting Glmnet. Elapsed time: 35.4407 secs 
  Start checking KKT condition ...
[1] "Time of convertion to validation matrix"
Time difference of 0.0144546 secs
[1] "Time of prediction on validation matrix"
Time difference of 3.009845 secs
  End checking KKT condition. Elapsed time: 2.9871 hours 
  -- Finished Lambda 31. Training Metric: 0.7033538. Validation Metric:  0.6955307 
  -- Finished Lambda 32. Training Metric: 0.7054659. Validation Metric:  0.6968865 
  -- Finished Lambda 33. Training Metric: 0.7076959. Validation Metric:  0.6982187 
  -- Finished Lambda 34. Training Metric: 0.7102852. Validation Metric:  0.6995667 
  -- Finished Lambda 35. Training Metric: 0.7134249. Validation Metric:  0.7007748 
Time spent on this iteration: 3.0132 hours. Elapsed time since start: 9.2795 hours.

Iteration 7. Now time: 2019-10-18 18:54:58
  Start updating feature matrix ...
  End updating feature matrix. Time elapsed: 1.0227 mins 
  -- Number of ever-active variables: 236.
  -- Number of newly added variables: 1000.
  -- Total number of variables in the strong set: 1236.
  Start fitting Glmnet ...
  End fitting Glmnet. Elapsed time: 1.1428 mins 
  Start checking KKT condition ...
[1] "Time of convertion to validation matrix"
Time difference of 0.01250315 secs
[1] "Time of prediction on validation matrix"
Time difference of 4.385969 secs
  End checking KKT condition. Elapsed time: 3.5419 hours 
  -- Finished Lambda 36. Training Metric: 0.7171746. Validation Metric:  0.7018556 
  -- Finished Lambda 37. Training Metric: 0.7218641. Validation Metric:  0.7030526 
  -- Finished Lambda 38. Training Metric: 0.7277305. Validation Metric:  0.704106 
Time spent on this iteration: 3.5788 hours. Elapsed time since start: 12.8586 hours.

Iteration 8. Now time: 2019-10-18 22:29:43
  Start updating feature matrix ...
  End updating feature matrix. Time elapsed: 1.0909 mins 
  -- Number of ever-active variables: 579.
  -- Number of newly added variables: 1000.
  -- Total number of variables in the strong set: 1579.
  Start fitting Glmnet ...
  End fitting Glmnet. Elapsed time: 2.2899 mins 
  Start checking KKT condition ...
[1] "Time of convertion to validation matrix"
Time difference of 0.005272627 secs
[1] "Time of prediction on validation matrix"
Time difference of 4.291805 secs
  End checking KKT condition. Elapsed time: 4.0446 hours 
  -- Finished Lambda 39. Training Metric: 0.7348338. Validation Metric:  0.7050049 
  -- Finished Lambda 40. Training Metric: 0.7432342. Validation Metric:  0.7059203 
Time spent on this iteration: 4.1015 hours. Elapsed time since start: 16.9603 hours.

Iteration 9. Now time: 2019-10-19 02:35:49
  Start updating feature matrix ...
  End updating feature matrix. Time elapsed: 1.0071 mins 
  -- Number of ever-active variables: 1048.
  -- Number of newly added variables: 1000.
  -- Total number of variables in the strong set: 2048.
  Start fitting Glmnet ...
  End fitting Glmnet. Elapsed time: 2.9224 mins 
  Start checking KKT condition ...
[1] "Time of convertion to validation matrix"
Time difference of 0.01243067 secs
[1] "Time of prediction on validation matrix"
Time difference of 6.027289 secs
  End checking KKT condition. Elapsed time: 3.9444 hours 
  -- Finished Lambda 41. Training Metric: 0.7533122. Validation Metric:  0.7068105 
Time spent on this iteration: 4.0107 hours. Elapsed time since start: 20.9712 hours.

Iteration 10. Now time: 2019-10-19 06:36:28
  Start updating feature matrix ...
  End updating feature matrix. Time elapsed: 1.0258 mins 
  -- Number of ever-active variables: 1369.
  -- Number of newly added variables: 1000.
  -- Total number of variables in the strong set: 2369.
  Start fitting Glmnet ...
  End fitting Glmnet. Elapsed time: 3.1692 mins 
  Start checking KKT condition ...
[1] "Time of convertion to validation matrix"
Time difference of 0.007145405 secs
[1] "Time of prediction on validation matrix"
Time difference of 6.23313 secs
  End checking KKT condition. Elapsed time: 3.8182 hours 
  -- Finished Lambda 42. Training Metric: 0.7647307. Validation Metric:  0.7075195 
Time spent on this iteration: 3.8889 hours. Elapsed time since start: 1.0358 days.

Iteration 11. Now time: 2019-10-19 10:29:49
  Start updating feature matrix ...
  End updating feature matrix. Time elapsed: 1.234 mins 
  -- Number of ever-active variables: 1769.
  -- Number of newly added variables: 1000.
  -- Total number of variables in the strong set: 2769.
  Start fitting Glmnet ...
  End fitting Glmnet. Elapsed time: 5.1905 mins 
  Start checking KKT condition ...
[1] "Time of convertion to validation matrix"
Time difference of 0.01324105 secs
[1] "Time of prediction on validation matrix"
Time difference of 6.743014 secs
  End checking KKT condition. Elapsed time: 4.816 hours 
Time spent on this iteration: 4.9237 hours. Elapsed time since start: 1.241 days.

Iteration 12. Now time: 2019-10-19 15:25:15
  Start updating feature matrix ...
  End updating feature matrix. Time elapsed: 1.0327 mins 
  -- Number of ever-active variables: 1769.
  -- Number of newly added variables: 1000.
  -- Total number of variables in the strong set: 2769.
  Start fitting Glmnet ...
  End fitting Glmnet. Elapsed time: 5.3065 mins 
  Start checking KKT condition ...
[1] "Time of convertion to validation matrix"
Time difference of 0.0109396 secs
[1] "Time of prediction on validation matrix"
Time difference of 6.990937 secs
  End checking KKT condition. Elapsed time: 4.3115 hours 
Time spent on this iteration: 4.4177 hours. Elapsed time since start: 1.4251 days.

Iteration 13. Now time: 2019-10-19 19:50:19
  Start updating feature matrix ...
  End updating feature matrix. Time elapsed: 1.1171 mins 
  -- Number of ever-active variables: 1769.
  -- Number of newly added variables: 1000.
  -- Total number of variables in the strong set: 2769.
  Start fitting Glmnet ...
  End fitting Glmnet. Elapsed time: 5.9313 mins 
  Start checking KKT condition ...
[1] "Time of convertion to validation matrix"
Time difference of 0.008712292 secs
[1] "Time of prediction on validation matrix"
Time difference of 5.896958 secs
  End checking KKT condition. Elapsed time: 4.2731 hours 
Time spent on this iteration: 4.3914 hours. Elapsed time since start: 1.6081 days.

Iteration 14. Now time: 2019-10-20 00:13:49
  Start updating feature matrix ...
  End updating feature matrix. Time elapsed: 1.065 mins 
  -- Number of ever-active variables: 1769.
  -- Number of newly added variables: 1000.
  -- Total number of variables in the strong set: 2769.
  Start fitting Glmnet ...
  End fitting Glmnet. Elapsed time: 5.7647 mins 
  Start checking KKT condition ...
[1] "Time of convertion to validation matrix"
Time difference of 0.007681608 secs
[1] "Time of prediction on validation matrix"
Time difference of 5.519361 secs
  End checking KKT condition. Elapsed time: 4.0482 hours 
Time spent on this iteration: 4.1624 hours. Elapsed time since start: 1.7815 days.

Iteration 15. Now time: 2019-10-20 04:23:35
  Start updating feature matrix ...
  End updating feature matrix. Time elapsed: 1.0058 mins 
  -- Number of ever-active variables: 1769.
  -- Number of newly added variables: 1000.
  -- Total number of variables in the strong set: 2769.
  Start fitting Glmnet ...
  End fitting Glmnet. Elapsed time: 5.6267 mins 
  Start checking KKT condition ...
[1] "Time of convertion to validation matrix"
Time difference of 0.007338047 secs
[1] "Time of prediction on validation matrix"
Time difference of 5.785637 secs
  End checking KKT condition. Elapsed time: 4.0663 hours 
Time spent on this iteration: 4.1774 hours. Elapsed time since start: 1.9556 days.

Iteration 16. Now time: 2019-10-20 08:34:14
  Start updating feature matrix ...
  End updating feature matrix. Time elapsed: 53.8746 secs 
  -- Number of ever-active variables: 1769.
  -- Number of newly added variables: 1000.
  -- Total number of variables in the strong set: 2769.
  Start fitting Glmnet ...
  End fitting Glmnet. Elapsed time: 5.2427 mins 
  Start checking KKT condition ...
