[1] ‘2.0.20’
[1] "HC299"
Start snpnet: 2019-10-18 11:05:16 
Preprocessing start: 2019-10-18 11:05:16 
  Start computing stats for pnas ...
  End computing stats for pnas. Time elapsed: 35.9041 mins
  Start computing stats for means ...
  End computing stats for means. Time elapsed: 50.7725 mins
Preprocessing end: 2019-10-18 12:32:06 

Iteration 0. Now time: 2019-10-18 12:32:06 
  Start computing inner product for initialization ...
  End computing inner product for initialization. Elapsed time: 7.5722 mins 

Iteration 1. Now time: 2019-10-18 12:39:45
  Start updating feature matrix ...
  End updating feature matrix. Time elapsed: 57.6602 secs 
  -- Number of ever-active variables: 7.
  -- Number of newly added variables: 1000.
  -- Total number of variables in the strong set: 1007.
  Start fitting Glmnet ...
  End fitting Glmnet. Elapsed time: 15.7292 secs 
  Start checking KKT condition ...
[1] "Time of convertion to validation matrix"
Time difference of 0.0002944469 secs
[1] "Time of prediction on validation matrix"
Time difference of 2.387615 secs
  End checking KKT condition. Elapsed time: 26.8748 mins 
  -- Finished Lambda 1. Training Metric: 0.7484618. Validation Metric:  0.734159 
  -- Finished Lambda 2. Training Metric: 0.7485862. Validation Metric:  0.734168 
  -- Finished Lambda 3. Training Metric: 0.748741. Validation Metric:  0.7341568 
  -- Finished Lambda 4. Training Metric: 0.7489832. Validation Metric:  0.7342083 
  -- Finished Lambda 5. Training Metric: 0.7495167. Validation Metric:  0.734337 
  -- Finished Lambda 6. Training Metric: 0.7505499. Validation Metric:  0.7346508 
  -- Finished Lambda 7. Training Metric: 0.7522763. Validation Metric:  0.7349291 
  -- Finished Lambda 8. Training Metric: 0.7551479. Validation Metric:  0.7353431 
  -- Finished Lambda 9. Training Metric: 0.7593958. Validation Metric:  0.7356429 
  -- Finished Lambda 10. Training Metric: 0.7654568. Validation Metric:  0.7356847 
Time spent on this iteration: 28.1269 mins. Elapsed time since start: 2.0434 hours.

Iteration 2. Now time: 2019-10-18 13:07:53
  Start updating feature matrix ...
  End updating feature matrix. Time elapsed: 49.9104 secs 
  -- Number of ever-active variables: 229.
  -- Number of newly added variables: 1000.
  -- Total number of variables in the strong set: 1229.
  Start fitting Glmnet ...
  End fitting Glmnet. Elapsed time: 1.0515 mins 
  Start checking KKT condition ...
[1] "Time of convertion to validation matrix"
Time difference of 0.0004000664 secs
[1] "Time of prediction on validation matrix"
Time difference of 2.369066 secs
  End checking KKT condition. Elapsed time: 39.2876 mins 
  -- Finished Lambda 11. Training Metric: 0.774292. Validation Metric:  0.7350454 
  -- Finished Lambda 12. Training Metric: 0.7862259. Validation Metric:  0.7341655 
  -- Finished Lambda 13. Training Metric: 0.8008644. Validation Metric:  0.7324827 
Time spent on this iteration: 41.2046 mins. Elapsed time since start: 2.7303 hours.

Early stopped at iteration 2 with validation metric: 0.7356848.
Previous ones: 0.73416547012708, 0.732482679236573.
End snpnet: 2019-10-18 13:49:06 
Total time elapsed: 2.730313 hours 
