
The following have been reloaded with a version change:
  1) anaconda/sherlock2 => anaconda/Anaconda3-5.3.0-Linux-x86_64_20181113

/oak/stanford/groups/mrivas/projects/biomarkers/snpnet/disease_outcome_223k/HC171/results/results/output_iter_1.tsv
/oak/stanford/groups/mrivas/projects/biomarkers/snpnet/disease_outcome_223k/HC171/results/results/output_iter_1.covars.tsv
/oak/stanford/groups/mrivas/projects/biomarkers/snpnet/disease_outcome_223k/HC171/results/betas.tsv
/oak/stanford/groups/mrivas/projects/biomarkers/snpnet/disease_outcome_223k/HC171/results/betas.covars.tsv

The following have been reloaded with a version change:
  1) anaconda/sherlock2 => anaconda/Anaconda3-5.3.0-Linux-x86_64_20181113

Loading required package: tidyverse
── Attaching packages ─────────────────────────────────────── tidyverse 1.2.1 ──
✔ ggplot2 3.1.0       ✔ purrr   0.3.1  
✔ tibble  2.0.1       ✔ dplyr   0.8.0.1
✔ tidyr   0.8.3       ✔ stringr 1.4.0  
✔ readr   1.3.1       ✔ forcats 0.4.0  
── Conflicts ────────────────────────────────────────── tidyverse_conflicts() ──
✖ dplyr::filter() masks stats::filter()
✖ dplyr::lag()    masks stats::lag()
Loading required package: data.table

Attaching package: ‘data.table’

The following objects are masked from ‘package:dplyr’:

    between, first, last

The following object is masked from ‘package:purrr’:

    transpose

[1] "The selected lambda idx: 41"
/oak/stanford/groups/mrivas/projects/biomarkers/snpnet/disease_outcome_223k/HC188/results/results/output_iter_90.tsv
/oak/stanford/groups/mrivas/projects/biomarkers/snpnet/disease_outcome_223k/HC188/results/results/output_iter_90.covars.tsv
/oak/stanford/groups/mrivas/projects/biomarkers/snpnet/disease_outcome_223k/HC188/results/betas.tsv
/oak/stanford/groups/mrivas/projects/biomarkers/snpnet/disease_outcome_223k/HC188/results/betas.covars.tsv

The following have been reloaded with a version change:
  1) anaconda/sherlock2 => anaconda/Anaconda3-5.3.0-Linux-x86_64_20181113

/oak/stanford/groups/mrivas/projects/biomarkers/snpnet/disease_outcome_223k/HC294/results/results/output_iter_1.tsv
/oak/stanford/groups/mrivas/projects/biomarkers/snpnet/disease_outcome_223k/HC294/results/results/output_iter_1.covars.tsv
/oak/stanford/groups/mrivas/projects/biomarkers/snpnet/disease_outcome_223k/HC294/results/betas.tsv
/oak/stanford/groups/mrivas/projects/biomarkers/snpnet/disease_outcome_223k/HC294/results/betas.covars.tsv

The following have been reloaded with a version change:
  1) anaconda/sherlock2 => anaconda/Anaconda3-5.3.0-Linux-x86_64_20181113

/oak/stanford/groups/mrivas/projects/biomarkers/snpnet/disease_outcome_223k/HC299/results/results/output_iter_2.tsv
/oak/stanford/groups/mrivas/projects/biomarkers/snpnet/disease_outcome_223k/HC299/results/results/output_iter_2.covars.tsv
/oak/stanford/groups/mrivas/projects/biomarkers/snpnet/disease_outcome_223k/HC299/results/betas.tsv
/oak/stanford/groups/mrivas/projects/biomarkers/snpnet/disease_outcome_223k/HC299/results/betas.covars.tsv

The following have been reloaded with a version change:
  1) anaconda/sherlock2 => anaconda/Anaconda3-5.3.0-Linux-x86_64_20181113

Loading required package: tidyverse
── Attaching packages ─────────────────────────────────────── tidyverse 1.2.1 ──
✔ ggplot2 3.1.0       ✔ purrr   0.3.1  
✔ tibble  2.0.1       ✔ dplyr   0.8.0.1
✔ tidyr   0.8.3       ✔ stringr 1.4.0  
✔ readr   1.3.1       ✔ forcats 0.4.0  
── Conflicts ────────────────────────────────────────── tidyverse_conflicts() ──
✖ dplyr::filter() masks stats::filter()
✖ dplyr::lag()    masks stats::lag()
Loading required package: data.table

Attaching package: ‘data.table’

The following objects are masked from ‘package:dplyr’:

    between, first, last

The following object is masked from ‘package:purrr’:

    transpose

[1] "The selected lambda idx: 36"
/oak/stanford/groups/mrivas/projects/biomarkers/snpnet/disease_outcome_223k/HC326/results/results/output_iter_96.tsv
/oak/stanford/groups/mrivas/projects/biomarkers/snpnet/disease_outcome_223k/HC326/results/results/output_iter_96.covars.tsv
/oak/stanford/groups/mrivas/projects/biomarkers/snpnet/disease_outcome_223k/HC326/results/betas.tsv
/oak/stanford/groups/mrivas/projects/biomarkers/snpnet/disease_outcome_223k/HC326/results/betas.covars.tsv
