[1] ‘2.0.20’
[1] "cancer1060"
Start snpnet: 2019-10-20 13:20:33 
Preprocessing start: 2019-10-20 13:20:33 
File /oak/stanford/groups/mrivas/users/ytanigaw/repos/rivas-lab/public-resources/uk_biobank/biomarkers/snpnet/disease_outcome/out/cancer1060/results/meta/pnas.rda exists. Computation skipped.
File /oak/stanford/groups/mrivas/users/ytanigaw/repos/rivas-lab/public-resources/uk_biobank/biomarkers/snpnet/disease_outcome/out/cancer1060/results/meta/means.rda exists. Computation skipped.
Preprocessing end: 2019-10-20 13:20:42 

Recover iteration 15. Now time: 2019-10-20 13:20:42
Time elapsed on loading back features: 2.3599 mins 

Iteration 16. Now time: 2019-10-20 13:23:05
  Start updating feature matrix ...
  End updating feature matrix. Time elapsed: 58.217 secs 
  -- Number of ever-active variables: 2041.
  -- Number of newly added variables: 1000.
  -- Total number of variables in the strong set: 3041.
  Start fitting Glmnet ...
  End fitting Glmnet. Elapsed time: 5.2046 mins 
  Start checking KKT condition ...
[1] "Time of convertion to validation matrix"
Time difference of 0.01026702 secs
[1] "Time of prediction on validation matrix"
Time difference of 7.406508 secs
  End checking KKT condition. Elapsed time: 4.1403 hours 
Time spent on this iteration: 4.2441 hours. Elapsed time since start: 4.2863 hours.

Iteration 17. Now time: 2019-10-20 17:37:44
  Start updating feature matrix ...
  End updating feature matrix. Time elapsed: 1.0994 mins 
  -- Number of ever-active variables: 2041.
  -- Number of newly added variables: 1000.
  -- Total number of variables in the strong set: 3041.
  Start fitting Glmnet ...
  End fitting Glmnet. Elapsed time: 5.1705 mins 
  Start checking KKT condition ...
[1] "Time of convertion to validation matrix"
Time difference of 0.02473474 secs
[1] "Time of prediction on validation matrix"
Time difference of 7.009426 secs
  End checking KKT condition. Elapsed time: 4.0425 hours 
Time spent on this iteration: 4.1478 hours. Elapsed time since start: 8.4344 hours.

Iteration 18. Now time: 2019-10-20 21:46:37
  Start updating feature matrix ...
  End updating feature matrix. Time elapsed: 1.0956 mins 
  -- Number of ever-active variables: 2041.
  -- Number of newly added variables: 1000.
  -- Total number of variables in the strong set: 3041.
  Start fitting Glmnet ...
  End fitting Glmnet. Elapsed time: 5.2837 mins 
  Start checking KKT condition ...
[1] "Time of convertion to validation matrix"
Time difference of 0.01085758 secs
[1] "Time of prediction on validation matrix"
Time difference of 6.607548 secs
  End checking KKT condition. Elapsed time: 4.0766 hours 
Time spent on this iteration: 4.1835 hours. Elapsed time since start: 12.6181 hours.

Iteration 19. Now time: 2019-10-21 01:57:38
  Start updating feature matrix ...
  End updating feature matrix. Time elapsed: 1.0661 mins 
  -- Number of ever-active variables: 2041.
  -- Number of newly added variables: 1000.
  -- Total number of variables in the strong set: 3041.
  Start fitting Glmnet ...
  End fitting Glmnet. Elapsed time: 5.2059 mins 
  Start checking KKT condition ...
[1] "Time of convertion to validation matrix"
Time difference of 0.04858422 secs
[1] "Time of prediction on validation matrix"
Time difference of 6.570874 secs
  End checking KKT condition. Elapsed time: 4.0148 hours 
Time spent on this iteration: 4.1201 hours. Elapsed time since start: 16.7384 hours.

Iteration 20. Now time: 2019-10-21 06:04:52
  Start updating feature matrix ...
  End updating feature matrix. Time elapsed: 1.0296 mins 
  -- Number of ever-active variables: 2041.
  -- Number of newly added variables: 1000.
  -- Total number of variables in the strong set: 3041.
  Start fitting Glmnet ...
  End fitting Glmnet. Elapsed time: 5.1963 mins 
  Start checking KKT condition ...
[1] "Time of convertion to validation matrix"
Time difference of 0.0154345 secs
[1] "Time of prediction on validation matrix"
Time difference of 6.54339 secs
  End checking KKT condition. Elapsed time: 3.9588 hours 
Time spent on this iteration: 4.0632 hours. Elapsed time since start: 20.8018 hours.

Iteration 21. Now time: 2019-10-21 10:08:40
  Start updating feature matrix ...
  End updating feature matrix. Time elapsed: 1.1874 mins 
  -- Number of ever-active variables: 2041.
  -- Number of newly added variables: 1000.
  -- Total number of variables in the strong set: 3041.
  Start fitting Glmnet ...
  End fitting Glmnet. Elapsed time: 5.1629 mins 
  Start checking KKT condition ...
[1] "Time of convertion to validation matrix"
Time difference of 0.04031444 secs
[1] "Time of prediction on validation matrix"
Time difference of 7.546018 secs
  End checking KKT condition. Elapsed time: 4.1066 hours 
Time spent on this iteration: 4.213 hours. Elapsed time since start: 1.0423 days.

Iteration 22. Now time: 2019-10-21 14:21:27
  Start updating feature matrix ...
  End updating feature matrix. Time elapsed: 1.2003 mins 
  -- Number of ever-active variables: 2041.
  -- Number of newly added variables: 1000.
  -- Total number of variables in the strong set: 3041.
  Start fitting Glmnet ...
  End fitting Glmnet. Elapsed time: 5.6436 mins 
  Start checking KKT condition ...
[1] "Time of convertion to validation matrix"
Time difference of 0.0459826 secs
[1] "Time of prediction on validation matrix"
Time difference of 6.64762 secs
  End checking KKT condition. Elapsed time: 4.1138 hours 
Time spent on this iteration: 4.2287 hours. Elapsed time since start: 1.2185 days.

Iteration 23. Now time: 2019-10-21 18:35:12
  Start updating feature matrix ...
  End updating feature matrix. Time elapsed: 1.0271 mins 
  -- Number of ever-active variables: 2041.
  -- Number of newly added variables: 1000.
  -- Total number of variables in the strong set: 3041.
  Start fitting Glmnet ...
  End fitting Glmnet. Elapsed time: 5.1875 mins 
  Start checking KKT condition ...
[1] "Time of convertion to validation matrix"
Time difference of 0.01244664 secs
[1] "Time of prediction on validation matrix"
Time difference of 7.796405 secs
  End checking KKT condition. Elapsed time: 4.5748 hours 
Time spent on this iteration: 4.6791 hours. Elapsed time since start: 1.4135 days.

Iteration 24. Now time: 2019-10-21 23:15:58
  Start updating feature matrix ...
  End updating feature matrix. Time elapsed: 1.3805 mins 
  -- Number of ever-active variables: 2041.
  -- Number of newly added variables: 1000.
  -- Total number of variables in the strong set: 3041.
  Start fitting Glmnet ...
  End fitting Glmnet. Elapsed time: 6.3555 mins 
  Start checking KKT condition ...
[1] "Time of convertion to validation matrix"
Time difference of 0.02058244 secs
[1] "Time of prediction on validation matrix"
Time difference of 8.407586 secs
  End checking KKT condition. Elapsed time: 4.789 hours 
Time spent on this iteration: 4.9187 hours. Elapsed time since start: 1.6184 days.

Iteration 25. Now time: 2019-10-22 04:11:06
  Start updating feature matrix ...
  End updating feature matrix. Time elapsed: 1.4156 mins 
  -- Number of ever-active variables: 2041.
  -- Number of newly added variables: 1000.
  -- Total number of variables in the strong set: 3041.
  Start fitting Glmnet ...
  End fitting Glmnet. Elapsed time: 6.4369 mins 
  Start checking KKT condition ...
[1] "Time of convertion to validation matrix"
Time difference of 0.047786 secs
[1] "Time of prediction on validation matrix"
Time difference of 7.850385 secs
  End checking KKT condition. Elapsed time: 4.8218 hours 
Time spent on this iteration: 4.9533 hours. Elapsed time since start: 1.8248 days.

Iteration 26. Now time: 2019-10-22 09:08:19
  Start updating feature matrix ...
  End updating feature matrix. Time elapsed: 1.3303 mins 
  -- Number of ever-active variables: 2041.
  -- Number of newly added variables: 1000.
  -- Total number of variables in the strong set: 3041.
  Start fitting Glmnet ...
  End fitting Glmnet. Elapsed time: 6.3198 mins 
  Start checking KKT condition ...
