[1] ‘2.0.20’
[1] "cancer1060"
Start snpnet: 2019-10-18 08:54:04 
Preprocessing start: 2019-10-18 08:54:04 
  Start computing stats for pnas ...
  End computing stats for pnas. Time elapsed: 42.6142 mins
  Start computing stats for means ...
  End computing stats for means. Time elapsed: 54.5492 mins
Preprocessing end: 2019-10-18 10:31:23 

Iteration 0. Now time: 2019-10-18 10:31:23 
  Start computing inner product for initialization ...
  End computing inner product for initialization. Elapsed time: 4.7892 mins 

Iteration 1. Now time: 2019-10-18 10:36:15
  Start updating feature matrix ...
  End updating feature matrix. Time elapsed: 55.3396 secs 
  -- Number of ever-active variables: 7.
  -- Number of newly added variables: 1000.
  -- Total number of variables in the strong set: 1007.
  Start fitting Glmnet ...
  End fitting Glmnet. Elapsed time: 11.3248 secs 
  Start checking KKT condition ...
[1] "Time of convertion to validation matrix"
Time difference of 0.0005319118 secs
[1] "Time of prediction on validation matrix"
Time difference of 1.447113 secs
  End checking KKT condition. Elapsed time: 26.992 mins 
  -- Finished Lambda 1. Training Metric: 0.6681094. Validation Metric:  0.6677573 
  -- Finished Lambda 2. Training Metric: 0.6688373. Validation Metric:  0.6684809 
  -- Finished Lambda 3. Training Metric: 0.6694935. Validation Metric:  0.6691398 
  -- Finished Lambda 4. Training Metric: 0.670084. Validation Metric:  0.6697181 
  -- Finished Lambda 5. Training Metric: 0.6706141. Validation Metric:  0.6702385 
  -- Finished Lambda 6. Training Metric: 0.6710906. Validation Metric:  0.6707136 
  -- Finished Lambda 7. Training Metric: 0.6715187. Validation Metric:  0.6711227 
  -- Finished Lambda 8. Training Metric: 0.6719039. Validation Metric:  0.6714935 
  -- Finished Lambda 9. Training Metric: 0.6725187. Validation Metric:  0.6719176 
  -- Finished Lambda 10. Training Metric: 0.67332. Validation Metric:  0.6723932 
Time spent on this iteration: 28.1356 mins. Elapsed time since start: 2.1718 hours.

Iteration 2. Now time: 2019-10-18 11:04:24
  Start updating feature matrix ...
  End updating feature matrix. Time elapsed: 41.4351 secs 
  -- Number of ever-active variables: 10.
  -- Number of newly added variables: 1000.
  -- Total number of variables in the strong set: 1010.
  Start fitting Glmnet ...
  End fitting Glmnet. Elapsed time: 17.1674 secs 
  Start checking KKT condition ...
[1] "Time of convertion to validation matrix"
Time difference of 0.0002586842 secs
[1] "Time of prediction on validation matrix"
Time difference of 1.998002 secs
  End checking KKT condition. Elapsed time: 38.2892 mins 
  -- Finished Lambda 11. Training Metric: 0.6740684. Validation Metric:  0.6728406 
  -- Finished Lambda 12. Training Metric: 0.6749875. Validation Metric:  0.6734196 
  -- Finished Lambda 13. Training Metric: 0.6762429. Validation Metric:  0.6742877 
  -- Finished Lambda 14. Training Metric: 0.6773896. Validation Metric:  0.6750657 
  -- Finished Lambda 15. Training Metric: 0.6784268. Validation Metric:  0.6757435 
Time spent on this iteration: 39.2987 mins. Elapsed time since start: 2.827 hours.

Iteration 3. Now time: 2019-10-18 11:43:42
  Start updating feature matrix ...
  End updating feature matrix. Time elapsed: 54.4279 secs 
  -- Number of ever-active variables: 15.
  -- Number of newly added variables: 1000.
  -- Total number of variables in the strong set: 1015.
  Start fitting Glmnet ...
  End fitting Glmnet. Elapsed time: 24.0994 secs 
  Start checking KKT condition ...
[1] "Time of convertion to validation matrix"
Time difference of 0.000449419 secs
[1] "Time of prediction on validation matrix"
Time difference of 2.197204 secs
  End checking KKT condition. Elapsed time: 53.2256 mins 
  -- Finished Lambda 16. Training Metric: 0.6794311. Validation Metric:  0.6763557 
  -- Finished Lambda 17. Training Metric: 0.6805769. Validation Metric:  0.6771016 
  -- Finished Lambda 18. Training Metric: 0.6819674. Validation Metric:  0.6781744 
  -- Finished Lambda 19. Training Metric: 0.6834777. Validation Metric:  0.67945 
  -- Finished Lambda 20. Training Metric: 0.6848358. Validation Metric:  0.6805918 
Time spent on this iteration: 54.5659 mins. Elapsed time since start: 3.7367 hours.

Iteration 4. Now time: 2019-10-18 12:38:17
  Start updating feature matrix ...
  End updating feature matrix. Time elapsed: 51.5894 secs 
  -- Number of ever-active variables: 24.
  -- Number of newly added variables: 1000.
  -- Total number of variables in the strong set: 1024.
  Start fitting Glmnet ...
  End fitting Glmnet. Elapsed time: 22.2943 secs 
  Start checking KKT condition ...
[1] "Time of convertion to validation matrix"
Time difference of 0.01656938 secs
[1] "Time of prediction on validation matrix"
Time difference of 2.64448 secs
  End checking KKT condition. Elapsed time: 1.1211 hours 
  -- Finished Lambda 21. Training Metric: 0.6861529. Validation Metric:  0.6817293 
  -- Finished Lambda 22. Training Metric: 0.687555. Validation Metric:  0.6829197 
  -- Finished Lambda 23. Training Metric: 0.6890617. Validation Metric:  0.6841788 
  -- Finished Lambda 24. Training Metric: 0.6906693. Validation Metric:  0.6855626 
  -- Finished Lambda 25. Training Metric: 0.6923752. Validation Metric:  0.6869834 
Time spent on this iteration: 1.1422 hours. Elapsed time since start: 4.8791 hours.

Iteration 5. Now time: 2019-10-18 13:46:50
  Start updating feature matrix ...
  End updating feature matrix. Time elapsed: 1.2841 mins 
  -- Number of ever-active variables: 48.
  -- Number of newly added variables: 1000.
  -- Total number of variables in the strong set: 1048.
  Start fitting Glmnet ...
  End fitting Glmnet. Elapsed time: 29.943 secs 
  Start checking KKT condition ...
[1] "Time of convertion to validation matrix"
Time difference of 0.06726789 secs
[1] "Time of prediction on validation matrix"
Time difference of 3.010529 secs
  End checking KKT condition. Elapsed time: 1.828 hours 
  -- Finished Lambda 26. Training Metric: 0.694213. Validation Metric:  0.6884331 
  -- Finished Lambda 27. Training Metric: 0.6960206. Validation Metric:  0.6898498 
  -- Finished Lambda 28. Training Metric: 0.6976956. Validation Metric:  0.6911593 
  -- Finished Lambda 29. Training Metric: 0.6993126. Validation Metric:  0.6923813 
  -- Finished Lambda 30. Training Metric: 0.7008905. Validation Metric:  0.6935522 
Time spent on this iteration: 1.8583 hours. Elapsed time since start: 6.7376 hours.

Iteration 6. Now time: 2019-10-18 15:38:20
  Start updating feature matrix ...
  End updating feature matrix. Time elapsed: 1.0512 mins 
  -- Number of ever-active variables: 74.
  -- Number of newly added variables: 1000.
  -- Total number of variables in the strong set: 1074.
  Start fitting Glmnet ...
  End fitting Glmnet. Elapsed time: 38.808 secs 
  Start checking KKT condition ...
[1] "Time of convertion to validation matrix"
Time difference of 0.01119733 secs
[1] "Time of prediction on validation matrix"
Time difference of 3.474727 secs
  End checking KKT condition. Elapsed time: 2.902 hours 
  -- Finished Lambda 31. Training Metric: 0.7025721. Validation Metric:  0.6947466 
  -- Finished Lambda 32. Training Metric: 0.7044627. Validation Metric:  0.6960709 
  -- Finished Lambda 33. Training Metric: 0.7066354. Validation Metric:  0.6974349 
  -- Finished Lambda 34. Training Metric: 0.7090195. Validation Metric:  0.698696 
  -- Finished Lambda 35. Training Metric: 0.7118899. Validation Metric:  0.6999057 
Time spent on this iteration: 2.9312 hours. Elapsed time since start: 9.669 hours.

Iteration 7. Now time: 2019-10-18 18:34:13
  Start updating feature matrix ...
  End updating feature matrix. Time elapsed: 1.0207 mins 
  -- Number of ever-active variables: 218.
  -- Number of newly added variables: 1000.
  -- Total number of variables in the strong set: 1218.
  Start fitting Glmnet ...
  End fitting Glmnet. Elapsed time: 1.0489 mins 
  Start checking KKT condition ...
[1] "Time of convertion to validation matrix"
Time difference of 0.01436496 secs
[1] "Time of prediction on validation matrix"
Time difference of 3.933721 secs
  End checking KKT condition. Elapsed time: 3.2675 hours 
  -- Finished Lambda 36. Training Metric: 0.7152765. Validation Metric:  0.7009705 
  -- Finished Lambda 37. Training Metric: 0.719516. Validation Metric:  0.7020002 
  -- Finished Lambda 38. Training Metric: 0.7248939. Validation Metric:  0.7030945 
Time spent on this iteration: 3.3025 hours. Elapsed time since start: 12.9717 hours.

Iteration 8. Now time: 2019-10-18 21:52:23
  Start updating feature matrix ...
  End updating feature matrix. Time elapsed: 1.3056 mins 
  -- Number of ever-active variables: 524.
  -- Number of newly added variables: 1000.
  -- Total number of variables in the strong set: 1524.
  Start fitting Glmnet ...
  End fitting Glmnet. Elapsed time: 2.0345 mins 
  Start checking KKT condition ...
[1] "Time of convertion to validation matrix"
Time difference of 0.02308226 secs
[1] "Time of prediction on validation matrix"
Time difference of 4.748201 secs
  End checking KKT condition. Elapsed time: 3.875 hours 
  -- Finished Lambda 39. Training Metric: 0.7314919. Validation Metric:  0.7041147 
  -- Finished Lambda 40. Training Metric: 0.7393588. Validation Metric:  0.7048645 
Time spent on this iteration: 3.9315 hours. Elapsed time since start: 16.9034 hours.

Iteration 9. Now time: 2019-10-19 01:48:17
  Start updating feature matrix ...
  End updating feature matrix. Time elapsed: 1.1437 mins 
  -- Number of ever-active variables: 949.
  -- Number of newly added variables: 1000.
  -- Total number of variables in the strong set: 1949.
  Start fitting Glmnet ...
  End fitting Glmnet. Elapsed time: 2.6288 mins 
  Start checking KKT condition ...
[1] "Time of convertion to validation matrix"
Time difference of 0.008999348 secs
[1] "Time of prediction on validation matrix"
Time difference of 6.339453 secs
  End checking KKT condition. Elapsed time: 3.7466 hours 
  -- Finished Lambda 41. Training Metric: 0.7485888. Validation Metric:  0.70549 
Time spent on this iteration: 3.8104 hours. Elapsed time since start: 20.714 hours.

Iteration 10. Now time: 2019-10-19 05:36:56
  Start updating feature matrix ...
  End updating feature matrix. Time elapsed: 1.2457 mins 
  -- Number of ever-active variables: 1242.
  -- Number of newly added variables: 1000.
  -- Total number of variables in the strong set: 2242.
  Start fitting Glmnet ...
  End fitting Glmnet. Elapsed time: 3.1251 mins 
  Start checking KKT condition ...
[1] "Time of convertion to validation matrix"
Time difference of 0.009656906 secs
[1] "Time of prediction on validation matrix"
Time difference of 6.588083 secs
  End checking KKT condition. Elapsed time: 3.774 hours 
  -- Finished Lambda 42. Training Metric: 0.7590555. Validation Metric:  0.7058308 
Time spent on this iteration: 3.8474 hours. Elapsed time since start: 1.0234 days.

Iteration 11. Now time: 2019-10-19 09:27:47
  Start updating feature matrix ...
  End updating feature matrix. Time elapsed: 1.2772 mins 
  -- Number of ever-active variables: 1627.
  -- Number of newly added variables: 1000.
  -- Total number of variables in the strong set: 2627.
  Start fitting Glmnet ...
  End fitting Glmnet. Elapsed time: 4.6594 mins 
  Start checking KKT condition ...
[1] "Time of convertion to validation matrix"
Time difference of 0.0238378 secs
[1] "Time of prediction on validation matrix"
Time difference of 6.683922 secs
  End checking KKT condition. Elapsed time: 4.1822 hours 
  -- Finished Lambda 43. Training Metric: 0.7706249. Validation Metric:  0.706028 
Time spent on this iteration: 4.2819 hours. Elapsed time since start: 1.2018 days.

Iteration 12. Now time: 2019-10-19 13:44:43
  Start updating feature matrix ...
  End updating feature matrix. Time elapsed: 1.072 mins 
  -- Number of ever-active variables: 2041.
  -- Number of newly added variables: 1000.
  -- Total number of variables in the strong set: 3041.
  Start fitting Glmnet ...
  End fitting Glmnet. Elapsed time: 5.2767 mins 
  Start checking KKT condition ...
[1] "Time of convertion to validation matrix"
Time difference of 0.01204109 secs
[1] "Time of prediction on validation matrix"
Time difference of 6.677393 secs
  End checking KKT condition. Elapsed time: 4.102 hours 
Time spent on this iteration: 4.2086 hours. Elapsed time since start: 1.3772 days.

Iteration 13. Now time: 2019-10-19 17:57:14
  Start updating feature matrix ...
  End updating feature matrix. Time elapsed: 1.0968 mins 
  -- Number of ever-active variables: 2041.
  -- Number of newly added variables: 1000.
  -- Total number of variables in the strong set: 3041.
  Start fitting Glmnet ...
  End fitting Glmnet. Elapsed time: 5.1604 mins 
  Start checking KKT condition ...
[1] "Time of convertion to validation matrix"
Time difference of 0.005157232 secs
[1] "Time of prediction on validation matrix"
Time difference of 6.809202 secs
  End checking KKT condition. Elapsed time: 4.0477 hours 
Time spent on this iteration: 4.1529 hours. Elapsed time since start: 1.5502 days.

Iteration 14. Now time: 2019-10-19 22:06:26
  Start updating feature matrix ...
  End updating feature matrix. Time elapsed: 1.155 mins 
  -- Number of ever-active variables: 2041.
  -- Number of newly added variables: 1000.
  -- Total number of variables in the strong set: 3041.
  Start fitting Glmnet ...
  End fitting Glmnet. Elapsed time: 5.1394 mins 
  Start checking KKT condition ...
[1] "Time of convertion to validation matrix"
Time difference of 0.02067661 secs
[1] "Time of prediction on validation matrix"
Time difference of 7.013047 secs
  End checking KKT condition. Elapsed time: 4.0107 hours 
Time spent on this iteration: 4.1164 hours. Elapsed time since start: 1.7218 days.

Iteration 15. Now time: 2019-10-20 02:13:25
  Start updating feature matrix ...
  End updating feature matrix. Time elapsed: 1.228 mins 
  -- Number of ever-active variables: 2041.
  -- Number of newly added variables: 1000.
  -- Total number of variables in the strong set: 3041.
  Start fitting Glmnet ...
  End fitting Glmnet. Elapsed time: 5.1904 mins 
  Start checking KKT condition ...
[1] "Time of convertion to validation matrix"
Time difference of 0.02677464 secs
[1] "Time of prediction on validation matrix"
Time difference of 6.737421 secs
  End checking KKT condition. Elapsed time: 4.3029 hours 
Time spent on this iteration: 4.4104 hours. Elapsed time since start: 1.9055 days.

Iteration 16. Now time: 2019-10-20 06:38:04
  Start updating feature matrix ...
  End updating feature matrix. Time elapsed: 56.7417 secs 
  -- Number of ever-active variables: 2041.
  -- Number of newly added variables: 1000.
  -- Total number of variables in the strong set: 3041.
  Start fitting Glmnet ...
  End fitting Glmnet. Elapsed time: 5.1473 mins 
  Start checking KKT condition ...
