[1] ‘2.0.20’
[1] "HC326"
Start snpnet: 2019-10-22 16:38:56 
Preprocessing start: 2019-10-22 16:38:56 
File /oak/stanford/groups/mrivas/users/ytanigaw/repos/rivas-lab/public-resources/uk_biobank/biomarkers/snpnet/disease_outcome/out/HC326/results/meta/pnas.rda exists. Computation skipped.
File /oak/stanford/groups/mrivas/users/ytanigaw/repos/rivas-lab/public-resources/uk_biobank/biomarkers/snpnet/disease_outcome/out/HC326/results/meta/means.rda exists. Computation skipped.
Preprocessing end: 2019-10-22 16:39:05 

Recover iteration 35. Now time: 2019-10-22 16:39:05
Time elapsed on loading back features: 2.165 mins 

Iteration 36. Now time: 2019-10-22 16:41:16
  Start updating feature matrix ...
  End updating feature matrix. Time elapsed: 51.8763 secs 
  -- Number of ever-active variables: 1989.
  -- Number of newly added variables: 1000.
  -- Total number of variables in the strong set: 2989.
  Start fitting Glmnet ...
  End fitting Glmnet. Elapsed time: 3.5192 mins 
  Start checking KKT condition ...
[1] "Time of convertion to validation matrix"
Time difference of 0.0137639 secs
[1] "Time of prediction on validation matrix"
Time difference of 5.883494 secs
  End checking KKT condition. Elapsed time: 2.8888 hours 
Time spent on this iteration: 2.9624 hours. Elapsed time since start: 3.0014 hours.

Iteration 37. Now time: 2019-10-22 19:39:02
  Start updating feature matrix ...
  End updating feature matrix. Time elapsed: 58.7242 secs 
  -- Number of ever-active variables: 1989.
  -- Number of newly added variables: 1000.
  -- Total number of variables in the strong set: 2989.
  Start fitting Glmnet ...
  End fitting Glmnet. Elapsed time: 3.7183 mins 
  Start checking KKT condition ...
[1] "Time of convertion to validation matrix"
Time difference of 0.01148295 secs
[1] "Time of prediction on validation matrix"
Time difference of 5.510603 secs
  End checking KKT condition. Elapsed time: 2.8366 hours 
Time spent on this iteration: 2.9155 hours. Elapsed time since start: 5.9171 hours.

Iteration 38. Now time: 2019-10-22 22:33:58
  Start updating feature matrix ...
  End updating feature matrix. Time elapsed: 56.0121 secs 
  -- Number of ever-active variables: 1989.
  -- Number of newly added variables: 1000.
  -- Total number of variables in the strong set: 2989.
  Start fitting Glmnet ...
  End fitting Glmnet. Elapsed time: 3.5988 mins 
  Start checking KKT condition ...
[1] "Time of convertion to validation matrix"
Time difference of 0.007239342 secs
[1] "Time of prediction on validation matrix"
Time difference of 5.51434 secs
  End checking KKT condition. Elapsed time: 2.8385 hours 
Time spent on this iteration: 2.9149 hours. Elapsed time since start: 8.8323 hours.

Iteration 39. Now time: 2019-10-23 01:28:53
  Start updating feature matrix ...
  End updating feature matrix. Time elapsed: 54.573 secs 
  -- Number of ever-active variables: 1989.
  -- Number of newly added variables: 1000.
  -- Total number of variables in the strong set: 2989.
  Start fitting Glmnet ...
  End fitting Glmnet. Elapsed time: 3.6134 mins 
  Start checking KKT condition ...
[1] "Time of convertion to validation matrix"
Time difference of 0.01551962 secs
[1] "Time of prediction on validation matrix"
Time difference of 5.556693 secs
  End checking KKT condition. Elapsed time: 2.7717 hours 
Time spent on this iteration: 2.8477 hours. Elapsed time since start: 11.6802 hours.

Iteration 40. Now time: 2019-10-23 04:19:45
  Start updating feature matrix ...
  End updating feature matrix. Time elapsed: 53.2791 secs 
  -- Number of ever-active variables: 1989.
  -- Number of newly added variables: 1000.
  -- Total number of variables in the strong set: 2989.
  Start fitting Glmnet ...
  End fitting Glmnet. Elapsed time: 3.5785 mins 
  Start checking KKT condition ...
[1] "Time of convertion to validation matrix"
Time difference of 0.007761478 secs
[1] "Time of prediction on validation matrix"
Time difference of 5.569902 secs
  End checking KKT condition. Elapsed time: 2.7111 hours 
Time spent on this iteration: 2.7861 hours. Elapsed time since start: 14.4665 hours.

Iteration 41. Now time: 2019-10-23 07:06:56
  Start updating feature matrix ...
  End updating feature matrix. Time elapsed: 55.5551 secs 
  -- Number of ever-active variables: 1989.
  -- Number of newly added variables: 1000.
  -- Total number of variables in the strong set: 2989.
  Start fitting Glmnet ...
  End fitting Glmnet. Elapsed time: 3.5908 mins 
  Start checking KKT condition ...
[1] "Time of convertion to validation matrix"
Time difference of 0.01730466 secs
[1] "Time of prediction on validation matrix"
Time difference of 5.558219 secs
  End checking KKT condition. Elapsed time: 2.7106 hours 
Time spent on this iteration: 2.7868 hours. Elapsed time since start: 17.2535 hours.

Iteration 42. Now time: 2019-10-23 09:54:09
  Start updating feature matrix ...
  End updating feature matrix. Time elapsed: 56.2406 secs 
  -- Number of ever-active variables: 1989.
  -- Number of newly added variables: 1000.
  -- Total number of variables in the strong set: 2989.
  Start fitting Glmnet ...
  End fitting Glmnet. Elapsed time: 3.5928 mins 
  Start checking KKT condition ...
[1] "Time of convertion to validation matrix"
Time difference of 0.03577065 secs
[1] "Time of prediction on validation matrix"
Time difference of 5.504143 secs
  End checking KKT condition. Elapsed time: 2.5963 hours 
Time spent on this iteration: 2.6724 hours. Elapsed time since start: 19.9261 hours.

Iteration 43. Now time: 2019-10-23 12:34:31
  Start updating feature matrix ...
  End updating feature matrix. Time elapsed: 57.6055 secs 
  -- Number of ever-active variables: 1989.
  -- Number of newly added variables: 1000.
  -- Total number of variables in the strong set: 2989.
  Start fitting Glmnet ...
  End fitting Glmnet. Elapsed time: 3.4873 mins 
  Start checking KKT condition ...
[1] "Time of convertion to validation matrix"
Time difference of 0.01248407 secs
[1] "Time of prediction on validation matrix"
Time difference of 5.578651 secs
  End checking KKT condition. Elapsed time: 2.5609 hours 
Time spent on this iteration: 2.6356 hours. Elapsed time since start: 22.5619 hours.

Iteration 44. Now time: 2019-10-23 15:12:40
  Start updating feature matrix ...
  End updating feature matrix. Time elapsed: 57.4561 secs 
  -- Number of ever-active variables: 1989.
  -- Number of newly added variables: 1000.
  -- Total number of variables in the strong set: 2989.
  Start fitting Glmnet ...
  End fitting Glmnet. Elapsed time: 3.5586 mins 
  Start checking KKT condition ...
[1] "Time of convertion to validation matrix"
Time difference of 0.01472664 secs
[1] "Time of prediction on validation matrix"
Time difference of 5.544664 secs
  End checking KKT condition. Elapsed time: 2.5523 hours 
Time spent on this iteration: 2.6285 hours. Elapsed time since start: 1.0496 days.

Iteration 45. Now time: 2019-10-23 17:50:23
  Start updating feature matrix ...
  End updating feature matrix. Time elapsed: 1.0361 mins 
  -- Number of ever-active variables: 1989.
  -- Number of newly added variables: 1000.
  -- Total number of variables in the strong set: 2989.
  Start fitting Glmnet ...
  End fitting Glmnet. Elapsed time: 3.5682 mins 
  Start checking KKT condition ...
[1] "Time of convertion to validation matrix"
Time difference of 0.01417446 secs
[1] "Time of prediction on validation matrix"
Time difference of 5.629977 secs
  End checking KKT condition. Elapsed time: 2.5221 hours 
Time spent on this iteration: 2.5994 hours. Elapsed time since start: 1.1579 days.

Iteration 46. Now time: 2019-10-23 20:26:22
  Start updating feature matrix ...
  End updating feature matrix. Time elapsed: 1.0251 mins 
  -- Number of ever-active variables: 1989.
  -- Number of newly added variables: 1000.
  -- Total number of variables in the strong set: 2989.
  Start fitting Glmnet ...
  End fitting Glmnet. Elapsed time: 3.5471 mins 
  Start checking KKT condition ...
[1] "Time of convertion to validation matrix"
Time difference of 0.01133466 secs
[1] "Time of prediction on validation matrix"
Time difference of 5.517346 secs
  End checking KKT condition. Elapsed time: 2.5205 hours 
Time spent on this iteration: 2.5974 hours. Elapsed time since start: 1.2662 days.

Iteration 47. Now time: 2019-10-23 23:02:13
  Start updating feature matrix ...
  End updating feature matrix. Time elapsed: 58.9956 secs 
  -- Number of ever-active variables: 1989.
  -- Number of newly added variables: 1000.
  -- Total number of variables in the strong set: 2989.
  Start fitting Glmnet ...
  End fitting Glmnet. Elapsed time: 3.5315 mins 
  Start checking KKT condition ...
[1] "Time of convertion to validation matrix"
Time difference of 0.0141449 secs
[1] "Time of prediction on validation matrix"
Time difference of 5.408235 secs
  End checking KKT condition. Elapsed time: 2.516 hours 
Time spent on this iteration: 2.5918 hours. Elapsed time since start: 1.3742 days.

Iteration 48. Now time: 2019-10-24 01:37:45
  Start updating feature matrix ...
  End updating feature matrix. Time elapsed: 57.092 secs 
  -- Number of ever-active variables: 1989.
  -- Number of newly added variables: 1000.
  -- Total number of variables in the strong set: 2989.
  Start fitting Glmnet ...
  End fitting Glmnet. Elapsed time: 3.5881 mins 
  Start checking KKT condition ...
[1] "Time of convertion to validation matrix"
Time difference of 0.01516271 secs
[1] "Time of prediction on validation matrix"
Time difference of 5.511805 secs
  End checking KKT condition. Elapsed time: 2.5408 hours 
Time spent on this iteration: 2.6173 hours. Elapsed time since start: 1.4832 days.

Iteration 49. Now time: 2019-10-24 04:14:48
  Start updating feature matrix ...
  End updating feature matrix. Time elapsed: 58.1541 secs 
  -- Number of ever-active variables: 1989.
  -- Number of newly added variables: 1000.
  -- Total number of variables in the strong set: 2989.
  Start fitting Glmnet ...
  End fitting Glmnet. Elapsed time: 3.5462 mins 
  Start checking KKT condition ...
[1] "Time of convertion to validation matrix"
Time difference of 0.01603866 secs
[1] "Time of prediction on validation matrix"
Time difference of 5.472454 secs
  End checking KKT condition. Elapsed time: 2.5322 hours 
Time spent on this iteration: 2.6083 hours. Elapsed time since start: 1.5919 days.

Iteration 50. Now time: 2019-10-24 06:51:19
  Start updating feature matrix ...
  End updating feature matrix. Time elapsed: 46.3539 secs 
  -- Number of ever-active variables: 1989.
  -- Number of newly added variables: 1000.
  -- Total number of variables in the strong set: 2989.
  Start fitting Glmnet ...
  End fitting Glmnet. Elapsed time: 3.5471 mins 
  Start checking KKT condition ...
[1] "Time of convertion to validation matrix"
Time difference of 0.02728176 secs
[1] "Time of prediction on validation matrix"
Time difference of 5.363512 secs
  End checking KKT condition. Elapsed time: 2.5351 hours 
Time spent on this iteration: 2.6079 hours. Elapsed time since start: 1.7006 days.

Iteration 51. Now time: 2019-10-24 09:27:48
  Start updating feature matrix ...
  End updating feature matrix. Time elapsed: 55.8169 secs 
  -- Number of ever-active variables: 1989.
  -- Number of newly added variables: 1000.
  -- Total number of variables in the strong set: 2989.
  Start fitting Glmnet ...
  End fitting Glmnet. Elapsed time: 3.4958 mins 
  Start checking KKT condition ...
[1] "Time of convertion to validation matrix"
Time difference of 0.4541972 secs
[1] "Time of prediction on validation matrix"
Time difference of 5.187512 secs
  End checking KKT condition. Elapsed time: 2.485 hours 
Time spent on this iteration: 2.5598 hours. Elapsed time since start: 1.8073 days.

Iteration 52. Now time: 2019-10-24 12:01:24
  Start updating feature matrix ...
  End updating feature matrix. Time elapsed: 1.0042 mins 
  -- Number of ever-active variables: 1989.
  -- Number of newly added variables: 1000.
  -- Total number of variables in the strong set: 2989.
  Start fitting Glmnet ...
  End fitting Glmnet. Elapsed time: 3.414 mins 
  Start checking KKT condition ...
[1] "Time of convertion to validation matrix"
Time difference of 0.007235289 secs
[1] "Time of prediction on validation matrix"
Time difference of 5.192819 secs
  End checking KKT condition. Elapsed time: 2.4653 hours 
Time spent on this iteration: 2.5396 hours. Elapsed time since start: 1.9131 days.

Iteration 53. Now time: 2019-10-24 14:33:47
  Start updating feature matrix ...
  End updating feature matrix. Time elapsed: 1.0015 mins 
  -- Number of ever-active variables: 1989.
  -- Number of newly added variables: 1000.
  -- Total number of variables in the strong set: 2989.
  Start fitting Glmnet ...
  End fitting Glmnet. Elapsed time: 3.4307 mins 
  Start checking KKT condition ...
[1] "Time of convertion to validation matrix"
Time difference of 0.01767564 secs
[1] "Time of prediction on validation matrix"
Time difference of 5.581277 secs
  End checking KKT condition. Elapsed time: 2.4872 hours 
Time spent on this iteration: 2.5617 hours. Elapsed time since start: 2.0198 days.

Iteration 54. Now time: 2019-10-24 17:07:30
  Start updating feature matrix ...
  End updating feature matrix. Time elapsed: 41.4097 secs 
  -- Number of ever-active variables: 1989.
  -- Number of newly added variables: 1000.
  -- Total number of variables in the strong set: 2989.
  Start fitting Glmnet ...
  End fitting Glmnet. Elapsed time: 3.5233 mins 
  Start checking KKT condition ...
[1] "Time of convertion to validation matrix"
Time difference of 0.01394534 secs
[1] "Time of prediction on validation matrix"
Time difference of 5.568125 secs
  End checking KKT condition. Elapsed time: 2.6607 hours 
Time spent on this iteration: 2.7315 hours. Elapsed time since start: 2.1337 days.

Iteration 55. Now time: 2019-10-24 19:51:24
  Start updating feature matrix ...
  End updating feature matrix. Time elapsed: 1.0101 mins 
  -- Number of ever-active variables: 1989.
  -- Number of newly added variables: 1000.
  -- Total number of variables in the strong set: 2989.
  Start fitting Glmnet ...
  End fitting Glmnet. Elapsed time: 3.5601 mins 
  Start checking KKT condition ...
[1] "Time of convertion to validation matrix"
Time difference of 0.00991559 secs
[1] "Time of prediction on validation matrix"
Time difference of 5.532991 secs
  End checking KKT condition. Elapsed time: 2.618 hours 
Time spent on this iteration: 2.695 hours. Elapsed time since start: 2.246 days.

Iteration 56. Now time: 2019-10-24 22:33:07
  Start updating feature matrix ...
  End updating feature matrix. Time elapsed: 1.0345 mins 
  -- Number of ever-active variables: 1989.
  -- Number of newly added variables: 1000.
  -- Total number of variables in the strong set: 2989.
  Start fitting Glmnet ...
  End fitting Glmnet. Elapsed time: 3.5305 mins 
  Start checking KKT condition ...
[1] "Time of convertion to validation matrix"
Time difference of 0.008518219 secs
[1] "Time of prediction on validation matrix"
Time difference of 5.37973 secs
  End checking KKT condition. Elapsed time: 2.5979 hours 
Time spent on this iteration: 2.6749 hours. Elapsed time since start: 2.3574 days.

Iteration 57. Now time: 2019-10-25 01:13:38
  Start updating feature matrix ...
  End updating feature matrix. Time elapsed: 57.4843 secs 
  -- Number of ever-active variables: 1989.
  -- Number of newly added variables: 1000.
  -- Total number of variables in the strong set: 2989.
  Start fitting Glmnet ...
  End fitting Glmnet. Elapsed time: 3.4895 mins 
  Start checking KKT condition ...
[1] "Time of convertion to validation matrix"
Time difference of 0.00969553 secs
[1] "Time of prediction on validation matrix"
Time difference of 5.448445 secs
  End checking KKT condition. Elapsed time: 2.6118 hours 
Time spent on this iteration: 2.687 hours. Elapsed time since start: 2.4694 days.

Iteration 58. Now time: 2019-10-25 03:54:52
  Start updating feature matrix ...
  End updating feature matrix. Time elapsed: 58.5203 secs 
  -- Number of ever-active variables: 1989.
  -- Number of newly added variables: 1000.
  -- Total number of variables in the strong set: 2989.
  Start fitting Glmnet ...
  End fitting Glmnet. Elapsed time: 3.5607 mins 
  Start checking KKT condition ...
[1] "Time of convertion to validation matrix"
Time difference of 0.01490712 secs
[1] "Time of prediction on validation matrix"
Time difference of 5.494918 secs
  End checking KKT condition. Elapsed time: 2.6794 hours 
Time spent on this iteration: 2.756 hours. Elapsed time since start: 2.5842 days.

Iteration 59. Now time: 2019-10-25 06:40:14
  Start updating feature matrix ...
  End updating feature matrix. Time elapsed: 1.0678 mins 
  -- Number of ever-active variables: 1989.
  -- Number of newly added variables: 1000.
  -- Total number of variables in the strong set: 2989.
  Start fitting Glmnet ...
  End fitting Glmnet. Elapsed time: 3.5358 mins 
  Start checking KKT condition ...
[1] "Time of convertion to validation matrix"
Time difference of 0.01119852 secs
[1] "Time of prediction on validation matrix"
Time difference of 5.521317 secs
  End checking KKT condition. Elapsed time: 2.5872 hours 
Time spent on this iteration: 2.6649 hours. Elapsed time since start: 2.6953 days.

Iteration 60. Now time: 2019-10-25 09:20:09
  Start updating feature matrix ...
  End updating feature matrix. Time elapsed: 1.057 mins 
  -- Number of ever-active variables: 1989.
  -- Number of newly added variables: 1000.
  -- Total number of variables in the strong set: 2989.
  Start fitting Glmnet ...
  End fitting Glmnet. Elapsed time: 3.5818 mins 
  Start checking KKT condition ...
