[1] ‘2.0.20’
[1] "RH3"
Start snpnet: 2019-10-18 08:54:14 
Preprocessing start: 2019-10-18 08:54:14 
  Start computing stats for pnas ...
  End computing stats for pnas. Time elapsed: 43.8699 mins
  Start computing stats for means ...
  End computing stats for means. Time elapsed: 1.0231 hours
Preprocessing end: 2019-10-18 10:39:38 

Iteration 0. Now time: 2019-10-18 10:39:38 
  Start computing inner product for initialization ...
  End computing inner product for initialization. Elapsed time: 4.653 mins 

Iteration 1. Now time: 2019-10-18 10:44:23
  Start updating feature matrix ...
  End updating feature matrix. Time elapsed: 1.1217 mins 
  -- Number of ever-active variables: 7.
  -- Number of newly added variables: 1000.
  -- Total number of variables in the strong set: 1007.
  Start fitting Glmnet ...
  End fitting Glmnet. Elapsed time: 13.503 secs 
  Start checking KKT condition ...
[1] "Time of convertion to validation matrix"
Time difference of 0.0006372929 secs
[1] "Time of prediction on validation matrix"
Time difference of 1.512233 secs
  End checking KKT condition. Elapsed time: 29.6897 mins 
  -- Finished Lambda 1. Training Metric: 0.7524889. Validation Metric:  0.7504488 
  -- Finished Lambda 2. Training Metric: 0.7527837. Validation Metric:  0.7507553 
  -- Finished Lambda 3. Training Metric: 0.7530525. Validation Metric:  0.7510281 
  -- Finished Lambda 4. Training Metric: 0.7533008. Validation Metric:  0.751302 
  -- Finished Lambda 5. Training Metric: 0.7535267. Validation Metric:  0.7515265 
  -- Finished Lambda 6. Training Metric: 0.7538153. Validation Metric:  0.7518235 
  -- Finished Lambda 7. Training Metric: 0.7541934. Validation Metric:  0.7522329 
  -- Finished Lambda 8. Training Metric: 0.7545434. Validation Metric:  0.7526015 
  -- Finished Lambda 9. Training Metric: 0.7548664. Validation Metric:  0.7529579 
  -- Finished Lambda 10. Training Metric: 0.7551584. Validation Metric:  0.7532881 
Time spent on this iteration: 31.0667 mins. Elapsed time since start: 2.3534 hours.

Iteration 2. Now time: 2019-10-18 11:15:27
  Start updating feature matrix ...
  End updating feature matrix. Time elapsed: 57.6872 secs 
  -- Number of ever-active variables: 10.
  -- Number of newly added variables: 1000.
  -- Total number of variables in the strong set: 1010.
  Start fitting Glmnet ...
  End fitting Glmnet. Elapsed time: 18.2098 secs 
  Start checking KKT condition ...
[1] "Time of convertion to validation matrix"
Time difference of 0.0002748966 secs
[1] "Time of prediction on validation matrix"
Time difference of 2.196545 secs
  End checking KKT condition. Elapsed time: 37.5253 mins 
  -- Finished Lambda 11. Training Metric: 0.7554259. Validation Metric:  0.7536016 
  -- Finished Lambda 12. Training Metric: 0.7556722. Validation Metric:  0.7538819 
  -- Finished Lambda 13. Training Metric: 0.7559894. Validation Metric:  0.7541772 
  -- Finished Lambda 14. Training Metric: 0.7563993. Validation Metric:  0.754559 
  -- Finished Lambda 15. Training Metric: 0.7569061. Validation Metric:  0.754927 
Time spent on this iteration: 38.8437 mins. Elapsed time since start: 3.0011 hours.

Iteration 3. Now time: 2019-10-18 11:54:19
  Start updating feature matrix ...
  End updating feature matrix. Time elapsed: 56.1196 secs 
  -- Number of ever-active variables: 16.
  -- Number of newly added variables: 1000.
  -- Total number of variables in the strong set: 1016.
  Start fitting Glmnet ...
  End fitting Glmnet. Elapsed time: 23.0344 secs 
  Start checking KKT condition ...
[1] "Time of convertion to validation matrix"
Time difference of 0.0005364418 secs
[1] "Time of prediction on validation matrix"
Time difference of 2.417917 secs
  End checking KKT condition. Elapsed time: 48.8594 mins 
  -- Finished Lambda 16. Training Metric: 0.7575109. Validation Metric:  0.7553217 
  -- Finished Lambda 17. Training Metric: 0.7582176. Validation Metric:  0.755812 
  -- Finished Lambda 18. Training Metric: 0.7595758. Validation Metric:  0.7565262 
  -- Finished Lambda 19. Training Metric: 0.7615224. Validation Metric:  0.757455 
  -- Finished Lambda 20. Training Metric: 0.7643671. Validation Metric:  0.7584812 
Time spent on this iteration: 50.2238 mins. Elapsed time since start: 3.8384 hours.

Iteration 4. Now time: 2019-10-18 12:44:33
  Start updating feature matrix ...
  End updating feature matrix. Time elapsed: 46.9148 secs 
  -- Number of ever-active variables: 77.
  -- Number of newly added variables: 1000.
  -- Total number of variables in the strong set: 1077.
  Start fitting Glmnet ...
  End fitting Glmnet. Elapsed time: 37.3415 secs 
  Start checking KKT condition ...
[1] "Time of convertion to validation matrix"
Time difference of 0.000515461 secs
[1] "Time of prediction on validation matrix"
Time difference of 3.608689 secs
  End checking KKT condition. Elapsed time: 1.0792 hours 
  -- Finished Lambda 21. Training Metric: 0.7685138. Validation Metric:  0.7593072 
  -- Finished Lambda 22. Training Metric: 0.7747463. Validation Metric:  0.7595264 
  -- Finished Lambda 23. Training Metric: 0.7833768. Validation Metric:  0.7595625 
  -- Finished Lambda 24. Training Metric: 0.7948587. Validation Metric:  0.7596101 
Time spent on this iteration: 1.1033 hours. Elapsed time since start: 4.942 hours.

Iteration 5. Now time: 2019-10-18 13:50:46
  Start updating feature matrix ...
  End updating feature matrix. Time elapsed: 1.0064 mins 
  -- Number of ever-active variables: 480.
  -- Number of newly added variables: 1000.
  -- Total number of variables in the strong set: 1480.
  Start fitting Glmnet ...
  End fitting Glmnet. Elapsed time: 1.9109 mins 
  Start checking KKT condition ...
[1] "Time of convertion to validation matrix"
Time difference of 0.01104403 secs
[1] "Time of prediction on validation matrix"
Time difference of 3.817408 secs
  End checking KKT condition. Elapsed time: 1.4726 hours 
  -- Finished Lambda 25. Training Metric: 0.8085883. Validation Metric:  0.759422 
  -- Finished Lambda 26. Training Metric: 0.8247891. Validation Metric:  0.7586846 
Time spent on this iteration: 1.522 hours. Elapsed time since start: 6.4643 hours.

Early stopped at iteration 5 with validation metric: 0.7596103.
Previous ones: 0.759422001808449, 0.758684583406918.
End snpnet: 2019-10-18 15:22:06 
Total time elapsed: 6.464319 hours 
