[1] ‘2.0.20’
[1] "HC188"
Start snpnet: 2019-10-18 08:54:10 
Preprocessing start: 2019-10-18 08:54:10 
  Start computing stats for pnas ...
  End computing stats for pnas. Time elapsed: 47.2548 mins
  Start computing stats for means ...
  End computing stats for means. Time elapsed: 53.2003 mins
Preprocessing end: 2019-10-18 10:34:45 

Iteration 0. Now time: 2019-10-18 10:34:45 
  Start computing inner product for initialization ...
  End computing inner product for initialization. Elapsed time: 4.4705 mins 

Iteration 1. Now time: 2019-10-18 10:39:17
  Start updating feature matrix ...
  End updating feature matrix. Time elapsed: 58.0518 secs 
  -- Number of ever-active variables: 7.
  -- Number of newly added variables: 1000.
  -- Total number of variables in the strong set: 1007.
  Start fitting Glmnet ...
  End fitting Glmnet. Elapsed time: 11.6314 secs 
  Start checking KKT condition ...
[1] "Time of convertion to validation matrix"
Time difference of 0.0005304813 secs
[1] "Time of prediction on validation matrix"
Time difference of 1.224673 secs
  End checking KKT condition. Elapsed time: 23.8554 mins 
  -- Finished Lambda 1. Training Metric: 0.6411335. Validation Metric:  0.6486241 
  -- Finished Lambda 2. Training Metric: 0.6437344. Validation Metric:  0.650772 
  -- Finished Lambda 3. Training Metric: 0.646294. Validation Metric:  0.6528697 
  -- Finished Lambda 4. Training Metric: 0.6485128. Validation Metric:  0.6546477 
  -- Finished Lambda 5. Training Metric: 0.6504349. Validation Metric:  0.6561502 
  -- Finished Lambda 6. Training Metric: 0.652096. Validation Metric:  0.6574279 
  -- Finished Lambda 7. Training Metric: 0.6535278. Validation Metric:  0.6585091 
  -- Finished Lambda 8. Training Metric: 0.6547737. Validation Metric:  0.6594391 
  -- Finished Lambda 9. Training Metric: 0.6558573. Validation Metric:  0.6602333 
  -- Finished Lambda 10. Training Metric: 0.6568047. Validation Metric:  0.660912 
Time spent on this iteration: 25.047 mins. Elapsed time since start: 2.1694 hours.

Iteration 2. Now time: 2019-10-18 11:04:20
  Start updating feature matrix ...
  End updating feature matrix. Time elapsed: 44.7279 secs 
  -- Number of ever-active variables: 9.
  -- Number of newly added variables: 1000.
  -- Total number of variables in the strong set: 1009.
  Start fitting Glmnet ...
  End fitting Glmnet. Elapsed time: 16.7066 secs 
  Start checking KKT condition ...
[1] "Time of convertion to validation matrix"
Time difference of 0.0002019405 secs
[1] "Time of prediction on validation matrix"
Time difference of 1.851117 secs
  End checking KKT condition. Elapsed time: 33.5471 mins 
  -- Finished Lambda 11. Training Metric: 0.6576345. Validation Metric:  0.6614751 
  -- Finished Lambda 12. Training Metric: 0.6583658. Validation Metric:  0.6619671 
  -- Finished Lambda 13. Training Metric: 0.6590136. Validation Metric:  0.6623951 
  -- Finished Lambda 14. Training Metric: 0.6595842. Validation Metric:  0.6627528 
  -- Finished Lambda 15. Training Metric: 0.6600913. Validation Metric:  0.6630441 
Time spent on this iteration: 34.6026 mins. Elapsed time since start: 2.7463 hours.

Iteration 3. Now time: 2019-10-18 11:38:57
  Start updating feature matrix ...
  End updating feature matrix. Time elapsed: 38.0741 secs 
  -- Number of ever-active variables: 9.
  -- Number of newly added variables: 1000.
  -- Total number of variables in the strong set: 1009.
  Start fitting Glmnet ...
  End fitting Glmnet. Elapsed time: 18.4669 secs 
  Start checking KKT condition ...
[1] "Time of convertion to validation matrix"
Time difference of 0.0003676414 secs
[1] "Time of prediction on validation matrix"
Time difference of 2.049072 secs
  End checking KKT condition. Elapsed time: 43.2369 mins 
  -- Finished Lambda 16. Training Metric: 0.660545. Validation Metric:  0.6633085 
  -- Finished Lambda 17. Training Metric: 0.6609597. Validation Metric:  0.663537 
  -- Finished Lambda 18. Training Metric: 0.6614564. Validation Metric:  0.6638082 
  -- Finished Lambda 19. Training Metric: 0.6620306. Validation Metric:  0.6641911 
  -- Finished Lambda 20. Training Metric: 0.6626522. Validation Metric:  0.6646829 
Time spent on this iteration: 44.207 mins. Elapsed time since start: 3.4832 hours.

Iteration 4. Now time: 2019-10-18 12:23:10
  Start updating feature matrix ...
  End updating feature matrix. Time elapsed: 59.1333 secs 
  -- Number of ever-active variables: 14.
  -- Number of newly added variables: 1000.
  -- Total number of variables in the strong set: 1014.
  Start fitting Glmnet ...
  End fitting Glmnet. Elapsed time: 20.5314 secs 
  Start checking KKT condition ...
[1] "Time of convertion to validation matrix"
Time difference of 0.01141667 secs
[1] "Time of prediction on validation matrix"
Time difference of 1.949535 secs
  End checking KKT condition. Elapsed time: 1.0944 hours 
  -- Finished Lambda 21. Training Metric: 0.6633804. Validation Metric:  0.6653678 
  -- Finished Lambda 22. Training Metric: 0.664121. Validation Metric:  0.666044 
  -- Finished Lambda 23. Training Metric: 0.6649092. Validation Metric:  0.6667911 
  -- Finished Lambda 24. Training Metric: 0.665783. Validation Metric:  0.6676349 
  -- Finished Lambda 25. Training Metric: 0.6667302. Validation Metric:  0.6684991 
Time spent on this iteration: 1.1173 hours. Elapsed time since start: 4.6007 hours.

Iteration 5. Now time: 2019-10-18 13:30:13
  Start updating feature matrix ...
  End updating feature matrix. Time elapsed: 55.2273 secs 
  -- Number of ever-active variables: 22.
  -- Number of newly added variables: 1000.
  -- Total number of variables in the strong set: 1022.
  Start fitting Glmnet ...
  End fitting Glmnet. Elapsed time: 23.6412 secs 
  Start checking KKT condition ...
[1] "Time of convertion to validation matrix"
Time difference of 0.00839901 secs
[1] "Time of prediction on validation matrix"
Time difference of 2.643825 secs
  End checking KKT condition. Elapsed time: 1.2111 hours 
  -- Finished Lambda 26. Training Metric: 0.6677979. Validation Metric:  0.6694386 
  -- Finished Lambda 27. Training Metric: 0.6688705. Validation Metric:  0.6703956 
  -- Finished Lambda 28. Training Metric: 0.6698744. Validation Metric:  0.6712885 
  -- Finished Lambda 29. Training Metric: 0.6708297. Validation Metric:  0.6721414 
  -- Finished Lambda 30. Training Metric: 0.6717771. Validation Metric:  0.6729921 
Time spent on this iteration: 1.2338 hours. Elapsed time since start: 5.8347 hours.

Iteration 6. Now time: 2019-10-18 14:44:15
  Start updating feature matrix ...
  End updating feature matrix. Time elapsed: 1.0202 mins 
  -- Number of ever-active variables: 37.
  -- Number of newly added variables: 1000.
  -- Total number of variables in the strong set: 1037.
  Start fitting Glmnet ...
  End fitting Glmnet. Elapsed time: 29.4246 secs 
  Start checking KKT condition ...
[1] "Time of convertion to validation matrix"
Time difference of 0.01710796 secs
[1] "Time of prediction on validation matrix"
Time difference of 3.276658 secs
  End checking KKT condition. Elapsed time: 2.2233 hours 
  -- Finished Lambda 31. Training Metric: 0.6729402. Validation Metric:  0.6739607 
  -- Finished Lambda 32. Training Metric: 0.6744037. Validation Metric:  0.6750875 
  -- Finished Lambda 33. Training Metric: 0.6761669. Validation Metric:  0.6762186 
  -- Finished Lambda 34. Training Metric: 0.6785286. Validation Metric:  0.6773322 
  -- Finished Lambda 35. Training Metric: 0.6817365. Validation Metric:  0.6785238 
Time spent on this iteration: 2.249 hours. Elapsed time since start: 8.0839 hours.

Iteration 7. Now time: 2019-10-18 16:59:12
  Start updating feature matrix ...
  End updating feature matrix. Time elapsed: 1.4199 mins 
  -- Number of ever-active variables: 181.
  -- Number of newly added variables: 1000.
  -- Total number of variables in the strong set: 1181.
  Start fitting Glmnet ...
  End fitting Glmnet. Elapsed time: 50.853 secs 
  Start checking KKT condition ...
[1] "Time of convertion to validation matrix"
Time difference of 0.02219439 secs
[1] "Time of prediction on validation matrix"
Time difference of 3.176018 secs
  End checking KKT condition. Elapsed time: 2.7531 hours 
  -- Finished Lambda 36. Training Metric: 0.6861633. Validation Metric:  0.679757 
  -- Finished Lambda 37. Training Metric: 0.6921585. Validation Metric:  0.6808964 
  -- Finished Lambda 38. Training Metric: 0.6996367. Validation Metric:  0.6822241 
  -- Finished Lambda 39. Training Metric: 0.7087692. Validation Metric:  0.6831202 
Time spent on this iteration: 2.7916 hours. Elapsed time since start: 10.8757 hours.

Iteration 8. Now time: 2019-10-18 19:46:43
  Start updating feature matrix ...
  End updating feature matrix. Time elapsed: 59.0548 secs 
  -- Number of ever-active variables: 711.
  -- Number of newly added variables: 1000.
  -- Total number of variables in the strong set: 1711.
  Start fitting Glmnet ...
  End fitting Glmnet. Elapsed time: 1.9098 mins 
  Start checking KKT condition ...
[1] "Time of convertion to validation matrix"
Time difference of 0.01847458 secs
[1] "Time of prediction on validation matrix"
Time difference of 3.783536 secs
  End checking KKT condition. Elapsed time: 2.9614 hours 
  -- Finished Lambda 40. Training Metric: 0.7194976. Validation Metric:  0.6837153 
Time spent on this iteration: 3.0101 hours. Elapsed time since start: 13.8859 hours.

Iteration 9. Now time: 2019-10-18 22:47:20
  Start updating feature matrix ...
  End updating feature matrix. Time elapsed: 1.0189 mins 
  -- Number of ever-active variables: 976.
  -- Number of newly added variables: 1000.
  -- Total number of variables in the strong set: 1976.
  Start fitting Glmnet ...
  End fitting Glmnet. Elapsed time: 2.2464 mins 
  Start checking KKT condition ...
[1] "Time of convertion to validation matrix"
Time difference of 0.01315808 secs
[1] "Time of prediction on validation matrix"
Time difference of 4.951061 secs
  End checking KKT condition. Elapsed time: 3.0364 hours 
  -- Finished Lambda 41. Training Metric: 0.7319961. Validation Metric:  0.6840665 
Time spent on this iteration: 3.0913 hours. Elapsed time since start: 16.9774 hours.

Iteration 10. Now time: 2019-10-19 01:52:49
  Start updating feature matrix ...
  End updating feature matrix. Time elapsed: 1.2524 mins 
  -- Number of ever-active variables: 1300.
  -- Number of newly added variables: 1000.
  -- Total number of variables in the strong set: 2300.
  Start fitting Glmnet ...
  End fitting Glmnet. Elapsed time: 2.8505 mins 
  Start checking KKT condition ...
[1] "Time of convertion to validation matrix"
Time difference of 0.009729624 secs
[1] "Time of prediction on validation matrix"
Time difference of 6.215219 secs
  End checking KKT condition. Elapsed time: 3.1118 hours 
  -- Finished Lambda 42. Training Metric: 0.7464854. Validation Metric:  0.6840334 
Time spent on this iteration: 3.181 hours. Elapsed time since start: 20.1587 hours.

Iteration 11. Now time: 2019-10-19 05:03:41
  Start updating feature matrix ...
  End updating feature matrix. Time elapsed: 1.0159 mins 
  -- Number of ever-active variables: 1765.
  -- Number of newly added variables: 1000.
  -- Total number of variables in the strong set: 2765.
  Start fitting Glmnet ...
  End fitting Glmnet. Elapsed time: 5.4953 mins 
  Start checking KKT condition ...
[1] "Time of convertion to validation matrix"
Time difference of 0.01338983 secs
[1] "Time of prediction on validation matrix"
Time difference of 6.834331 secs
  End checking KKT condition. Elapsed time: 3.3914 hours 
Time spent on this iteration: 3.5005 hours. Elapsed time since start: 23.6593 hours.

Iteration 12. Now time: 2019-10-19 08:33:44
  Start updating feature matrix ...
  End updating feature matrix. Time elapsed: 1.0996 mins 
  -- Number of ever-active variables: 1766.
  -- Number of newly added variables: 1000.
  -- Total number of variables in the strong set: 2766.
  Start fitting Glmnet ...
  End fitting Glmnet. Elapsed time: 5.5282 mins 
  Start checking KKT condition ...
[1] "Time of convertion to validation matrix"
Time difference of 0.0215776 secs
[1] "Time of prediction on validation matrix"
Time difference of 6.980605 secs
  End checking KKT condition. Elapsed time: 3.3948 hours 
Time spent on this iteration: 3.5062 hours. Elapsed time since start: 1.1319 days.

Iteration 13. Now time: 2019-10-19 12:04:07
  Start updating feature matrix ...
  End updating feature matrix. Time elapsed: 1.1768 mins 
  -- Number of ever-active variables: 1766.
  -- Number of newly added variables: 1000.
  -- Total number of variables in the strong set: 2766.
  Start fitting Glmnet ...
  End fitting Glmnet. Elapsed time: 5.5838 mins 
  Start checking KKT condition ...
[1] "Time of convertion to validation matrix"
Time difference of 0.03045225 secs
[1] "Time of prediction on validation matrix"
Time difference of 6.770054 secs
  End checking KKT condition. Elapsed time: 3.5297 hours 
Time spent on this iteration: 3.6432 hours. Elapsed time since start: 1.2837 days.

Iteration 14. Now time: 2019-10-19 15:42:43
  Start updating feature matrix ...
  End updating feature matrix. Time elapsed: 1.0027 mins 
  -- Number of ever-active variables: 1766.
  -- Number of newly added variables: 1000.
  -- Total number of variables in the strong set: 2766.
  Start fitting Glmnet ...
  End fitting Glmnet. Elapsed time: 5.5109 mins 
  Start checking KKT condition ...
[1] "Time of convertion to validation matrix"
Time difference of 0.009987593 secs
[1] "Time of prediction on validation matrix"
Time difference of 6.8515 secs
  End checking KKT condition. Elapsed time: 3.3479 hours 
Time spent on this iteration: 3.4574 hours. Elapsed time since start: 1.4278 days.

Iteration 15. Now time: 2019-10-19 19:10:11
  Start updating feature matrix ...
  End updating feature matrix. Time elapsed: 1.1497 mins 
  -- Number of ever-active variables: 1766.
  -- Number of newly added variables: 1000.
  -- Total number of variables in the strong set: 2766.
  Start fitting Glmnet ...
  End fitting Glmnet. Elapsed time: 5.44 mins 
  Start checking KKT condition ...
[1] "Time of convertion to validation matrix"
Time difference of 0.01230145 secs
[1] "Time of prediction on validation matrix"
Time difference of 7.19898 secs
  End checking KKT condition. Elapsed time: 3.4936 hours 
Time spent on this iteration: 3.604 hours. Elapsed time since start: 1.578 days.

Iteration 16. Now time: 2019-10-19 22:46:26
  Start updating feature matrix ...
  End updating feature matrix. Time elapsed: 1.0652 mins 
  -- Number of ever-active variables: 1766.
  -- Number of newly added variables: 1000.
  -- Total number of variables in the strong set: 2766.
  Start fitting Glmnet ...
  End fitting Glmnet. Elapsed time: 5.2145 mins 
  Start checking KKT condition ...
[1] "Time of convertion to validation matrix"
Time difference of 0.01152325 secs
[1] "Time of prediction on validation matrix"
Time difference of 6.286291 secs
  End checking KKT condition. Elapsed time: 3.5124 hours 
Time spent on this iteration: 3.6176 hours. Elapsed time since start: 1.7287 days.

Iteration 17. Now time: 2019-10-20 02:23:30
  Start updating feature matrix ...
  End updating feature matrix. Time elapsed: 59.2201 secs 
  -- Number of ever-active variables: 1766.
  -- Number of newly added variables: 1000.
  -- Total number of variables in the strong set: 2766.
  Start fitting Glmnet ...
  End fitting Glmnet. Elapsed time: 5.2609 mins 
  Start checking KKT condition ...
[1] "Time of convertion to validation matrix"
Time difference of 0.006050825 secs
[1] "Time of prediction on validation matrix"
Time difference of 6.551504 secs
  End checking KKT condition. Elapsed time: 3.4241 hours 
Time spent on this iteration: 3.5291 hours. Elapsed time since start: 1.8757 days.

Iteration 18. Now time: 2019-10-20 05:55:15
  Start updating feature matrix ...
  End updating feature matrix. Time elapsed: 1.0956 mins 
  -- Number of ever-active variables: 1766.
  -- Number of newly added variables: 1000.
  -- Total number of variables in the strong set: 2766.
  Start fitting Glmnet ...
  End fitting Glmnet. Elapsed time: 5.3262 mins 
  Start checking KKT condition ...
