[1] ‘2.0.20’
[1] "HC171"
Start snpnet: 2019-10-18 08:54:04 
Preprocessing start: 2019-10-18 08:54:04 
  Start computing stats for pnas ...
  End computing stats for pnas. Time elapsed: 42.5955 mins
  Start computing stats for means ...
  End computing stats for means. Time elapsed: 54.3899 mins
Preprocessing end: 2019-10-18 10:31:13 

Iteration 0. Now time: 2019-10-18 10:31:13 
  Start computing inner product for initialization ...
  End computing inner product for initialization. Elapsed time: 4.8744 mins 

Iteration 1. Now time: 2019-10-18 10:36:09
  Start updating feature matrix ...
  End updating feature matrix. Time elapsed: 59.9467 secs 
  -- Number of ever-active variables: 7.
  -- Number of newly added variables: 1000.
  -- Total number of variables in the strong set: 1007.
  Start fitting Glmnet ...
  End fitting Glmnet. Elapsed time: 14.3955 secs 
  Start checking KKT condition ...
[1] "Time of convertion to validation matrix"
Time difference of 0.0004737377 secs
[1] "Time of prediction on validation matrix"
Time difference of 1.390278 secs
  End checking KKT condition. Elapsed time: 26.9256 mins 
  -- Finished Lambda 1. Training Metric: 0.7015399. Validation Metric:  0.707522 
  -- Finished Lambda 2. Training Metric: 0.7021375. Validation Metric:  0.7074468 
  -- Finished Lambda 3. Training Metric: 0.7039621. Validation Metric:  0.7068636 
  -- Finished Lambda 4. Training Metric: 0.7067617. Validation Metric:  0.7059466 
  -- Finished Lambda 5. Training Metric: 0.7100699. Validation Metric:  0.705617 
  -- Finished Lambda 6. Training Metric: 0.7152835. Validation Metric:  0.7058951 
  -- Finished Lambda 7. Training Metric: 0.7230813. Validation Metric:  0.706377 
  -- Finished Lambda 8. Training Metric: 0.7339365. Validation Metric:  0.7048592 
  -- Finished Lambda 9. Training Metric: 0.7479418. Validation Metric:  0.704107 
  -- Finished Lambda 10. Training Metric: 0.7655415. Validation Metric:  0.7029727 
Time spent on this iteration: 28.193 mins. Elapsed time since start: 2.1712 hours.

Early stopped at iteration 1 with validation metric: 0.707522.
Previous ones: 0.704107018156474, 0.702972705931354.
End snpnet: 2019-10-18 11:04:21 
Total time elapsed: 2.171173 hours 
