[1] ‘2.0.20’
[1] "cancer1034"
Start snpnet: 2019-10-18 08:54:01 
Preprocessing start: 2019-10-18 08:54:01 
  Start computing stats for pnas ...
  End computing stats for pnas. Time elapsed: 47.5042 mins
  Start computing stats for means ...
  End computing stats for means. Time elapsed: 54.3538 mins
Preprocessing end: 2019-10-18 10:36:05 

Iteration 0. Now time: 2019-10-18 10:36:05 
  Start computing inner product for initialization ...
  End computing inner product for initialization. Elapsed time: 4.6658 mins 

Iteration 1. Now time: 2019-10-18 10:40:49
  Start updating feature matrix ...
  End updating feature matrix. Time elapsed: 59.0937 secs 
  -- Number of ever-active variables: 7.
  -- Number of newly added variables: 1000.
  -- Total number of variables in the strong set: 1007.
  Start fitting Glmnet ...
  End fitting Glmnet. Elapsed time: 16.3926 secs 
  Start checking KKT condition ...
[1] "Time of convertion to validation matrix"
Time difference of 0.000191927 secs
[1] "Time of prediction on validation matrix"
Time difference of 1.225037 secs
  End checking KKT condition. Elapsed time: 24.6771 mins 
  -- Finished Lambda 1. Training Metric: 0.6842663. Validation Metric:  0.6714009 
  -- Finished Lambda 2. Training Metric: 0.6850675. Validation Metric:  0.6711416 
  -- Finished Lambda 3. Training Metric: 0.686194. Validation Metric:  0.6711383 
  -- Finished Lambda 4. Training Metric: 0.6876647. Validation Metric:  0.6712025 
  -- Finished Lambda 5. Training Metric: 0.6898193. Validation Metric:  0.6709838 
  -- Finished Lambda 6. Training Metric: 0.6952542. Validation Metric:  0.67003 
  -- Finished Lambda 7. Training Metric: 0.7041054. Validation Metric:  0.6686967 
  -- Finished Lambda 8. Training Metric: 0.7174974. Validation Metric:  0.6653411 
  -- Finished Lambda 9. Training Metric: 0.7358861. Validation Metric:  0.6613719 
  -- Finished Lambda 10. Training Metric: 0.7610897. Validation Metric:  0.6568509 
Time spent on this iteration: 25.9653 mins. Elapsed time since start: 2.2128 hours.

Early stopped at iteration 1 with validation metric: 0.6714009.
Previous ones: 0.661371879984617, 0.656850923641646.
End snpnet: 2019-10-18 11:06:47 
Total time elapsed: 2.212819 hours 
