[/var/spool/slurmd/job52901233/slurm_script 20191018-085332] [start] hostname = sh-109-54.int SLURM_JOBID = 52901233; phenotype = cancer1060
tmp_dir = /lscratch/ytanigaw/tmp-snpnet_wrapper.sh-20191018-085333-cMugLudQve
===================config_file===================
#key	val
snpnet_dir	/oak/stanford/groups/mrivas/software/snpnet
mem2bufferSizeDivisionFactor	5
cpu	8
mem	150000
niter	100
genotype_dir	/scratch/users/ytanigaw/tmp/snpnet/geno/array_combined
out_dir_root	/oak/stanford/groups/mrivas/users/ytanigaw/repos/rivas-lab/public-resources/uk_biobank/biomarkers/snpnet/disease_outcome/out
phenotype_file	/oak/stanford/groups/mrivas/users/ytanigaw/repos/rivas-lab/public-resources/uk_biobank/biomarkers/snpnet/disease_outcome/phe/phe.tsv
phenotype_name	cancer1060
family	binomial
covariates	age,sex,Array,PC1,PC2,PC3,PC4
prevIter	0
===================config_file===================
Loading required package: tidyverse
── Attaching packages ─────────────────────────────────────── tidyverse 1.2.1 ──
✔ ggplot2 3.1.0       ✔ purrr   0.3.1  
✔ tibble  2.0.1       ✔ dplyr   0.8.0.1
✔ tidyr   0.8.3       ✔ stringr 1.4.0  
✔ readr   1.3.1       ✔ forcats 0.4.0  
── Conflicts ────────────────────────────────────────── tidyverse_conflicts() ──
✖ dplyr::filter() masks stats::filter()
✖ dplyr::lag()    masks stats::lag()
Loading required package: data.table

Attaching package: ‘data.table’

The following objects are masked from ‘package:dplyr’:

    between, first, last

The following object is masked from ‘package:purrr’:

    transpose

Loading required package: glmnet
Loading required package: Matrix

Attaching package: ‘Matrix’

The following object is masked from ‘package:tidyr’:

    expand

Loading required package: foreach

Attaching package: ‘foreach’

The following objects are masked from ‘package:purrr’:

    accumulate, when

Loaded glmnet 2.0-20

Loading required package: survival
Loading snpnet
Extracting number of samples and rownames from train.fam...
Extracting number of variants and colnames from train.bim...
Extracting number of samples and rownames from val.fam...
Extracting number of variants and colnames from val.bim...
slurmstepd: error: *** JOB 52901233 ON sh-109-54 CANCELLED AT 2019-10-20T08:53:35 DUE TO TIME LIMIT ***
