[1] ‘2.0.20’
[1] "HC294"
Start snpnet: 2019-10-18 08:54:06 
Preprocessing start: 2019-10-18 08:54:06 
  Start computing stats for pnas ...
  End computing stats for pnas. Time elapsed: 42.0485 mins
  Start computing stats for means ...
  End computing stats for means. Time elapsed: 54.5893 mins
Preprocessing end: 2019-10-18 10:30:52 

Iteration 0. Now time: 2019-10-18 10:30:52 
  Start computing inner product for initialization ...
  End computing inner product for initialization. Elapsed time: 5.1176 mins 

Iteration 1. Now time: 2019-10-18 10:36:03
  Start updating feature matrix ...
  End updating feature matrix. Time elapsed: 1.0067 mins 
  -- Number of ever-active variables: 7.
  -- Number of newly added variables: 1000.
  -- Total number of variables in the strong set: 1007.
  Start fitting Glmnet ...
  End fitting Glmnet. Elapsed time: 15.2749 secs 
  Start checking KKT condition ...
[1] "Time of convertion to validation matrix"
Time difference of 0.0004246235 secs
[1] "Time of prediction on validation matrix"
Time difference of 1.454637 secs
  End checking KKT condition. Elapsed time: 27.6564 mins 
  -- Finished Lambda 1. Training Metric: 0.701465. Validation Metric:  0.7095188 
  -- Finished Lambda 2. Training Metric: 0.7015517. Validation Metric:  0.7095315 
  -- Finished Lambda 3. Training Metric: 0.7016594. Validation Metric:  0.7095679 
  -- Finished Lambda 4. Training Metric: 0.7018659. Validation Metric:  0.7096079 
  -- Finished Lambda 5. Training Metric: 0.7022587. Validation Metric:  0.7095821 
  -- Finished Lambda 6. Training Metric: 0.703091. Validation Metric:  0.7096278 
  -- Finished Lambda 7. Training Metric: 0.7043216. Validation Metric:  0.7094691 
  -- Finished Lambda 8. Training Metric: 0.7062945. Validation Metric:  0.7093865 
  -- Finished Lambda 9. Training Metric: 0.7095317. Validation Metric:  0.7092696 
  -- Finished Lambda 10. Training Metric: 0.7141113. Validation Metric:  0.7090006 
Time spent on this iteration: 28.9481 mins. Elapsed time since start: 2.1816 hours.

Early stopped at iteration 1 with validation metric: 0.7096278.
Previous ones: 0.709269574933583, 0.709000577557049.
End snpnet: 2019-10-18 11:05:00 
Total time elapsed: 2.181624 hours 
