======================
imp_check.53270079_1.err

The following have been reloaded with a version change:
  1) anaconda/sherlock2 => anaconda/Anaconda3-5.3.0-Linux-x86_64_20181113

[/var/spool/slurmd/job53270086/slurm_script 20191024-170311] [array-start] hostname = sh-117-14.int SLURM_JOBID = 53270086; SLURM_ARRAY_TASK_ID = 1; phe = Alanine_aminotransferase
tmp_dir = /lscratch/ytanigaw/tmp-meta_imp_flip_check.sh-20191024-170311-tchHNm3nOR
[/var/spool/slurmd/job53270086/slurm_script 20191024-171400] [array-end] hostname = sh-117-14.int SLURM_JOBID = 53270086; SLURM_ARRAY_TASK_ID = 1; phe = Alanine_aminotransferase
======================
imp_check.53270079_2.err

The following have been reloaded with a version change:
  1) anaconda/sherlock2 => anaconda/Anaconda3-5.3.0-Linux-x86_64_20181113

[/var/spool/slurmd/job53270087/slurm_script 20191024-170258] [array-start] hostname = sh-106-53.int SLURM_JOBID = 53270087; SLURM_ARRAY_TASK_ID = 2; phe = Albumin
tmp_dir = /lscratch/ytanigaw/tmp-meta_imp_flip_check.sh-20191024-170258-dlA6sZx5ru
[/var/spool/slurmd/job53270087/slurm_script 20191024-171218] [array-end] hostname = sh-106-53.int SLURM_JOBID = 53270087; SLURM_ARRAY_TASK_ID = 2; phe = Albumin
======================
imp_check.53270079_3.err

The following have been reloaded with a version change:
  1) anaconda/sherlock2 => anaconda/Anaconda3-5.3.0-Linux-x86_64_20181113

[/var/spool/slurmd/job53270088/slurm_script 20191024-170258] [array-start] hostname = sh-108-64.int SLURM_JOBID = 53270088; SLURM_ARRAY_TASK_ID = 3; phe = Alkaline_phosphatase
tmp_dir = /lscratch/ytanigaw/tmp-meta_imp_flip_check.sh-20191024-170258-vKxdpoX4QF
[/var/spool/slurmd/job53270088/slurm_script 20191024-172051] [array-end] hostname = sh-108-64.int SLURM_JOBID = 53270088; SLURM_ARRAY_TASK_ID = 3; phe = Alkaline_phosphatase
======================
imp_check.53270079_4.err

The following have been reloaded with a version change:
  1) anaconda/sherlock2 => anaconda/Anaconda3-5.3.0-Linux-x86_64_20181113

[/var/spool/slurmd/job53270089/slurm_script 20191024-170309] [array-start] hostname = sh-117-17.int SLURM_JOBID = 53270089; SLURM_ARRAY_TASK_ID = 4; phe = Apolipoprotein_A
tmp_dir = /lscratch/ytanigaw/tmp-meta_imp_flip_check.sh-20191024-170309-0DiTc6M6ah
[/var/spool/slurmd/job53270089/slurm_script 20191024-172211] [array-end] hostname = sh-117-17.int SLURM_JOBID = 53270089; SLURM_ARRAY_TASK_ID = 4; phe = Apolipoprotein_A
======================
imp_check.53270079_5.err

The following have been reloaded with a version change:
  1) anaconda/sherlock2 => anaconda/Anaconda3-5.3.0-Linux-x86_64_20181113

[/var/spool/slurmd/job53270090/slurm_script 20191024-170309] [array-start] hostname = sh-117-17.int SLURM_JOBID = 53270090; SLURM_ARRAY_TASK_ID = 5; phe = Apolipoprotein_B_adjstatins
tmp_dir = /lscratch/ytanigaw/tmp-meta_imp_flip_check.sh-20191024-170309-Q8xq0voGiu
[/var/spool/slurmd/job53270090/slurm_script 20191024-172206] [array-end] hostname = sh-117-17.int SLURM_JOBID = 53270090; SLURM_ARRAY_TASK_ID = 5; phe = Apolipoprotein_B_adjstatins
======================
imp_check.53270079_6.err

The following have been reloaded with a version change:
  1) anaconda/sherlock2 => anaconda/Anaconda3-5.3.0-Linux-x86_64_20181113

[/var/spool/slurmd/job53270091/slurm_script 20191024-170258] [array-start] hostname = sh-106-56.int SLURM_JOBID = 53270091; SLURM_ARRAY_TASK_ID = 6; phe = Apolipoprotein_B
tmp_dir = /lscratch/ytanigaw/tmp-meta_imp_flip_check.sh-20191024-170258-tIWat1wCxO
[/var/spool/slurmd/job53270091/slurm_script 20191024-172139] [array-end] hostname = sh-106-56.int SLURM_JOBID = 53270091; SLURM_ARRAY_TASK_ID = 6; phe = Apolipoprotein_B
======================
imp_check.53270079_7.err

The following have been reloaded with a version change:
  1) anaconda/sherlock2 => anaconda/Anaconda3-5.3.0-Linux-x86_64_20181113

[/var/spool/slurmd/job53270092/slurm_script 20191024-170257] [array-start] hostname = sh-107-38.int SLURM_JOBID = 53270092; SLURM_ARRAY_TASK_ID = 7; phe = Aspartate_aminotransferase
tmp_dir = /lscratch/ytanigaw/tmp-meta_imp_flip_check.sh-20191024-170257-znQqDrRXuY
[/var/spool/slurmd/job53270092/slurm_script 20191024-172121] [array-end] hostname = sh-107-38.int SLURM_JOBID = 53270092; SLURM_ARRAY_TASK_ID = 7; phe = Aspartate_aminotransferase
======================
imp_check.53270079_8.err

The following have been reloaded with a version change:
  1) anaconda/sherlock2 => anaconda/Anaconda3-5.3.0-Linux-x86_64_20181113

[/var/spool/slurmd/job53270093/slurm_script 20191024-170257] [array-start] hostname = sh-108-65.int SLURM_JOBID = 53270093; SLURM_ARRAY_TASK_ID = 8; phe = Calcium
tmp_dir = /lscratch/ytanigaw/tmp-meta_imp_flip_check.sh-20191024-170257-QVAHcAjNCu
[/var/spool/slurmd/job53270093/slurm_script 20191024-172014] [array-end] hostname = sh-108-65.int SLURM_JOBID = 53270093; SLURM_ARRAY_TASK_ID = 8; phe = Calcium
======================
imp_check.53270079_9.err

The following have been reloaded with a version change:
  1) anaconda/sherlock2 => anaconda/Anaconda3-5.3.0-Linux-x86_64_20181113

[/var/spool/slurmd/job53270094/slurm_script 20191024-170258] [array-start] hostname = sh-109-31.int SLURM_JOBID = 53270094; SLURM_ARRAY_TASK_ID = 9; phe = Cholesterol_adjstatins
tmp_dir = /lscratch/ytanigaw/tmp-meta_imp_flip_check.sh-20191024-170258-bhVmccSqmE
[/var/spool/slurmd/job53270094/slurm_script 20191024-171959] [array-end] hostname = sh-109-31.int SLURM_JOBID = 53270094; SLURM_ARRAY_TASK_ID = 9; phe = Cholesterol_adjstatins
======================
imp_check.53270079_10.err

The following have been reloaded with a version change:
  1) anaconda/sherlock2 => anaconda/Anaconda3-5.3.0-Linux-x86_64_20181113

[/var/spool/slurmd/job53270095/slurm_script 20191024-170258] [array-start] hostname = sh-110-09.int SLURM_JOBID = 53270095; SLURM_ARRAY_TASK_ID = 10; phe = Cholesterol
tmp_dir = /lscratch/ytanigaw/tmp-meta_imp_flip_check.sh-20191024-170258-PyZJcmuuBL
[/var/spool/slurmd/job53270095/slurm_script 20191024-172209] [array-end] hostname = sh-110-09.int SLURM_JOBID = 53270095; SLURM_ARRAY_TASK_ID = 10; phe = Cholesterol
======================
imp_check.53270079_11.err

The following have been reloaded with a version change:
  1) anaconda/sherlock2 => anaconda/Anaconda3-5.3.0-Linux-x86_64_20181113

[/var/spool/slurmd/job53270096/slurm_script 20191024-170258] [array-start] hostname = sh-110-09.int SLURM_JOBID = 53270096; SLURM_ARRAY_TASK_ID = 11; phe = C_reactive_protein
tmp_dir = /lscratch/ytanigaw/tmp-meta_imp_flip_check.sh-20191024-170258-g1Y4NZJSOe
[/var/spool/slurmd/job53270096/slurm_script 20191024-172249] [array-end] hostname = sh-110-09.int SLURM_JOBID = 53270096; SLURM_ARRAY_TASK_ID = 11; phe = C_reactive_protein
======================
imp_check.53270079_12.err

The following have been reloaded with a version change:
  1) anaconda/sherlock2 => anaconda/Anaconda3-5.3.0-Linux-x86_64_20181113

[/var/spool/slurmd/job53270097/slurm_script 20191024-170258] [array-start] hostname = sh-110-09.int SLURM_JOBID = 53270097; SLURM_ARRAY_TASK_ID = 12; phe = Creatinine_in_urine
tmp_dir = /lscratch/ytanigaw/tmp-meta_imp_flip_check.sh-20191024-170258-RMZ0PNDsnj
[/var/spool/slurmd/job53270097/slurm_script 20191024-171431] [array-end] hostname = sh-110-09.int SLURM_JOBID = 53270097; SLURM_ARRAY_TASK_ID = 12; phe = Creatinine_in_urine
======================
imp_check.53270079_13.err

The following have been reloaded with a version change:
  1) anaconda/sherlock2 => anaconda/Anaconda3-5.3.0-Linux-x86_64_20181113

[/var/spool/slurmd/job53270098/slurm_script 20191024-170309] [array-start] hostname = sh-117-19.int SLURM_JOBID = 53270098; SLURM_ARRAY_TASK_ID = 13; phe = Creatinine
tmp_dir = /lscratch/ytanigaw/tmp-meta_imp_flip_check.sh-20191024-170309-bgyFiunfVa
[/var/spool/slurmd/job53270098/slurm_script 20191024-171536] [array-end] hostname = sh-117-19.int SLURM_JOBID = 53270098; SLURM_ARRAY_TASK_ID = 13; phe = Creatinine
======================
imp_check.53270079_14.err

The following have been reloaded with a version change:
  1) anaconda/sherlock2 => anaconda/Anaconda3-5.3.0-Linux-x86_64_20181113

[/var/spool/slurmd/job53270099/slurm_script 20191024-170258] [array-start] hostname = sh-104-01.int SLURM_JOBID = 53270099; SLURM_ARRAY_TASK_ID = 14; phe = Cystatin_C
tmp_dir = /lscratch/ytanigaw/tmp-meta_imp_flip_check.sh-20191024-170258-3rhHeRMn1t
[/var/spool/slurmd/job53270099/slurm_script 20191024-172139] [array-end] hostname = sh-104-01.int SLURM_JOBID = 53270099; SLURM_ARRAY_TASK_ID = 14; phe = Cystatin_C
======================
imp_check.53270079_15.err

The following have been reloaded with a version change:
  1) anaconda/sherlock2 => anaconda/Anaconda3-5.3.0-Linux-x86_64_20181113

[/var/spool/slurmd/job53270100/slurm_script 20191024-170258] [array-start] hostname = sh-104-04.int SLURM_JOBID = 53270100; SLURM_ARRAY_TASK_ID = 15; phe = Direct_bilirubin
tmp_dir = /lscratch/ytanigaw/tmp-meta_imp_flip_check.sh-20191024-170258-ZCCVob9t9c
[/var/spool/slurmd/job53270100/slurm_script 20191024-172009] [array-end] hostname = sh-104-04.int SLURM_JOBID = 53270100; SLURM_ARRAY_TASK_ID = 15; phe = Direct_bilirubin
======================
imp_check.53270079_16.err

The following have been reloaded with a version change:
  1) anaconda/sherlock2 => anaconda/Anaconda3-5.3.0-Linux-x86_64_20181113

[/var/spool/slurmd/job53270101/slurm_script 20191024-170257] [array-start] hostname = sh-104-08.int SLURM_JOBID = 53270101; SLURM_ARRAY_TASK_ID = 16; phe = eGFR
tmp_dir = /lscratch/ytanigaw/tmp-meta_imp_flip_check.sh-20191024-170257-a6OyfUsrD9
[/var/spool/slurmd/job53270101/slurm_script 20191024-171341] [array-end] hostname = sh-104-08.int SLURM_JOBID = 53270101; SLURM_ARRAY_TASK_ID = 16; phe = eGFR
======================
imp_check.53270079_17.err

The following have been reloaded with a version change:
  1) anaconda/sherlock2 => anaconda/Anaconda3-5.3.0-Linux-x86_64_20181113

[/var/spool/slurmd/job53270102/slurm_script 20191024-170258] [array-start] hostname = sh-104-08.int SLURM_JOBID = 53270102; SLURM_ARRAY_TASK_ID = 17; phe = Fasting_glucose
tmp_dir = /lscratch/ytanigaw/tmp-meta_imp_flip_check.sh-20191024-170258-MOhCOw0G4N
[/var/spool/slurmd/job53270102/slurm_script 20191024-171340] [array-end] hostname = sh-104-08.int SLURM_JOBID = 53270102; SLURM_ARRAY_TASK_ID = 17; phe = Fasting_glucose
======================
imp_check.53270079_18.err

The following have been reloaded with a version change:
  1) anaconda/sherlock2 => anaconda/Anaconda3-5.3.0-Linux-x86_64_20181113

[/var/spool/slurmd/job53270103/slurm_script 20191024-170258] [array-start] hostname = sh-105-13.int SLURM_JOBID = 53270103; SLURM_ARRAY_TASK_ID = 18; phe = Gamma_glutamyltransferase
tmp_dir = /lscratch/ytanigaw/tmp-meta_imp_flip_check.sh-20191024-170258-3vmaHAdS4T
[/var/spool/slurmd/job53270103/slurm_script 20191024-172503] [array-end] hostname = sh-105-13.int SLURM_JOBID = 53270103; SLURM_ARRAY_TASK_ID = 18; phe = Gamma_glutamyltransferase
======================
imp_check.53270079_19.err

The following have been reloaded with a version change:
  1) anaconda/sherlock2 => anaconda/Anaconda3-5.3.0-Linux-x86_64_20181113

[/var/spool/slurmd/job53270104/slurm_script 20191024-170258] [array-start] hostname = sh-105-30.int SLURM_JOBID = 53270104; SLURM_ARRAY_TASK_ID = 19; phe = Glucose
tmp_dir = /lscratch/ytanigaw/tmp-meta_imp_flip_check.sh-20191024-170258-YR7p3MuLTR
[/var/spool/slurmd/job53270104/slurm_script 20191024-172130] [array-end] hostname = sh-105-30.int SLURM_JOBID = 53270104; SLURM_ARRAY_TASK_ID = 19; phe = Glucose
======================
imp_check.53270079_20.err

The following have been reloaded with a version change:
  1) anaconda/sherlock2 => anaconda/Anaconda3-5.3.0-Linux-x86_64_20181113

[/var/spool/slurmd/job53270105/slurm_script 20191024-170258] [array-start] hostname = sh-105-30.int SLURM_JOBID = 53270105; SLURM_ARRAY_TASK_ID = 20; phe = Glycated_haemoglobin_HbA1c
tmp_dir = /lscratch/ytanigaw/tmp-meta_imp_flip_check.sh-20191024-170258-cpSq4E4USF
[/var/spool/slurmd/job53270105/slurm_script 20191024-172159] [array-end] hostname = sh-105-30.int SLURM_JOBID = 53270105; SLURM_ARRAY_TASK_ID = 20; phe = Glycated_haemoglobin_HbA1c
======================
imp_check.53270079_21.err

The following have been reloaded with a version change:
  1) anaconda/sherlock2 => anaconda/Anaconda3-5.3.0-Linux-x86_64_20181113

[/var/spool/slurmd/job53270157/slurm_script 20191024-170257] [array-start] hostname = sh-105-30.int SLURM_JOBID = 53270157; SLURM_ARRAY_TASK_ID = 21; phe = HDL_cholesterol
tmp_dir = /lscratch/ytanigaw/tmp-meta_imp_flip_check.sh-20191024-170257-6W9PFbgQgB
[/var/spool/slurmd/job53270157/slurm_script 20191024-172128] [array-end] hostname = sh-105-30.int SLURM_JOBID = 53270157; SLURM_ARRAY_TASK_ID = 21; phe = HDL_cholesterol
======================
imp_check.53270079_22.err

The following have been reloaded with a version change:
  1) anaconda/sherlock2 => anaconda/Anaconda3-5.3.0-Linux-x86_64_20181113

[/var/spool/slurmd/job53270158/slurm_script 20191024-170258] [array-start] hostname = sh-105-50.int SLURM_JOBID = 53270158; SLURM_ARRAY_TASK_ID = 22; phe = IGF_1
tmp_dir = /lscratch/ytanigaw/tmp-meta_imp_flip_check.sh-20191024-170258-86oU0FIwOB
[/var/spool/slurmd/job53270158/slurm_script 20191024-172141] [array-end] hostname = sh-105-50.int SLURM_JOBID = 53270158; SLURM_ARRAY_TASK_ID = 22; phe = IGF_1
======================
imp_check.53270079_23.err

The following have been reloaded with a version change:
  1) anaconda/sherlock2 => anaconda/Anaconda3-5.3.0-Linux-x86_64_20181113

[/var/spool/slurmd/job53270159/slurm_script 20191024-170258] [array-start] hostname = sh-105-50.int SLURM_JOBID = 53270159; SLURM_ARRAY_TASK_ID = 23; phe = LDL_direct_adjstatins
tmp_dir = /lscratch/ytanigaw/tmp-meta_imp_flip_check.sh-20191024-170258-aZNg6hN3O7
[/var/spool/slurmd/job53270159/slurm_script 20191024-172214] [array-end] hostname = sh-105-50.int SLURM_JOBID = 53270159; SLURM_ARRAY_TASK_ID = 23; phe = LDL_direct_adjstatins
======================
imp_check.53270079_24.err

The following have been reloaded with a version change:
  1) anaconda/sherlock2 => anaconda/Anaconda3-5.3.0-Linux-x86_64_20181113

[/var/spool/slurmd/job53270160/slurm_script 20191024-170258] [array-start] hostname = sh-105-50.int SLURM_JOBID = 53270160; SLURM_ARRAY_TASK_ID = 24; phe = LDL_direct
tmp_dir = /lscratch/ytanigaw/tmp-meta_imp_flip_check.sh-20191024-170258-rgOtu74kWd
[/var/spool/slurmd/job53270160/slurm_script 20191024-172143] [array-end] hostname = sh-105-50.int SLURM_JOBID = 53270160; SLURM_ARRAY_TASK_ID = 24; phe = LDL_direct
======================
imp_check.53270079_25.err

The following have been reloaded with a version change:
  1) anaconda/sherlock2 => anaconda/Anaconda3-5.3.0-Linux-x86_64_20181113

[/var/spool/slurmd/job53270161/slurm_script 20191024-170258] [array-start] hostname = sh-102-29.int SLURM_JOBID = 53270161; SLURM_ARRAY_TASK_ID = 25; phe = Lipoprotein_A
tmp_dir = /lscratch/ytanigaw/tmp-meta_imp_flip_check.sh-20191024-170258-FeJxN26bj9
[/var/spool/slurmd/job53270161/slurm_script 20191024-172121] [array-end] hostname = sh-102-29.int SLURM_JOBID = 53270161; SLURM_ARRAY_TASK_ID = 25; phe = Lipoprotein_A
======================
imp_check.53270079_26.err

The following have been reloaded with a version change:
  1) anaconda/sherlock2 => anaconda/Anaconda3-5.3.0-Linux-x86_64_20181113

[/var/spool/slurmd/job53270162/slurm_script 20191024-170258] [array-start] hostname = sh-102-29.int SLURM_JOBID = 53270162; SLURM_ARRAY_TASK_ID = 26; phe = Microalbumin_in_urine
tmp_dir = /lscratch/ytanigaw/tmp-meta_imp_flip_check.sh-20191024-170258-UDdBBt1bcj
[/var/spool/slurmd/job53270162/slurm_script 20191024-171406] [array-end] hostname = sh-102-29.int SLURM_JOBID = 53270162; SLURM_ARRAY_TASK_ID = 26; phe = Microalbumin_in_urine
======================
imp_check.53270079_27.err

The following have been reloaded with a version change:
  1) anaconda/sherlock2 => anaconda/Anaconda3-5.3.0-Linux-x86_64_20181113

[/var/spool/slurmd/job53270163/slurm_script 20191024-170258] [array-start] hostname = sh-102-29.int SLURM_JOBID = 53270163; SLURM_ARRAY_TASK_ID = 27; phe = Non_albumin_protein
tmp_dir = /lscratch/ytanigaw/tmp-meta_imp_flip_check.sh-20191024-170258-1h0Zx3siM1
[/var/spool/slurmd/job53270163/slurm_script 20191024-172120] [array-end] hostname = sh-102-29.int SLURM_JOBID = 53270163; SLURM_ARRAY_TASK_ID = 27; phe = Non_albumin_protein
======================
imp_check.53270079_28.err

The following have been reloaded with a version change:
  1) anaconda/sherlock2 => anaconda/Anaconda3-5.3.0-Linux-x86_64_20181113

[/var/spool/slurmd/job53270164/slurm_script 20191024-170258] [array-start] hostname = sh-104-10.int SLURM_JOBID = 53270164; SLURM_ARRAY_TASK_ID = 28; phe = Oestradiol
tmp_dir = /lscratch/ytanigaw/tmp-meta_imp_flip_check.sh-20191024-170258-GA6dj5a7QE
[/var/spool/slurmd/job53270164/slurm_script 20191024-171512] [array-end] hostname = sh-104-10.int SLURM_JOBID = 53270164; SLURM_ARRAY_TASK_ID = 28; phe = Oestradiol
======================
imp_check.53270079_29.err

The following have been reloaded with a version change:
  1) anaconda/sherlock2 => anaconda/Anaconda3-5.3.0-Linux-x86_64_20181113

[/var/spool/slurmd/job53270165/slurm_script 20191024-170258] [array-start] hostname = sh-105-19.int SLURM_JOBID = 53270165; SLURM_ARRAY_TASK_ID = 29; phe = Phosphate
tmp_dir = /lscratch/ytanigaw/tmp-meta_imp_flip_check.sh-20191024-170258-9EzlHEEgTu
[/var/spool/slurmd/job53270165/slurm_script 20191024-172258] [array-end] hostname = sh-105-19.int SLURM_JOBID = 53270165; SLURM_ARRAY_TASK_ID = 29; phe = Phosphate
======================
imp_check.53270079_30.err

The following have been reloaded with a version change:
  1) anaconda/sherlock2 => anaconda/Anaconda3-5.3.0-Linux-x86_64_20181113

[/var/spool/slurmd/job53270166/slurm_script 20191024-170258] [array-start] hostname = sh-105-19.int SLURM_JOBID = 53270166; SLURM_ARRAY_TASK_ID = 30; phe = Potassium_in_urine
tmp_dir = /lscratch/ytanigaw/tmp-meta_imp_flip_check.sh-20191024-170258-Y6U7Xe30jJ
[/var/spool/slurmd/job53270166/slurm_script 20191024-171427] [array-end] hostname = sh-105-19.int SLURM_JOBID = 53270166; SLURM_ARRAY_TASK_ID = 30; phe = Potassium_in_urine
======================
imp_check.53270079_31.err

The following have been reloaded with a version change:
  1) anaconda/sherlock2 => anaconda/Anaconda3-5.3.0-Linux-x86_64_20181113

[/var/spool/slurmd/job53270167/slurm_script 20191024-170258] [array-start] hostname = sh-105-19.int SLURM_JOBID = 53270167; SLURM_ARRAY_TASK_ID = 31; phe = Rheumatoid_factor
tmp_dir = /lscratch/ytanigaw/tmp-meta_imp_flip_check.sh-20191024-170258-LmPxGJXTYI
[/var/spool/slurmd/job53270167/slurm_script 20191024-171344] [array-end] hostname = sh-105-19.int SLURM_JOBID = 53270167; SLURM_ARRAY_TASK_ID = 31; phe = Rheumatoid_factor
======================
imp_check.53270079_32.err

The following have been reloaded with a version change:
  1) anaconda/sherlock2 => anaconda/Anaconda3-5.3.0-Linux-x86_64_20181113

[/var/spool/slurmd/job53270168/slurm_script 20191024-170258] [array-start] hostname = sh-105-35.int SLURM_JOBID = 53270168; SLURM_ARRAY_TASK_ID = 32; phe = SHBG
tmp_dir = /lscratch/ytanigaw/tmp-meta_imp_flip_check.sh-20191024-170258-TXdmNQ7nL4
[/var/spool/slurmd/job53270168/slurm_script 20191024-172113] [array-end] hostname = sh-105-35.int SLURM_JOBID = 53270168; SLURM_ARRAY_TASK_ID = 32; phe = SHBG
======================
imp_check.53270079_33.err

The following have been reloaded with a version change:
  1) anaconda/sherlock2 => anaconda/Anaconda3-5.3.0-Linux-x86_64_20181113

[/var/spool/slurmd/job53270169/slurm_script 20191024-170257] [array-start] hostname = sh-105-35.int SLURM_JOBID = 53270169; SLURM_ARRAY_TASK_ID = 33; phe = Sodium_in_urine
tmp_dir = /lscratch/ytanigaw/tmp-meta_imp_flip_check.sh-20191024-170257-Fl9B3YvnoC
[/var/spool/slurmd/job53270169/slurm_script 20191024-171427] [array-end] hostname = sh-105-35.int SLURM_JOBID = 53270169; SLURM_ARRAY_TASK_ID = 33; phe = Sodium_in_urine
======================
imp_check.53270079_34.err

The following have been reloaded with a version change:
  1) anaconda/sherlock2 => anaconda/Anaconda3-5.3.0-Linux-x86_64_20181113

[/var/spool/slurmd/job53270170/slurm_script 20191024-170257] [array-start] hostname = sh-105-35.int SLURM_JOBID = 53270170; SLURM_ARRAY_TASK_ID = 34; phe = Testosterone
tmp_dir = /lscratch/ytanigaw/tmp-meta_imp_flip_check.sh-20191024-170257-OfbZT8liSd
[/var/spool/slurmd/job53270170/slurm_script 20191024-171404] [array-end] hostname = sh-105-35.int SLURM_JOBID = 53270170; SLURM_ARRAY_TASK_ID = 34; phe = Testosterone
======================
imp_check.53270079_35.err

The following have been reloaded with a version change:
  1) anaconda/sherlock2 => anaconda/Anaconda3-5.3.0-Linux-x86_64_20181113

[/var/spool/slurmd/job53270171/slurm_script 20191024-170259] [array-start] hostname = sh-105-51.int SLURM_JOBID = 53270171; SLURM_ARRAY_TASK_ID = 35; phe = Total_bilirubin
tmp_dir = /lscratch/ytanigaw/tmp-meta_imp_flip_check.sh-20191024-170259-ntvO10AJMs
[/var/spool/slurmd/job53270171/slurm_script 20191024-172048] [array-end] hostname = sh-105-51.int SLURM_JOBID = 53270171; SLURM_ARRAY_TASK_ID = 35; phe = Total_bilirubin
======================
imp_check.53270079_36.err

The following have been reloaded with a version change:
  1) anaconda/sherlock2 => anaconda/Anaconda3-5.3.0-Linux-x86_64_20181113

[/var/spool/slurmd/job53270172/slurm_script 20191024-170258] [array-start] hostname = sh-102-16.int SLURM_JOBID = 53270172; SLURM_ARRAY_TASK_ID = 36; phe = Total_protein
tmp_dir = /lscratch/ytanigaw/tmp-meta_imp_flip_check.sh-20191024-170258-Z4vSsUMaGk
[/var/spool/slurmd/job53270172/slurm_script 20191024-171341] [array-end] hostname = sh-102-16.int SLURM_JOBID = 53270172; SLURM_ARRAY_TASK_ID = 36; phe = Total_protein
======================
imp_check.53270079_37.err

The following have been reloaded with a version change:
  1) anaconda/sherlock2 => anaconda/Anaconda3-5.3.0-Linux-x86_64_20181113

[/var/spool/slurmd/job53270173/slurm_script 20191024-170258] [array-start] hostname = sh-102-30.int SLURM_JOBID = 53270173; SLURM_ARRAY_TASK_ID = 37; phe = Triglycerides
tmp_dir = /lscratch/ytanigaw/tmp-meta_imp_flip_check.sh-20191024-170258-iCGHvK4dW0
[/var/spool/slurmd/job53270173/slurm_script 20191024-172317] [array-end] hostname = sh-102-30.int SLURM_JOBID = 53270173; SLURM_ARRAY_TASK_ID = 37; phe = Triglycerides
======================
imp_check.53270079_38.err

The following have been reloaded with a version change:
  1) anaconda/sherlock2 => anaconda/Anaconda3-5.3.0-Linux-x86_64_20181113

[/var/spool/slurmd/job53270174/slurm_script 20191024-170257] [array-start] hostname = sh-104-12.int SLURM_JOBID = 53270174; SLURM_ARRAY_TASK_ID = 38; phe = Urate
tmp_dir = /lscratch/ytanigaw/tmp-meta_imp_flip_check.sh-20191024-170257-BzzD0iiiGz
[/var/spool/slurmd/job53270174/slurm_script 20191024-172106] [array-end] hostname = sh-104-12.int SLURM_JOBID = 53270174; SLURM_ARRAY_TASK_ID = 38; phe = Urate
======================
imp_check.53270079_39.err

The following have been reloaded with a version change:
  1) anaconda/sherlock2 => anaconda/Anaconda3-5.3.0-Linux-x86_64_20181113

[/var/spool/slurmd/job53270175/slurm_script 20191024-170258] [array-start] hostname = sh-104-12.int SLURM_JOBID = 53270175; SLURM_ARRAY_TASK_ID = 39; phe = Urea
tmp_dir = /lscratch/ytanigaw/tmp-meta_imp_flip_check.sh-20191024-170258-1mAnGy1sWi
[/var/spool/slurmd/job53270175/slurm_script 20191024-171401] [array-end] hostname = sh-104-12.int SLURM_JOBID = 53270175; SLURM_ARRAY_TASK_ID = 39; phe = Urea
======================
imp_check.53270079_40.err

The following have been reloaded with a version change:
  1) anaconda/sherlock2 => anaconda/Anaconda3-5.3.0-Linux-x86_64_20181113

[/var/spool/slurmd/job53270079/slurm_script 20191024-170258] [array-start] hostname = sh-104-12.int SLURM_JOBID = 53270079; SLURM_ARRAY_TASK_ID = 40; phe = Vitamin_D
tmp_dir = /lscratch/ytanigaw/tmp-meta_imp_flip_check.sh-20191024-170258-e6rk5mCidq
[/var/spool/slurmd/job53270079/slurm_script 20191024-172018] [array-end] hostname = sh-104-12.int SLURM_JOBID = 53270079; SLURM_ARRAY_TASK_ID = 40; phe = Vitamin_D
