[1] ‘2.0.20’
[1] "Testosterone"
Start snpnet: 2019-10-23 11:46:42 
Preprocessing start: 2019-10-23 11:46:42 
File /oak/stanford/groups/mrivas/users/ytanigaw/repos/rivas-lab/public-resources/uk_biobank/biomarkers/snpnet/array_imp_combined/out/Testosterone/results/meta/pnas.rda exists. Computation skipped.
File /oak/stanford/groups/mrivas/users/ytanigaw/repos/rivas-lab/public-resources/uk_biobank/biomarkers/snpnet/array_imp_combined/out/Testosterone/results/meta/means.rda exists. Computation skipped.
Preprocessing end: 2019-10-23 11:47:31 

Recover iteration 32. Now time: 2019-10-23 11:47:31
Time elapsed on loading back features: 53.9265 mins 

Iteration 33. Now time: 2019-10-23 12:41:33
  Start updating feature matrix ...
  End updating feature matrix. Time elapsed: 15.0198 mins 
  -- Number of ever-active variables: 19105.
  -- Number of newly added variables: 4500.
  -- Total number of variables in the strong set: 23605.
  Start fitting Glmnet ...
  End fitting Glmnet. Elapsed time: 2.529 mins 
  Start checking KKT condition ...
[1] "Time of convertion to validation matrix"
Time difference of 0.1282353 secs
[1] 1
[1] 2
[1] "Time of prediction on validation matrix"
Time difference of 30.72966 secs
  End checking KKT condition. Elapsed time: 1.127 hours 
  -- Finished Lambda 53. Training Metric: 0.08400779. Validation Metric:  0.0284771 
Time spent on this iteration: 1.4238 hours. Elapsed time since start: 2.3381 hours.

Iteration 34. Now time: 2019-10-23 14:07:02
  Start updating feature matrix ...
  End updating feature matrix. Time elapsed: 14.8314 mins 
  -- Number of ever-active variables: 19666.
  -- Number of newly added variables: 4500.
  -- Total number of variables in the strong set: 24166.
  Start fitting Glmnet ...
  End fitting Glmnet. Elapsed time: 2.6113 mins 
  Start checking KKT condition ...
  End checking KKT condition. Elapsed time: 1.1485 hours 
Time spent on this iteration: 1.4437 hours. Elapsed time since start: 3.7827 hours.

Iteration 35. Now time: 2019-10-23 15:33:41
  Start updating feature matrix ...
  End updating feature matrix. Time elapsed: 14.2187 mins 
  -- Number of ever-active variables: 24166.
  -- Number of newly added variables: 4500.
  -- Total number of variables in the strong set: 28666.
  Start fitting Glmnet ...
  End fitting Glmnet. Elapsed time: 3.3973 mins 
  Start checking KKT condition ...
[1] "Time of convertion to validation matrix"
Time difference of 0.02247882 secs
[1] 1
[1] 2
[1] "Time of prediction on validation matrix"
Time difference of 36.75457 secs
  End checking KKT condition. Elapsed time: 1.2131 hours 
  -- Finished Lambda 54. Training Metric: 0.09402816. Validation Metric:  0.02887398 
Time spent on this iteration: 1.5112 hours. Elapsed time since start: 5.2944 hours.

Iteration 36. Now time: 2019-10-23 17:04:24
  Start updating feature matrix ...
  End updating feature matrix. Time elapsed: 21.7569 mins 
  -- Number of ever-active variables: 24204.
  -- Number of newly added variables: 6750.
  -- Total number of variables in the strong set: 30954.
  Start fitting Glmnet ...
