[1] ‘2.0.20’
[1] "Lipoprotein_A"
Start snpnet: 2019-10-19 09:22:54 
Preprocessing start: 2019-10-19 09:22:54 
  Start computing stats for pnas ...
  End computing stats for pnas. Time elapsed: 4.4296 hours
  Start computing stats for means ...
  End computing stats for means. Time elapsed: 6.1262 hours
Preprocessing end: 2019-10-19 19:56:49 

Iteration 0. Now time: 2019-10-19 19:56:49 
  Start computing inner product for initialization ...
  End computing inner product for initialization. Elapsed time: 2.0866 hours 

Iteration 1. Now time: 2019-10-19 22:02:02
  Start updating feature matrix ...
  End updating feature matrix. Time elapsed: 2.7046 mins 
  -- Number of ever-active variables: 0.
  -- Number of newly added variables: 1000.
  -- Total number of variables in the strong set: 1000.
  Start fitting Glmnet ...
  End fitting Glmnet. Elapsed time: 5.3443 secs 
  Start checking KKT condition ...
[1] "Time of convertion to validation matrix"
Time difference of 0.0124979 secs
[1] 1
[1] "Time of prediction on validation matrix"
Time difference of 0.9948187 secs
  End checking KKT condition. Elapsed time: 4.2477 hours 
  -- Finished Lambda 1. Training Metric: -5.046372e-08. Validation Metric:  -0.0002098759 
  -- Finished Lambda 2. Training Metric: 0.02621795. Validation Metric:  0.02642061 
  -- Finished Lambda 3. Training Metric: 0.05010681. Validation Metric:  0.05067419 
  -- Finished Lambda 4. Training Metric: 0.07187345. Validation Metric:  0.07276253 
  -- Finished Lambda 5. Training Metric: 0.09170641. Validation Metric:  0.09287848 
  -- Finished Lambda 6. Training Metric: 0.1097775. Validation Metric:  0.1111977 
  -- Finished Lambda 7. Training Metric: 0.1262431. Validation Metric:  0.1278803 
  -- Finished Lambda 8. Training Metric: 0.1412466. Validation Metric:  0.1430726 
  -- Finished Lambda 9. Training Metric: 0.1549564. Validation Metric:  0.1569466 
  -- Finished Lambda 10. Training Metric: 0.1674455. Validation Metric:  0.1695773 
Time spent on this iteration: 4.2965 hours. Elapsed time since start: 16.9485 hours.

Iteration 2. Now time: 2019-10-20 02:19:51
  Start updating feature matrix ...
  End updating feature matrix. Time elapsed: 2.5153 mins 
  -- Number of ever-active variables: 2.
  -- Number of newly added variables: 1000.
  -- Total number of variables in the strong set: 1002.
  Start fitting Glmnet ...
  End fitting Glmnet. Elapsed time: 5.9883 secs 
  Start checking KKT condition ...
[1] "Time of convertion to validation matrix"
Time difference of 0.01263571 secs
[1] 1
[1] "Time of prediction on validation matrix"
Time difference of 1.638872 secs
  End checking KKT condition. Elapsed time: 3.1917 hours 
  -- Finished Lambda 11. Training Metric: 0.1788226. Validation Metric:  0.1810758 
  -- Finished Lambda 12. Training Metric: 0.1891868. Validation Metric:  0.1915434 
  -- Finished Lambda 13. Training Metric: 0.1986283. Validation Metric:  0.2010721 
  -- Finished Lambda 14. Training Metric: 0.2072291. Validation Metric:  0.2097458 
  -- Finished Lambda 15. Training Metric: 0.21544. Validation Metric:  0.2179969 
Time spent on this iteration: 3.2376 hours. Elapsed time since start: 20.1867 hours.

Iteration 3. Now time: 2019-10-20 05:34:08
  Start updating feature matrix ...
  End updating feature matrix. Time elapsed: 2.5341 mins 
  -- Number of ever-active variables: 3.
  -- Number of newly added variables: 1000.
  -- Total number of variables in the strong set: 1003.
  Start fitting Glmnet ...
  End fitting Glmnet. Elapsed time: 13.5966 secs 
  Start checking KKT condition ...
[1] "Time of convertion to validation matrix"
Time difference of 0.01839685 secs
[1] 1
[1] "Time of prediction on validation matrix"
Time difference of 1.334268 secs
  End checking KKT condition. Elapsed time: 2.7477 hours 
  -- Finished Lambda 16. Training Metric: 0.2238864. Validation Metric:  0.2263894 
  -- Finished Lambda 17. Training Metric: 0.232342. Validation Metric:  0.2347192 
  -- Finished Lambda 18. Training Metric: 0.2400459. Validation Metric:  0.2422974 
  -- Finished Lambda 19. Training Metric: 0.2470648. Validation Metric:  0.2491913 
  -- Finished Lambda 20. Training Metric: 0.2534604. Validation Metric:  0.2554628 
Time spent on this iteration: 2.7962 hours. Elapsed time since start: 22.9834 hours.

Iteration 4. Now time: 2019-10-20 08:21:56
  Start updating feature matrix ...
  End updating feature matrix. Time elapsed: 2.3556 mins 
  -- Number of ever-active variables: 4.
  -- Number of newly added variables: 1000.
  -- Total number of variables in the strong set: 1004.
  Start fitting Glmnet ...
  End fitting Glmnet. Elapsed time: 11.6698 secs 
  Start checking KKT condition ...
[1] "Time of convertion to validation matrix"
Time difference of 0.0179882 secs
[1] 1
[1] "Time of prediction on validation matrix"
Time difference of 1.343008 secs
  End checking KKT condition. Elapsed time: 2.6729 hours 
  -- Finished Lambda 21. Training Metric: 0.2597172. Validation Metric:  0.2616029 
  -- Finished Lambda 22. Training Metric: 0.267064. Validation Metric:  0.2688584 
  -- Finished Lambda 23. Training Metric: 0.273758. Validation Metric:  0.2754649 
  -- Finished Lambda 24. Training Metric: 0.2798568. Validation Metric:  0.28148 
  -- Finished Lambda 25. Training Metric: 0.2854133. Validation Metric:  0.2869565 
Time spent on this iteration: 2.718 hours. Elapsed time since start: 1.0709 days.

Iteration 5. Now time: 2019-10-20 11:05:03
  Start updating feature matrix ...
  End updating feature matrix. Time elapsed: 2.2803 mins 
  -- Number of ever-active variables: 6.
  -- Number of newly added variables: 1000.
  -- Total number of variables in the strong set: 1006.
  Start fitting Glmnet ...
  End fitting Glmnet. Elapsed time: 10.3585 secs 
  Start checking KKT condition ...
[1] "Time of convertion to validation matrix"
Time difference of 0.01342583 secs
[1] 1
[1] "Time of prediction on validation matrix"
Time difference of 1.271334 secs
  End checking KKT condition. Elapsed time: 2.7217 hours 
  -- Finished Lambda 26. Training Metric: 0.2904762. Validation Metric:  0.2919427 
  -- Finished Lambda 27. Training Metric: 0.296459. Validation Metric:  0.2979044 
  -- Finished Lambda 28. Training Metric: 0.3047019. Validation Metric:  0.3062382 
  -- Finished Lambda 29. Training Metric: 0.3122131. Validation Metric:  0.3138409 
  -- Finished Lambda 30. Training Metric: 0.3192947. Validation Metric:  0.3210095 
Time spent on this iteration: 2.7653 hours. Elapsed time since start: 1.1861 days.

Iteration 6. Now time: 2019-10-20 13:50:59
  Start updating feature matrix ...
  End updating feature matrix. Time elapsed: 2.4276 mins 
  -- Number of ever-active variables: 8.
  -- Number of newly added variables: 1000.
  -- Total number of variables in the strong set: 1008.
  Start fitting Glmnet ...
  End fitting Glmnet. Elapsed time: 11.0527 secs 
  Start checking KKT condition ...
[1] "Time of convertion to validation matrix"
Time difference of 0.0209167 secs
[1] 1
[1] "Time of prediction on validation matrix"
Time difference of 1.374833 secs
  End checking KKT condition. Elapsed time: 2.9853 hours 
  -- Finished Lambda 31. Training Metric: 0.325943. Validation Metric:  0.3277453 
  -- Finished Lambda 32. Training Metric: 0.3320558. Validation Metric:  0.3339523 
  -- Finished Lambda 33. Training Metric: 0.3376252. Validation Metric:  0.3396158 
  -- Finished Lambda 34. Training Metric: 0.3426997. Validation Metric:  0.3447838 
  -- Finished Lambda 35. Training Metric: 0.3473231. Validation Metric:  0.3494996 
Time spent on this iteration: 3.0315 hours. Elapsed time since start: 1.3125 days.

Iteration 7. Now time: 2019-10-20 16:52:54
  Start updating feature matrix ...
  End updating feature matrix. Time elapsed: 2.4822 mins 
  -- Number of ever-active variables: 9.
  -- Number of newly added variables: 1000.
  -- Total number of variables in the strong set: 1009.
  Start fitting Glmnet ...
  End fitting Glmnet. Elapsed time: 10.2197 secs 
  Start checking KKT condition ...
[1] "Time of convertion to validation matrix"
Time difference of 0.01399255 secs
[1] 1
[1] "Time of prediction on validation matrix"
Time difference of 1.491454 secs
  End checking KKT condition. Elapsed time: 3.6021 hours 
  -- Finished Lambda 36. Training Metric: 0.3516343. Validation Metric:  0.3538955 
  -- Finished Lambda 37. Training Metric: 0.356193. Validation Metric:  0.3584838 
  -- Finished Lambda 38. Training Metric: 0.3607354. Validation Metric:  0.3630293 
  -- Finished Lambda 39. Training Metric: 0.3651064. Validation Metric:  0.3674173 
  -- Finished Lambda 40. Training Metric: 0.3690875. Validation Metric:  0.3714185 
Time spent on this iteration: 3.6492 hours. Elapsed time since start: 1.4645 days.

Iteration 8. Now time: 2019-10-20 20:31:53
  Start updating feature matrix ...
  End updating feature matrix. Time elapsed: 2.6891 mins 
  -- Number of ever-active variables: 14.
  -- Number of newly added variables: 1000.
  -- Total number of variables in the strong set: 1014.
  Start fitting Glmnet ...
  End fitting Glmnet. Elapsed time: 13.0667 secs 
  Start checking KKT condition ...
[1] "Time of convertion to validation matrix"
Time difference of 0.009506464 secs
[1] 1
[1] "Time of prediction on validation matrix"
Time difference of 1.282345 secs
  End checking KKT condition. Elapsed time: 3.3229 hours 
  -- Finished Lambda 41. Training Metric: 0.3733131. Validation Metric:  0.3756977 
  -- Finished Lambda 42. Training Metric: 0.3787748. Validation Metric:  0.3812237 
  -- Finished Lambda 43. Training Metric: 0.383994. Validation Metric:  0.3864875 
  -- Finished Lambda 44. Training Metric: 0.3888799. Validation Metric:  0.3914387 
  -- Finished Lambda 45. Training Metric: 0.3933361. Validation Metric:  0.395964 
Time spent on this iteration: 3.3742 hours. Elapsed time since start: 1.6052 days.

Iteration 9. Now time: 2019-10-20 23:54:22
  Start updating feature matrix ...
  End updating feature matrix. Time elapsed: 2.711 mins 
  -- Number of ever-active variables: 23.
  -- Number of newly added variables: 1000.
  -- Total number of variables in the strong set: 1023.
  Start fitting Glmnet ...
  End fitting Glmnet. Elapsed time: 11.9003 secs 
  Start checking KKT condition ...
[1] "Time of convertion to validation matrix"
Time difference of 0.01514888 secs
[1] 1
[1] "Time of prediction on validation matrix"
Time difference of 1.237084 secs
  End checking KKT condition. Elapsed time: 2.7114 hours 
  -- Finished Lambda 46. Training Metric: 0.3973924. Validation Metric:  0.4000897 
  -- Finished Lambda 47. Training Metric: 0.4012311. Validation Metric:  0.4040061 
  -- Finished Lambda 48. Training Metric: 0.4047904. Validation Metric:  0.4076437 
  -- Finished Lambda 49. Training Metric: 0.4080372. Validation Metric:  0.4109713 
  -- Finished Lambda 50. Training Metric: 0.411022. Validation Metric:  0.4140362 
Time spent on this iteration: 2.7628 hours. Elapsed time since start: 1.7203 days.

Iteration 10. Now time: 2019-10-21 02:40:09
  Start updating feature matrix ...
  End updating feature matrix. Time elapsed: 2.3637 mins 
  -- Number of ever-active variables: 28.
  -- Number of newly added variables: 1000.
  -- Total number of variables in the strong set: 1028.
  Start fitting Glmnet ...
  End fitting Glmnet. Elapsed time: 9.7122 secs 
  Start checking KKT condition ...
[1] "Time of convertion to validation matrix"
Time difference of 0.0283134 secs
[1] 1
[1] "Time of prediction on validation matrix"
Time difference of 1.247068 secs
  End checking KKT condition. Elapsed time: 2.288 hours 
  -- Finished Lambda 51. Training Metric: 0.4140642. Validation Metric:  0.4171484 
  -- Finished Lambda 52. Training Metric: 0.4181311. Validation Metric:  0.4212738 
  -- Finished Lambda 53. Training Metric: 0.4222779. Validation Metric:  0.425476 
  -- Finished Lambda 54. Training Metric: 0.4266542. Validation Metric:  0.4298957 
  -- Finished Lambda 55. Training Metric: 0.4308445. Validation Metric:  0.4341193 
Time spent on this iteration: 2.3335 hours. Elapsed time since start: 1.8175 days.

Iteration 11. Now time: 2019-10-21 05:00:12
  Start updating feature matrix ...
  End updating feature matrix. Time elapsed: 2.5433 mins 
  -- Number of ever-active variables: 43.
  -- Number of newly added variables: 1000.
  -- Total number of variables in the strong set: 1043.
  Start fitting Glmnet ...
  End fitting Glmnet. Elapsed time: 13.6981 secs 
  Start checking KKT condition ...
[1] "Time of convertion to validation matrix"
Time difference of 0.001487017 secs
[1] 1
[1] "Time of prediction on validation matrix"
Time difference of 1.227776 secs
  End checking KKT condition. Elapsed time: 2.2811 hours 
  -- Finished Lambda 56. Training Metric: 0.435114. Validation Metric:  0.4384148 
  -- Finished Lambda 57. Training Metric: 0.4390448. Validation Metric:  0.4423729 
  -- Finished Lambda 58. Training Metric: 0.4428075. Validation Metric:  0.4461531 
  -- Finished Lambda 59. Training Metric: 0.4473022. Validation Metric:  0.4506533 
  -- Finished Lambda 60. Training Metric: 0.4521789. Validation Metric:  0.4555338 
Time spent on this iteration: 2.3308 hours. Elapsed time since start: 1.9147 days.

Iteration 12. Now time: 2019-10-21 07:20:04
  Start updating feature matrix ...
  End updating feature matrix. Time elapsed: 2.5166 mins 
  -- Number of ever-active variables: 55.
  -- Number of newly added variables: 1000.
  -- Total number of variables in the strong set: 1055.
  Start fitting Glmnet ...
  End fitting Glmnet. Elapsed time: 15.3689 secs 
  Start checking KKT condition ...
