Alanine_aminotransferase @@@@@@/projects/biomarkers/sumstats_diverse/white_british/plink_imputed/filtered/INT_Alanine_aminotransferase_all.glm.linear.filtered.maf001.info03.tsv.gz
ID	SNP	TOTAL_MAF	CHROM	POS	REF	ALT1	ALT	A1	AX	A1_CT	ALLELE_CT	A1_FREQ	MACH_R2	TEST	OBS_CT	BETA	SE	T_STAT	P	FASTA_REF
Albumin @@@@@@/projects/biomarkers/sumstats_diverse/white_british/plink_imputed/filtered/INT_Albumin_all.glm.linear.filtered.maf001.info03.tsv
ID	SNP	TOTAL_MAF	CHROM	POS	REF	ALT1	ALT	A1	AX	A1_CT	ALLELE_CT	A1_FREQ	MACH_R2	TEST	OBS_CT	BETA	SE	T_STAT	P	FASTA_REF
Alkaline_phosphatase @@@@@@/projects/biomarkers/sumstats_diverse/white_british/plink_imputed/filtered/INT_Alkaline_phosphatase_all.glm.linear.filtered.maf001.info03.tsv
ID	SNP	TOTAL_MAF	CHROM	POS	REF	ALT1	ALT	A1	AX	A1_CT	ALLELE_CT	A1_FREQ	MACH_R2	TEST	OBS_CT	BETA	SE	T_STAT	P	FASTA_REF
Apolipoprotein_A @@@@@@/projects/biomarkers/sumstats_diverse/white_british/plink_imputed/filtered/INT_Apolipoprotein_A_all.glm.linear.filtered.maf001.info03.tsv
ID	SNP	TOTAL_MAF	CHROM	POS	REF	ALT1	ALT	A1	AX	A1_CT	ALLELE_CT	A1_FREQ	MACH_R2	TEST	OBS_CT	BETA	SE	T_STAT	P	FASTA_REF
Apolipoprotein_B_adjstatins @@@@@@/projects/biomarkers/sumstats_diverse/white_british/plink_imputed/filtered/INT_Apolipoprotein_B_adjstatins_all.glm.linear.filtered.maf001.info03.tsv
ID	SNP	TOTAL_MAF	CHROM	POS	REF	ALT1	ALT	A1	AX	A1_CT	ALLELE_CT	A1_FREQ	MACH_R2	TEST	OBS_CT	BETA	SE	T_STAT	P	FASTA_REF
Apolipoprotein_B @@@@@@/projects/biomarkers/sumstats_diverse/white_british/plink_imputed/filtered/INT_Apolipoprotein_B_all.glm.linear.filtered.maf001.info03.tsv
ID	SNP	TOTAL_MAF	CHROM	POS	REF	ALT1	ALT	A1	AX	A1_CT	ALLELE_CT	A1_FREQ	MACH_R2	TEST	OBS_CT	BETA	SE	T_STAT	P	FASTA_REF
Aspartate_aminotransferase @@@@@@/projects/biomarkers/sumstats_diverse/white_british/plink_imputed/filtered/INT_Aspartate_aminotransferase_all.glm.linear.filtered.maf001.info03.tsv
ID	SNP	TOTAL_MAF	CHROM	POS	REF	ALT1	ALT	A1	AX	A1_CT	ALLELE_CT	A1_FREQ	MACH_R2	TEST	OBS_CT	BETA	SE	T_STAT	P	FASTA_REF
Calcium @@@@@@/projects/biomarkers/sumstats_diverse/white_british/plink_imputed/filtered/INT_Calcium_all.glm.linear.filtered.maf001.info03.tsv
ID	SNP	TOTAL_MAF	CHROM	POS	REF	ALT1	ALT	A1	AX	A1_CT	ALLELE_CT	A1_FREQ	MACH_R2	TEST	OBS_CT	BETA	SE	T_STAT	P	FASTA_REF
Cholesterol_adjstatins @@@@@@/projects/biomarkers/sumstats_diverse/white_british/plink_imputed/filtered/INT_Cholesterol_adjstatins_all.glm.linear.filtered.maf001.info03.tsv
ID	SNP	TOTAL_MAF	CHROM	POS	REF	ALT1	ALT	A1	AX	A1_CT	ALLELE_CT	A1_FREQ	MACH_R2	TEST	OBS_CT	BETA	SE	T_STAT	P	FASTA_REF
Cholesterol @@@@@@/projects/biomarkers/sumstats_diverse/white_british/plink_imputed/filtered/INT_Cholesterol_all.glm.linear.filtered.maf001.info03.tsv
ID	SNP	TOTAL_MAF	CHROM	POS	REF	ALT1	ALT	A1	AX	A1_CT	ALLELE_CT	A1_FREQ	MACH_R2	TEST	OBS_CT	BETA	SE	T_STAT	P	FASTA_REF
C_reactive_protein @@@@@@/projects/biomarkers/sumstats_diverse/white_british/plink_imputed/filtered/INT_C_reactive_protein_all.glm.linear.filtered.maf001.info03.tsv
ID	SNP	TOTAL_MAF	CHROM	POS	REF	ALT1	ALT	A1	AX	A1_CT	ALLELE_CT	A1_FREQ	MACH_R2	TEST	OBS_CT	BETA	SE	T_STAT	P	FASTA_REF
Creatinine_in_urine @@@@@@/projects/biomarkers/sumstats_diverse/white_british/plink_imputed/filtered/INT_Creatinine_in_urine_all.glm.linear.filtered.maf001.info03.tsv
ID	SNP	TOTAL_MAF	CHROM	POS	REF	ALT1	ALT	A1	AX	A1_CT	ALLELE_CT	A1_FREQ	MACH_R2	TEST	OBS_CT	BETA	SE	T_STAT	P	FASTA_REF
Creatinine @@@@@@/projects/biomarkers/sumstats_diverse/white_british/plink_imputed/filtered/INT_Creatinine_all.glm.linear.filtered.maf001.info03.tsv
ID	SNP	TOTAL_MAF	CHROM	POS	REF	ALT1	ALT	A1	AX	A1_CT	ALLELE_CT	A1_FREQ	MACH_R2	TEST	OBS_CT	BETA	SE	T_STAT	P	FASTA_REF
Cystatin_C @@@@@@/projects/biomarkers/sumstats_diverse/white_british/plink_imputed/filtered/INT_Cystatin_C_all.glm.linear.filtered.maf001.info03.tsv
ID	SNP	TOTAL_MAF	CHROM	POS	REF	ALT1	ALT	A1	AX	A1_CT	ALLELE_CT	A1_FREQ	MACH_R2	TEST	OBS_CT	BETA	SE	T_STAT	P	FASTA_REF
Direct_bilirubin @@@@@@/projects/biomarkers/sumstats_diverse/white_british/plink_imputed/filtered/INT_Direct_bilirubin_all.glm.linear.filtered.maf001.info03.tsv
ID	SNP	TOTAL_MAF	CHROM	POS	REF	ALT1	ALT	A1	AX	A1_CT	ALLELE_CT	A1_FREQ	MACH_R2	TEST	OBS_CT	BETA	SE	T_STAT	P	FASTA_REF
eGFR @@@@@@/projects/biomarkers/sumstats_diverse/white_british/plink_imputed/filtered/INT_eGFR_all.glm.linear.filtered.maf001.info03.tsv
ID	SNP	TOTAL_MAF	CHROM	POS	REF	ALT1	ALT	A1	AX	A1_CT	ALLELE_CT	A1_FREQ	MACH_R2	TEST	OBS_CT	BETA	SE	T_STAT	P	FASTA_REF
Fasting_glucose @@@@@@/projects/biomarkers/sumstats_diverse/white_british/plink_imputed/filtered/INT_Fasting_glucose_all.glm.linear.filtered.maf001.info03.tsv
ID	SNP	TOTAL_MAF	CHROM	POS	REF	ALT1	ALT	A1	AX	A1_CT	ALLELE_CT	A1_FREQ	MACH_R2	TEST	OBS_CT	BETA	SE	T_STAT	P	FASTA_REF
Gamma_glutamyltransferase @@@@@@/projects/biomarkers/sumstats_diverse/white_british/plink_imputed/filtered/INT_Gamma_glutamyltransferase_all.glm.linear.filtered.maf001.info03.tsv
ID	SNP	TOTAL_MAF	CHROM	POS	REF	ALT1	ALT	A1	AX	A1_CT	ALLELE_CT	A1_FREQ	MACH_R2	TEST	OBS_CT	BETA	SE	T_STAT	P	FASTA_REF
Glucose @@@@@@/projects/biomarkers/sumstats_diverse/white_british/plink_imputed/filtered/INT_Glucose_all.glm.linear.filtered.maf001.info03.tsv
ID	SNP	TOTAL_MAF	CHROM	POS	REF	ALT1	ALT	A1	AX	A1_CT	ALLELE_CT	A1_FREQ	MACH_R2	TEST	OBS_CT	BETA	SE	T_STAT	P	FASTA_REF
Glycated_haemoglobin_HbA1c @@@@@@/projects/biomarkers/sumstats_diverse/white_british/plink_imputed/filtered/INT_Glycated_haemoglobin_HbA1c_all.glm.linear.filtered.maf001.info03.tsv
ID	SNP	TOTAL_MAF	CHROM	POS	REF	ALT1	ALT	A1	AX	A1_CT	ALLELE_CT	A1_FREQ	MACH_R2	TEST	OBS_CT	BETA	SE	T_STAT	P	FASTA_REF
HDL_cholesterol @@@@@@/projects/biomarkers/sumstats_diverse/white_british/plink_imputed/filtered/INT_HDL_cholesterol_all.glm.linear.filtered.maf001.info03.tsv
ID	SNP	TOTAL_MAF	CHROM	POS	REF	ALT1	ALT	A1	AX	A1_CT	ALLELE_CT	A1_FREQ	MACH_R2	TEST	OBS_CT	BETA	SE	T_STAT	P	FASTA_REF
IGF_1 @@@@@@/projects/biomarkers/sumstats_diverse/white_british/plink_imputed/filtered/INT_IGF_1_all.glm.linear.filtered.maf001.info03.tsv
ID	SNP	TOTAL_MAF	CHROM	POS	REF	ALT1	ALT	A1	AX	A1_CT	ALLELE_CT	A1_FREQ	MACH_R2	TEST	OBS_CT	BETA	SE	T_STAT	P	FASTA_REF
LDL_direct_adjstatins @@@@@@/projects/biomarkers/sumstats_diverse/white_british/plink_imputed/filtered/INT_LDL_direct_adjstatins_all.glm.linear.filtered.maf001.info03.tsv
ID	SNP	TOTAL_MAF	CHROM	POS	REF	ALT1	ALT	A1	AX	A1_CT	ALLELE_CT	A1_FREQ	MACH_R2	TEST	OBS_CT	BETA	SE	T_STAT	P	FASTA_REF
LDL_direct @@@@@@/projects/biomarkers/sumstats_diverse/white_british/plink_imputed/filtered/INT_LDL_direct_all.glm.linear.filtered.maf001.info03.tsv
ID	SNP	TOTAL_MAF	CHROM	POS	REF	ALT1	ALT	A1	AX	A1_CT	ALLELE_CT	A1_FREQ	MACH_R2	TEST	OBS_CT	BETA	SE	T_STAT	P	FASTA_REF
Lipoprotein_A @@@@@@/projects/biomarkers/sumstats_diverse/white_british/plink_imputed/filtered/INT_Lipoprotein_A_all.glm.linear.filtered.maf001.info03.tsv
ID	SNP	TOTAL_MAF	CHROM	POS	REF	ALT1	ALT	A1	AX	A1_CT	ALLELE_CT	A1_FREQ	MACH_R2	TEST	OBS_CT	BETA	SE	T_STAT	P	FASTA_REF
Microalbumin_in_urine @@@@@@/projects/biomarkers/sumstats_diverse/white_british/plink_imputed/filtered/INT_Microalbumin_in_urine_all.glm.linear.filtered.maf001.info03.tsv
ID	SNP	TOTAL_MAF	CHROM	POS	REF	ALT1	ALT	A1	AX	A1_CT	ALLELE_CT	A1_FREQ	MACH_R2	TEST	OBS_CT	BETA	SE	T_STAT	P	FASTA_REF
Non_albumin_protein @@@@@@/projects/biomarkers/sumstats_diverse/white_british/plink_imputed/filtered/INT_Non_albumin_protein_all.glm.linear.filtered.maf001.info03.tsv
ID	SNP	TOTAL_MAF	CHROM	POS	REF	ALT1	ALT	A1	AX	A1_CT	ALLELE_CT	A1_FREQ	MACH_R2	TEST	OBS_CT	BETA	SE	T_STAT	P	FASTA_REF
Oestradiol @@@@@@/projects/biomarkers/sumstats_diverse/white_british/plink_imputed/filtered/INT_Oestradiol_all.glm.linear.filtered.maf001.info03.tsv
ID	SNP	TOTAL_MAF	CHROM	POS	REF	ALT1	ALT	A1	AX	A1_CT	ALLELE_CT	A1_FREQ	MACH_R2	TEST	OBS_CT	BETA	SE	T_STAT	P	FASTA_REF
Phosphate @@@@@@/projects/biomarkers/sumstats_diverse/white_british/plink_imputed/filtered/INT_Phosphate_all.glm.linear.filtered.maf001.info03.tsv
ID	SNP	TOTAL_MAF	CHROM	POS	REF	ALT1	ALT	A1	AX	A1_CT	ALLELE_CT	A1_FREQ	MACH_R2	TEST	OBS_CT	BETA	SE	T_STAT	P	FASTA_REF
Potassium_in_urine @@@@@@/projects/biomarkers/sumstats_diverse/white_british/plink_imputed/filtered/INT_Potassium_in_urine_all.glm.linear.filtered.maf001.info03.tsv
ID	SNP	TOTAL_MAF	CHROM	POS	REF	ALT1	ALT	A1	AX	A1_CT	ALLELE_CT	A1_FREQ	MACH_R2	TEST	OBS_CT	BETA	SE	T_STAT	P	FASTA_REF
Rheumatoid_factor @@@@@@/projects/biomarkers/sumstats_diverse/white_british/plink_imputed/filtered/INT_Rheumatoid_factor_all.glm.linear.filtered.maf001.info03.tsv
ID	SNP	TOTAL_MAF	CHROM	POS	REF	ALT1	ALT	A1	AX	A1_CT	ALLELE_CT	A1_FREQ	MACH_R2	TEST	OBS_CT	BETA	SE	T_STAT	P	FASTA_REF
SHBG @@@@@@/projects/biomarkers/sumstats_diverse/white_british/plink_imputed/filtered/INT_SHBG_all.glm.linear.filtered.maf001.info03.tsv
ID	SNP	TOTAL_MAF	CHROM	POS	REF	ALT1	ALT	A1	AX	A1_CT	ALLELE_CT	A1_FREQ	MACH_R2	TEST	OBS_CT	BETA	SE	T_STAT	P	FASTA_REF
Sodium_in_urine @@@@@@/projects/biomarkers/sumstats_diverse/white_british/plink_imputed/filtered/INT_Sodium_in_urine_all.glm.linear.filtered.maf001.info03.tsv
ID	SNP	TOTAL_MAF	CHROM	POS	REF	ALT1	ALT	A1	AX	A1_CT	ALLELE_CT	A1_FREQ	MACH_R2	TEST	OBS_CT	BETA	SE	T_STAT	P	FASTA_REF
Testosterone @@@@@@/projects/biomarkers/sumstats_diverse/white_british/plink_imputed/filtered/INT_Testosterone_all.glm.linear.filtered.maf001.info03.tsv
ID	SNP	TOTAL_MAF	CHROM	POS	REF	ALT1	ALT	A1	AX	A1_CT	ALLELE_CT	A1_FREQ	MACH_R2	TEST	OBS_CT	BETA	SE	T_STAT	P	FASTA_REF
Total_bilirubin @@@@@@/projects/biomarkers/sumstats_diverse/white_british/plink_imputed/filtered/INT_Total_bilirubin_all.glm.linear.filtered.maf001.info03.tsv
ID	SNP	TOTAL_MAF	CHROM	POS	REF	ALT1	ALT	A1	AX	A1_CT	ALLELE_CT	A1_FREQ	MACH_R2	TEST	OBS_CT	BETA	SE	T_STAT	P	FASTA_REF
Total_protein @@@@@@/projects/biomarkers/sumstats_diverse/white_british/plink_imputed/filtered/INT_Total_protein_all.glm.linear.filtered.maf001.info03.tsv
ID	SNP	TOTAL_MAF	CHROM	POS	REF	ALT1	ALT	A1	AX	A1_CT	ALLELE_CT	A1_FREQ	MACH_R2	TEST	OBS_CT	BETA	SE	T_STAT	P	FASTA_REF
Triglycerides @@@@@@/projects/biomarkers/sumstats_diverse/white_british/plink_imputed/filtered/INT_Triglycerides_all.glm.linear.filtered.maf001.info03.tsv
ID	SNP	TOTAL_MAF	CHROM	POS	REF	ALT1	ALT	A1	AX	A1_CT	ALLELE_CT	A1_FREQ	MACH_R2	TEST	OBS_CT	BETA	SE	T_STAT	P	FASTA_REF
Urate @@@@@@/projects/biomarkers/sumstats_diverse/white_british/plink_imputed/filtered/INT_Urate_all.glm.linear.filtered.maf001.info03.tsv
ID	SNP	TOTAL_MAF	CHROM	POS	REF	ALT1	ALT	A1	AX	A1_CT	ALLELE_CT	A1_FREQ	MACH_R2	TEST	OBS_CT	BETA	SE	T_STAT	P	FASTA_REF
Urea @@@@@@/projects/biomarkers/sumstats_diverse/white_british/plink_imputed/filtered/INT_Urea_all.glm.linear.filtered.maf001.info03.tsv
ID	SNP	TOTAL_MAF	CHROM	POS	REF	ALT1	ALT	A1	AX	A1_CT	ALLELE_CT	A1_FREQ	MACH_R2	TEST	OBS_CT	BETA	SE	T_STAT	P	FASTA_REF
Vitamin_D @@@@@@/projects/biomarkers/sumstats_diverse/white_british/plink_imputed/filtered/INT_Vitamin_D_all.glm.linear.filtered.maf001.info03.tsv.gz
ID	SNP	TOTAL_MAF	CHROM	POS	REF	ALT1	ALT	A1	AX	A1_CT	ALLELE_CT	A1_FREQ	MACH_R2	TEST	OBS_CT	BETA	SE	T_STAT	P	FASTA_REF
