weights_adj.HC132.tsv.gz
weights_adj.HC171.tsv.gz
weights_adj.HC188.tsv.gz
weights_adj.HC215.tsv.gz
weights_adj.HC225.tsv.gz
weights_adj.HC294.tsv.gz
weights_adj.HC299.tsv.gz
weights_adj.HC326.tsv.gz
weights_adj.HC328.tsv.gz
weights_adj.T2D_HbA1c_39.tsv.gz
weights_adj.T2D.tsv.gz
weights.HC132.tsv.gz
weights.HC171.tsv.gz
weights.HC188.tsv.gz
weights.HC215.tsv.gz
weights.HC225.tsv.gz
weights.HC294.tsv.gz
weights.HC299.tsv.gz
weights.HC326.tsv.gz
weights.HC328.tsv.gz
weights.T2D_HbA1c_39.tsv.gz
weights.T2D.tsv.gz
weights_familyhistory.HC326.tsv.gz