
The following have been reloaded with a version change:
  1) anaconda/sherlock2 => anaconda/Anaconda3-5.3.0-Linux-x86_64_20181113

@@@@@@/projects/biomarkers/snpnet/disease_outcome/HC171/results/results/output_iter_1.tsv
@@@@@@/projects/biomarkers/snpnet/disease_outcome/HC171/results/results/output_iter_1.covars.tsv
@@@@@@/projects/biomarkers/snpnet/disease_outcome/HC171/results/betas.tsv
@@@@@@/projects/biomarkers/snpnet/disease_outcome/HC171/results/betas.covars.tsv
PLINK v2.00a2LM AVX2 Intel (26 Aug 2019)       www.cog-genomics.org/plink/2.0/
(C) 2005-2019 Shaun Purcell, Christopher Chang   GNU General Public License v3
Logging to @@@@@@/projects/biomarkers/snpnet/disease_outcome/HC171/results/score/HC171.log.
Options in effect:
  --extract /dev/stdin
  --memory 60000
  --out @@@@@@/projects/biomarkers/snpnet/disease_outcome/HC171/results/score/HC171
  --pfile @@@@@@/ukbb24983/array_combined/pgen/ukb24983_cal_hla_cnv
  --score @@@@@@/projects/biomarkers/snpnet/disease_outcome/HC171/results/results/output_iter_1.tsv 1 2 3 header cols=maybefid,maybesid,phenos,nmissallele,dosagesum,scoreavgs,denom,scoresums
  --threads 6

Start time: Thu Nov  7 15:34:05 2019
385192 MiB RAM detected; reserving 60000 MiB for main workspace.
Using up to 6 compute threads.
488377 samples (264861 females, 223509 males, 7 ambiguous; 488377 founders)
loaded from
@@@@@@/ukbb24983/array_combined/pgen/ukb24983_cal_hla_cnv.psam.
1080968 variants loaded from
@@@@@@/ukbb24983/array_combined/pgen/ukb24983_cal_hla_cnv.pvar.
Note: No phenotype data present.
--extract: 0 variants remaining.
Error: No variants remaining after main filters.
End time: Thu Nov  7 15:34:05 2019

The following have been reloaded with a version change:
  1) anaconda/sherlock2 => anaconda/Anaconda3-5.3.0-Linux-x86_64_20181113

Loading required package: tidyverse
── Attaching packages ─────────────────────────────────────── tidyverse 1.2.1 ──
✔ ggplot2 3.1.0       ✔ purrr   0.3.1  
✔ tibble  2.0.1       ✔ dplyr   0.8.0.1
✔ tidyr   0.8.3       ✔ stringr 1.4.0  
✔ readr   1.3.1       ✔ forcats 0.4.0  
── Conflicts ────────────────────────────────────────── tidyverse_conflicts() ──
✖ dplyr::filter() masks stats::filter()
✖ dplyr::lag()    masks stats::lag()
Loading required package: data.table

Attaching package: ‘data.table’

The following objects are masked from ‘package:dplyr’:

    between, first, last

The following object is masked from ‘package:purrr’:

    transpose

[1] "The selected lambda idx: 41"
@@@@@@/projects/biomarkers/snpnet/disease_outcome/HC188/results/results/output_iter_86.tsv
@@@@@@/projects/biomarkers/snpnet/disease_outcome/HC188/results/results/output_iter_86.covars.tsv
@@@@@@/projects/biomarkers/snpnet/disease_outcome/HC188/results/betas.tsv
@@@@@@/projects/biomarkers/snpnet/disease_outcome/HC188/results/betas.covars.tsv

The following have been reloaded with a version change:
  1) anaconda/sherlock2 => anaconda/Anaconda3-5.3.0-Linux-x86_64_20181113

@@@@@@/projects/biomarkers/snpnet/disease_outcome/HC294/results/results/output_iter_1.tsv
@@@@@@/projects/biomarkers/snpnet/disease_outcome/HC294/results/results/output_iter_1.covars.tsv
@@@@@@/projects/biomarkers/snpnet/disease_outcome/HC294/results/betas.tsv
@@@@@@/projects/biomarkers/snpnet/disease_outcome/HC294/results/betas.covars.tsv

The following have been reloaded with a version change:
  1) anaconda/sherlock2 => anaconda/Anaconda3-5.3.0-Linux-x86_64_20181113

@@@@@@/projects/biomarkers/snpnet/disease_outcome/HC299/results/results/output_iter_1.tsv
@@@@@@/projects/biomarkers/snpnet/disease_outcome/HC299/results/results/output_iter_1.covars.tsv
@@@@@@/projects/biomarkers/snpnet/disease_outcome/HC299/results/betas.tsv
@@@@@@/projects/biomarkers/snpnet/disease_outcome/HC299/results/betas.covars.tsv

The following have been reloaded with a version change:
  1) anaconda/sherlock2 => anaconda/Anaconda3-5.3.0-Linux-x86_64_20181113

Loading required package: tidyverse
── Attaching packages ─────────────────────────────────────── tidyverse 1.2.1 ──
✔ ggplot2 3.1.0       ✔ purrr   0.3.1  
✔ tibble  2.0.1       ✔ dplyr   0.8.0.1
✔ tidyr   0.8.3       ✔ stringr 1.4.0  
✔ readr   1.3.1       ✔ forcats 0.4.0  
── Conflicts ────────────────────────────────────────── tidyverse_conflicts() ──
✖ dplyr::filter() masks stats::filter()
✖ dplyr::lag()    masks stats::lag()
Loading required package: data.table

Attaching package: ‘data.table’

The following objects are masked from ‘package:dplyr’:

    between, first, last

The following object is masked from ‘package:purrr’:

    transpose

[1] "The selected lambda idx: 36"
@@@@@@/projects/biomarkers/snpnet/disease_outcome/HC326/results/results/output_iter_100.tsv
@@@@@@/projects/biomarkers/snpnet/disease_outcome/HC326/results/results/output_iter_100.covars.tsv
@@@@@@/projects/biomarkers/snpnet/disease_outcome/HC326/results/betas.tsv
@@@@@@/projects/biomarkers/snpnet/disease_outcome/HC326/results/betas.covars.tsv

The following have been reloaded with a version change:
  1) anaconda/sherlock2 => anaconda/Anaconda3-5.3.0-Linux-x86_64_20181113

@@@@@@/projects/biomarkers/snpnet/disease_outcome/INI22402/results/results/output_iter_2.tsv
@@@@@@/projects/biomarkers/snpnet/disease_outcome/INI22402/results/results/output_iter_2.covars.tsv
@@@@@@/projects/biomarkers/snpnet/disease_outcome/INI22402/results/betas.tsv
@@@@@@/projects/biomarkers/snpnet/disease_outcome/INI22402/results/betas.covars.tsv

The following have been reloaded with a version change:
  1) anaconda/sherlock2 => anaconda/Anaconda3-5.3.0-Linux-x86_64_20181113

Loading required package: tidyverse
── Attaching packages ─────────────────────────────────────── tidyverse 1.2.1 ──
✔ ggplot2 3.1.0       ✔ purrr   0.3.1  
✔ tibble  2.0.1       ✔ dplyr   0.8.0.1
✔ tidyr   0.8.3       ✔ stringr 1.4.0  
✔ readr   1.3.1       ✔ forcats 0.4.0  
── Conflicts ────────────────────────────────────────── tidyverse_conflicts() ──
✖ dplyr::filter() masks stats::filter()
✖ dplyr::lag()    masks stats::lag()
Loading required package: data.table

Attaching package: ‘data.table’

The following objects are masked from ‘package:dplyr’:

    between, first, last

The following object is masked from ‘package:purrr’:

    transpose

[1] "The selected lambda idx: 9"
@@@@@@/projects/biomarkers/snpnet/disease_outcome/INI22402/results/results/output_iter_2.tsv
@@@@@@/projects/biomarkers/snpnet/disease_outcome/INI22402/results/results/output_iter_2.covars.tsv
@@@@@@/projects/biomarkers/snpnet/disease_outcome/INI22402/results/betas.tsv
@@@@@@/projects/biomarkers/snpnet/disease_outcome/INI22402/results/betas.covars.tsv
